[0.081s] Invoking command in '/home/harshit/erc-ros-assignment/build/dynamixel_sdk': CMAKE_PREFIX_PATH=${CMAKE_PREFIX_PATH}:/home/harshit/mrt_ws/install/week1_tutorials:/home/harshit/mrt_ws/install/week0_tutorials:/home/harshit/mrt_ws/install/sauron:/home/harshit/mrt_ws/install/odom_tf_publisher:/home/harshit/mrt_ws/install/mrs_hudson:/home/harshit/mrt_ws/install/assgn:/home/harshit/mrt_ws/install/aruco_detection:/home/harshit/urdf_rviz/install/urdf_testing:/home/harshit/urdf_rviz/install/robot_car:/opt/ros/humble /usr/bin/cmake /home/harshit/erc-ros-assignment/src/DynamixelSDK/ros/dynamixel_sdk -DAMENT_CMAKE_SYMLINK_INSTALL=1 -DCMAKE_INSTALL_PREFIX=/home/harshit/erc-ros-assignment/install/dynamixel_sdk
[0.115s] [0mCMake Deprecation Warning at CMakeLists.txt:4 (cmake_minimum_required):
[0.116s]   Compatibility with CMake < 3.10 will be removed from a future version of
[0.116s]   CMake.
[0.116s] 
[0.116s]   Update the VERSION argument <min> value.  Or, use the <min>...<max> syntax
[0.117s]   to tell CMake that the project requires at least <min> but has been updated
[0.117s]   to work with policies introduced by <max> or earlier.
[0.117s] 
[0.117s] [0m
[0.376s] -- The C compiler identification is GNU 11.4.0
[0.604s] -- The CXX compiler identification is GNU 11.4.0
[0.628s] -- Detecting C compiler ABI info
[0.800s] -- Detecting C compiler ABI info - done
[0.851s] -- Check for working C compiler: /usr/bin/cc - skipped
[0.859s] -- Detecting C compile features
[0.862s] -- Detecting C compile features - done
[0.905s] -- Detecting CXX compiler ABI info
[1.107s] -- Detecting CXX compiler ABI info - done
[1.165s] -- Check for working CXX compiler: /usr/bin/c++ - skipped
[1.166s] -- Detecting CXX compile features
[1.168s] -- Detecting CXX compile features - done
[1.234s] -- Found ament_cmake: 1.3.11 (/opt/ros/humble/share/ament_cmake/cmake)
[1.745s] -- Found Python3: /usr/bin/python3 (found version "3.10.12") found components: Interpreter
[1.964s] -- Override CMake install command with custom implementation using symlinks instead of copying resources
[2.836s] -- Configuring done (2.7s)
[2.926s] -- Generating done (0.1s)
[2.926s] -- Build files have been written to: /home/harshit/erc-ros-assignment/build/dynamixel_sdk
[2.945s] Invoked command in '/home/harshit/erc-ros-assignment/build/dynamixel_sdk' returned '0': CMAKE_PREFIX_PATH=${CMAKE_PREFIX_PATH}:/home/harshit/mrt_ws/install/week1_tutorials:/home/harshit/mrt_ws/install/week0_tutorials:/home/harshit/mrt_ws/install/sauron:/home/harshit/mrt_ws/install/odom_tf_publisher:/home/harshit/mrt_ws/install/mrs_hudson:/home/harshit/mrt_ws/install/assgn:/home/harshit/mrt_ws/install/aruco_detection:/home/harshit/urdf_rviz/install/urdf_testing:/home/harshit/urdf_rviz/install/robot_car:/opt/ros/humble /usr/bin/cmake /home/harshit/erc-ros-assignment/src/DynamixelSDK/ros/dynamixel_sdk -DAMENT_CMAKE_SYMLINK_INSTALL=1 -DCMAKE_INSTALL_PREFIX=/home/harshit/erc-ros-assignment/install/dynamixel_sdk
[2.947s] Invoking command in '/home/harshit/erc-ros-assignment/build/dynamixel_sdk': CMAKE_PREFIX_PATH=${CMAKE_PREFIX_PATH}:/home/harshit/mrt_ws/install/week1_tutorials:/home/harshit/mrt_ws/install/week0_tutorials:/home/harshit/mrt_ws/install/sauron:/home/harshit/mrt_ws/install/odom_tf_publisher:/home/harshit/mrt_ws/install/mrs_hudson:/home/harshit/mrt_ws/install/assgn:/home/harshit/mrt_ws/install/aruco_detection:/home/harshit/urdf_rviz/install/urdf_testing:/home/harshit/urdf_rviz/install/robot_car:/opt/ros/humble /usr/bin/cmake --build /home/harshit/erc-ros-assignment/build/dynamixel_sdk -- -j8 -l8
[3.090s] [  7%] [32mBuilding CXX object CMakeFiles/dynamixel_sdk.dir/src/dynamixel_sdk/protocol1_packet_handler.cpp.o[0m
[3.091s] [ 23%] [32mBuilding CXX object CMakeFiles/dynamixel_sdk.dir/src/dynamixel_sdk/protocol2_packet_handler.cpp.o[0m
[3.091s] [ 23%] [32mBuilding CXX object CMakeFiles/dynamixel_sdk.dir/src/dynamixel_sdk/group_sync_read.cpp.o[0m
[3.091s] [ 30%] [32mBuilding CXX object CMakeFiles/dynamixel_sdk.dir/src/dynamixel_sdk/packet_handler.cpp.o[0m
[3.123s] [ 46%] [32mBuilding CXX object CMakeFiles/dynamixel_sdk.dir/src/dynamixel_sdk/group_bulk_write.cpp.o[0m
[3.124s] [ 53%] [32mBuilding CXX object CMakeFiles/dynamixel_sdk.dir/src/dynamixel_sdk/group_bulk_read.cpp.o[0m
[3.124s] [ 46%] [32mBuilding CXX object CMakeFiles/dynamixel_sdk.dir/src/dynamixel_sdk/group_sync_write.cpp.o[0m
[3.124s] [ 53%] Built target ament_cmake_python_symlink_dynamixel_sdk
[3.154s] [ 61%] [32mBuilding CXX object CMakeFiles/dynamixel_sdk.dir/src/dynamixel_sdk/group_fast_bulk_read.cpp.o[0m
[3.750s] [ 69%] [32mBuilding CXX object CMakeFiles/dynamixel_sdk.dir/src/dynamixel_sdk/group_fast_sync_read.cpp.o[0m
[4.300s] [ 76%] [32mBuilding CXX object CMakeFiles/dynamixel_sdk.dir/src/dynamixel_sdk/group_handler.cpp.o[0m
[5.170s] [ 84%] [32mBuilding CXX object CMakeFiles/dynamixel_sdk.dir/src/dynamixel_sdk/port_handler.cpp.o[0m
[5.235s] [ 92%] [32mBuilding CXX object CMakeFiles/dynamixel_sdk.dir/src/dynamixel_sdk/port_handler_linux.cpp.o[0m
[5.291s] running egg_info
[5.291s] creating dynamixel_sdk.egg-info
[5.291s] writing dynamixel_sdk.egg-info/PKG-INFO
[5.291s] writing dependency_links to dynamixel_sdk.egg-info/dependency_links.txt
[5.292s] writing top-level names to dynamixel_sdk.egg-info/top_level.txt
[5.292s] writing manifest file 'dynamixel_sdk.egg-info/SOURCES.txt'
[5.305s] reading manifest file 'dynamixel_sdk.egg-info/SOURCES.txt'
[5.307s] writing manifest file 'dynamixel_sdk.egg-info/SOURCES.txt'
[5.378s] [ 92%] Built target ament_cmake_python_build_dynamixel_sdk_egg
[5.681s] [100%] [32m[1mLinking CXX shared library libdynamixel_sdk.so[0m
[5.841s] [100%] Built target dynamixel_sdk
[5.852s] Invoked command in '/home/harshit/erc-ros-assignment/build/dynamixel_sdk' returned '0': CMAKE_PREFIX_PATH=${CMAKE_PREFIX_PATH}:/home/harshit/mrt_ws/install/week1_tutorials:/home/harshit/mrt_ws/install/week0_tutorials:/home/harshit/mrt_ws/install/sauron:/home/harshit/mrt_ws/install/odom_tf_publisher:/home/harshit/mrt_ws/install/mrs_hudson:/home/harshit/mrt_ws/install/assgn:/home/harshit/mrt_ws/install/aruco_detection:/home/harshit/urdf_rviz/install/urdf_testing:/home/harshit/urdf_rviz/install/robot_car:/opt/ros/humble /usr/bin/cmake --build /home/harshit/erc-ros-assignment/build/dynamixel_sdk -- -j8 -l8
[5.856s] Invoking command in '/home/harshit/erc-ros-assignment/build/dynamixel_sdk': CMAKE_PREFIX_PATH=${CMAKE_PREFIX_PATH}:/home/harshit/mrt_ws/install/week1_tutorials:/home/harshit/mrt_ws/install/week0_tutorials:/home/harshit/mrt_ws/install/sauron:/home/harshit/mrt_ws/install/odom_tf_publisher:/home/harshit/mrt_ws/install/mrs_hudson:/home/harshit/mrt_ws/install/assgn:/home/harshit/mrt_ws/install/aruco_detection:/home/harshit/urdf_rviz/install/urdf_testing:/home/harshit/urdf_rviz/install/robot_car:/opt/ros/humble /usr/bin/cmake --install /home/harshit/erc-ros-assignment/build/dynamixel_sdk
[5.861s] -- Install configuration: ""
[5.862s] -- Execute custom install script
[5.864s] -- Symlinking: /home/harshit/erc-ros-assignment/install/dynamixel_sdk/include//dynamixel_sdk/dynamixel_sdk.h
[5.871s] -- Symlinking: /home/harshit/erc-ros-assignment/install/dynamixel_sdk/include//dynamixel_sdk/group_bulk_read.h
[5.879s] -- Symlinking: /home/harshit/erc-ros-assignment/install/dynamixel_sdk/include//dynamixel_sdk/group_bulk_write.h
[5.886s] -- Symlinking: /home/harshit/erc-ros-assignment/install/dynamixel_sdk/include//dynamixel_sdk/group_fast_bulk_read.h
[5.893s] -- Symlinking: /home/harshit/erc-ros-assignment/install/dynamixel_sdk/include//dynamixel_sdk/group_fast_sync_read.h
[5.900s] -- Symlinking: /home/harshit/erc-ros-assignment/install/dynamixel_sdk/include//dynamixel_sdk/group_handler.h
[5.906s] -- Symlinking: /home/harshit/erc-ros-assignment/install/dynamixel_sdk/include//dynamixel_sdk/group_sync_read.h
[5.913s] -- Symlinking: /home/harshit/erc-ros-assignment/install/dynamixel_sdk/include//dynamixel_sdk/group_sync_write.h
[5.921s] -- Symlinking: /home/harshit/erc-ros-assignment/install/dynamixel_sdk/include//dynamixel_sdk/packet_handler.h
[5.928s] -- Symlinking: /home/harshit/erc-ros-assignment/install/dynamixel_sdk/include//dynamixel_sdk/port_handler.h
[5.935s] -- Symlinking: /home/harshit/erc-ros-assignment/install/dynamixel_sdk/include//dynamixel_sdk/port_handler_arduino.h
[5.942s] -- Symlinking: /home/harshit/erc-ros-assignment/install/dynamixel_sdk/include//dynamixel_sdk/port_handler_linux.h
[5.949s] -- Symlinking: /home/harshit/erc-ros-assignment/install/dynamixel_sdk/include//dynamixel_sdk/port_handler_mac.h
[5.956s] -- Symlinking: /home/harshit/erc-ros-assignment/install/dynamixel_sdk/include//dynamixel_sdk/port_handler_windows.h
[5.962s] -- Symlinking: /home/harshit/erc-ros-assignment/install/dynamixel_sdk/include//dynamixel_sdk/protocol1_packet_handler.h
[5.970s] -- Symlinking: /home/harshit/erc-ros-assignment/install/dynamixel_sdk/include//dynamixel_sdk/protocol2_packet_handler.h
[5.977s] -- Symlinking: /home/harshit/erc-ros-assignment/install/dynamixel_sdk/lib/libdynamixel_sdk.so
[5.984s] -- Symlinking: /home/harshit/erc-ros-assignment/install/dynamixel_sdk/share/dynamixel_sdk/environment/pythonpath.sh
[5.991s] -- Symlinking: /home/harshit/erc-ros-assignment/install/dynamixel_sdk/share/dynamixel_sdk/environment/pythonpath.dsv
[5.999s] -- Symlinking: /home/harshit/erc-ros-assignment/install/dynamixel_sdk/local/lib/python3.10/dist-packages/dynamixel_sdk-3.8.3-py3.10.egg-info/PKG-INFO
[6.006s] -- Symlinking: /home/harshit/erc-ros-assignment/install/dynamixel_sdk/local/lib/python3.10/dist-packages/dynamixel_sdk-3.8.3-py3.10.egg-info/SOURCES.txt
[6.013s] -- Symlinking: /home/harshit/erc-ros-assignment/install/dynamixel_sdk/local/lib/python3.10/dist-packages/dynamixel_sdk-3.8.3-py3.10.egg-info/dependency_links.txt
[6.020s] -- Symlinking: /home/harshit/erc-ros-assignment/install/dynamixel_sdk/local/lib/python3.10/dist-packages/dynamixel_sdk-3.8.3-py3.10.egg-info/top_level.txt
[6.028s] -- Symlinking: /home/harshit/erc-ros-assignment/install/dynamixel_sdk/local/lib/python3.10/dist-packages/dynamixel_sdk/__init__.py
[6.036s] -- Symlinking: /home/harshit/erc-ros-assignment/install/dynamixel_sdk/local/lib/python3.10/dist-packages/dynamixel_sdk/group_bulk_read.cpp
[6.042s] -- Symlinking: /home/harshit/erc-ros-assignment/install/dynamixel_sdk/local/lib/python3.10/dist-packages/dynamixel_sdk/group_bulk_read.py
[6.049s] -- Symlinking: /home/harshit/erc-ros-assignment/install/dynamixel_sdk/local/lib/python3.10/dist-packages/dynamixel_sdk/group_bulk_write.cpp
[6.057s] -- Symlinking: /home/harshit/erc-ros-assignment/install/dynamixel_sdk/local/lib/python3.10/dist-packages/dynamixel_sdk/group_bulk_write.py
[6.064s] -- Symlinking: /home/harshit/erc-ros-assignment/install/dynamixel_sdk/local/lib/python3.10/dist-packages/dynamixel_sdk/group_fast_bulk_read.cpp
[6.071s] -- Symlinking: /home/harshit/erc-ros-assignment/install/dynamixel_sdk/local/lib/python3.10/dist-packages/dynamixel_sdk/group_fast_sync_read.cpp
[6.078s] -- Symlinking: /home/harshit/erc-ros-assignment/install/dynamixel_sdk/local/lib/python3.10/dist-packages/dynamixel_sdk/group_handler.cpp
[6.086s] -- Symlinking: /home/harshit/erc-ros-assignment/install/dynamixel_sdk/local/lib/python3.10/dist-packages/dynamixel_sdk/group_sync_read.cpp
[6.094s] -- Symlinking: /home/harshit/erc-ros-assignment/install/dynamixel_sdk/local/lib/python3.10/dist-packages/dynamixel_sdk/group_sync_read.py
[6.102s] -- Symlinking: /home/harshit/erc-ros-assignment/install/dynamixel_sdk/local/lib/python3.10/dist-packages/dynamixel_sdk/group_sync_write.cpp
[6.109s] -- Symlinking: /home/harshit/erc-ros-assignment/install/dynamixel_sdk/local/lib/python3.10/dist-packages/dynamixel_sdk/group_sync_write.py
[6.117s] -- Symlinking: /home/harshit/erc-ros-assignment/install/dynamixel_sdk/local/lib/python3.10/dist-packages/dynamixel_sdk/packet_handler.cpp
[6.124s] -- Symlinking: /home/harshit/erc-ros-assignment/install/dynamixel_sdk/local/lib/python3.10/dist-packages/dynamixel_sdk/packet_handler.py
[6.132s] -- Symlinking: /home/harshit/erc-ros-assignment/install/dynamixel_sdk/local/lib/python3.10/dist-packages/dynamixel_sdk/port_handler.cpp
[6.140s] -- Symlinking: /home/harshit/erc-ros-assignment/install/dynamixel_sdk/local/lib/python3.10/dist-packages/dynamixel_sdk/port_handler.py
[6.147s] -- Symlinking: /home/harshit/erc-ros-assignment/install/dynamixel_sdk/local/lib/python3.10/dist-packages/dynamixel_sdk/port_handler_arduino.cpp
[6.154s] -- Symlinking: /home/harshit/erc-ros-assignment/install/dynamixel_sdk/local/lib/python3.10/dist-packages/dynamixel_sdk/port_handler_linux.cpp
[6.161s] -- Symlinking: /home/harshit/erc-ros-assignment/install/dynamixel_sdk/local/lib/python3.10/dist-packages/dynamixel_sdk/port_handler_mac.cpp
[6.169s] -- Symlinking: /home/harshit/erc-ros-assignment/install/dynamixel_sdk/local/lib/python3.10/dist-packages/dynamixel_sdk/port_handler_windows.cpp
[6.176s] -- Symlinking: /home/harshit/erc-ros-assignment/install/dynamixel_sdk/local/lib/python3.10/dist-packages/dynamixel_sdk/protocol1_packet_handler.cpp
[6.184s] -- Symlinking: /home/harshit/erc-ros-assignment/install/dynamixel_sdk/local/lib/python3.10/dist-packages/dynamixel_sdk/protocol1_packet_handler.py
[6.191s] -- Symlinking: /home/harshit/erc-ros-assignment/install/dynamixel_sdk/local/lib/python3.10/dist-packages/dynamixel_sdk/protocol2_packet_handler.cpp
[6.198s] -- Symlinking: /home/harshit/erc-ros-assignment/install/dynamixel_sdk/local/lib/python3.10/dist-packages/dynamixel_sdk/protocol2_packet_handler.py
[6.205s] -- Symlinking: /home/harshit/erc-ros-assignment/install/dynamixel_sdk/local/lib/python3.10/dist-packages/dynamixel_sdk/robotis_def.py
[6.212s] -- Symlinking: /home/harshit/erc-ros-assignment/install/dynamixel_sdk/share/dynamixel_sdk/environment/library_path.sh
[6.220s] -- Symlinking: /home/harshit/erc-ros-assignment/install/dynamixel_sdk/share/dynamixel_sdk/environment/library_path.dsv
[6.228s] -- Symlinking: /home/harshit/erc-ros-assignment/install/dynamixel_sdk/share/ament_index/resource_index/package_run_dependencies/dynamixel_sdk
[6.235s] -- Symlinking: /home/harshit/erc-ros-assignment/install/dynamixel_sdk/share/ament_index/resource_index/parent_prefix_path/dynamixel_sdk
[6.242s] -- Symlinking: /home/harshit/erc-ros-assignment/install/dynamixel_sdk/share/dynamixel_sdk/environment/ament_prefix_path.sh
[6.249s] -- Symlinking: /home/harshit/erc-ros-assignment/install/dynamixel_sdk/share/dynamixel_sdk/environment/ament_prefix_path.dsv
[6.256s] -- Symlinking: /home/harshit/erc-ros-assignment/install/dynamixel_sdk/share/dynamixel_sdk/environment/path.sh
[6.263s] -- Symlinking: /home/harshit/erc-ros-assignment/install/dynamixel_sdk/share/dynamixel_sdk/environment/path.dsv
[6.270s] -- Symlinking: /home/harshit/erc-ros-assignment/install/dynamixel_sdk/share/dynamixel_sdk/local_setup.bash
[6.278s] -- Symlinking: /home/harshit/erc-ros-assignment/install/dynamixel_sdk/share/dynamixel_sdk/local_setup.sh
[6.285s] -- Symlinking: /home/harshit/erc-ros-assignment/install/dynamixel_sdk/share/dynamixel_sdk/local_setup.zsh
[6.293s] -- Symlinking: /home/harshit/erc-ros-assignment/install/dynamixel_sdk/share/dynamixel_sdk/local_setup.dsv
[6.303s] -- Symlinking: /home/harshit/erc-ros-assignment/install/dynamixel_sdk/share/dynamixel_sdk/package.dsv
[6.311s] -- Symlinking: /home/harshit/erc-ros-assignment/install/dynamixel_sdk/share/ament_index/resource_index/packages/dynamixel_sdk
[6.319s] -- Symlinking: /home/harshit/erc-ros-assignment/install/dynamixel_sdk/share/dynamixel_sdk/cmake/ament_cmake_export_include_directories-extras.cmake
[6.327s] -- Symlinking: /home/harshit/erc-ros-assignment/install/dynamixel_sdk/share/dynamixel_sdk/cmake/ament_cmake_export_libraries-extras.cmake
[6.335s] -- Symlinking: /home/harshit/erc-ros-assignment/install/dynamixel_sdk/share/dynamixel_sdk/cmake/dynamixel_sdkConfig.cmake
[6.346s] -- Symlinking: /home/harshit/erc-ros-assignment/install/dynamixel_sdk/share/dynamixel_sdk/cmake/dynamixel_sdkConfig-version.cmake
[6.354s] -- Symlinking: /home/harshit/erc-ros-assignment/install/dynamixel_sdk/share/dynamixel_sdk/package.xml
[6.474s] Listing '/home/harshit/erc-ros-assignment/install/dynamixel_sdk/local/lib/python3.10/dist-packages/dynamixel_sdk'...
[6.474s] Compiling '/home/harshit/erc-ros-assignment/install/dynamixel_sdk/local/lib/python3.10/dist-packages/dynamixel_sdk/__init__.py'...
[6.475s] Compiling '/home/harshit/erc-ros-assignment/install/dynamixel_sdk/local/lib/python3.10/dist-packages/dynamixel_sdk/group_bulk_read.py'...
[6.475s] Compiling '/home/harshit/erc-ros-assignment/install/dynamixel_sdk/local/lib/python3.10/dist-packages/dynamixel_sdk/group_bulk_write.py'...
[6.475s] Compiling '/home/harshit/erc-ros-assignment/install/dynamixel_sdk/local/lib/python3.10/dist-packages/dynamixel_sdk/group_sync_read.py'...
[6.475s] Compiling '/home/harshit/erc-ros-assignment/install/dynamixel_sdk/local/lib/python3.10/dist-packages/dynamixel_sdk/group_sync_write.py'...
[6.475s] Compiling '/home/harshit/erc-ros-assignment/install/dynamixel_sdk/local/lib/python3.10/dist-packages/dynamixel_sdk/packet_handler.py'...
[6.475s] Compiling '/home/harshit/erc-ros-assignment/install/dynamixel_sdk/local/lib/python3.10/dist-packages/dynamixel_sdk/port_handler.py'...
[6.475s] Compiling '/home/harshit/erc-ros-assignment/install/dynamixel_sdk/local/lib/python3.10/dist-packages/dynamixel_sdk/protocol1_packet_handler.py'...
[6.475s] Compiling '/home/harshit/erc-ros-assignment/install/dynamixel_sdk/local/lib/python3.10/dist-packages/dynamixel_sdk/protocol2_packet_handler.py'...
[6.476s] Compiling '/home/harshit/erc-ros-assignment/install/dynamixel_sdk/local/lib/python3.10/dist-packages/dynamixel_sdk/robotis_def.py'...
[6.489s] Invoked command in '/home/harshit/erc-ros-assignment/build/dynamixel_sdk' returned '0': CMAKE_PREFIX_PATH=${CMAKE_PREFIX_PATH}:/home/harshit/mrt_ws/install/week1_tutorials:/home/harshit/mrt_ws/install/week0_tutorials:/home/harshit/mrt_ws/install/sauron:/home/harshit/mrt_ws/install/odom_tf_publisher:/home/harshit/mrt_ws/install/mrs_hudson:/home/harshit/mrt_ws/install/assgn:/home/harshit/mrt_ws/install/aruco_detection:/home/harshit/urdf_rviz/install/urdf_testing:/home/harshit/urdf_rviz/install/robot_car:/opt/ros/humble /usr/bin/cmake --install /home/harshit/erc-ros-assignment/build/dynamixel_sdk
