[0.101s] Invoking command in '/home/harshit/erc-ros-assignment/build/turtlebot3_cartographer': CMAKE_PREFIX_PATH=${CMAKE_PREFIX_PATH}:/home/harshit/erc-ros-assignment/install/turtlebot3_teleop:/home/harshit/erc-ros-assignment/install/turtlebot3_example:/home/harshit/mrt_ws/install/week1_tutorials:/home/harshit/mrt_ws/install/week0_tutorials:/home/harshit/mrt_ws/install/sauron:/home/harshit/mrt_ws/install/odom_tf_publisher:/home/harshit/mrt_ws/install/mrs_hudson:/home/harshit/mrt_ws/install/assgn:/home/harshit/mrt_ws/install/aruco_detection:/home/harshit/urdf_rviz/install/urdf_testing:/home/harshit/urdf_rviz/install/robot_car:/opt/ros/humble /usr/bin/cmake --build /home/harshit/erc-ros-assignment/build/turtlebot3_cartographer -- -j8 -l8
[1.206s] Invoked command in '/home/harshit/erc-ros-assignment/build/turtlebot3_cartographer' returned '0': CMAKE_PREFIX_PATH=${CMAKE_PREFIX_PATH}:/home/harshit/erc-ros-assignment/install/turtlebot3_teleop:/home/harshit/erc-ros-assignment/install/turtlebot3_example:/home/harshit/mrt_ws/install/week1_tutorials:/home/harshit/mrt_ws/install/week0_tutorials:/home/harshit/mrt_ws/install/sauron:/home/harshit/mrt_ws/install/odom_tf_publisher:/home/harshit/mrt_ws/install/mrs_hudson:/home/harshit/mrt_ws/install/assgn:/home/harshit/mrt_ws/install/aruco_detection:/home/harshit/urdf_rviz/install/urdf_testing:/home/harshit/urdf_rviz/install/robot_car:/opt/ros/humble /usr/bin/cmake --build /home/harshit/erc-ros-assignment/build/turtlebot3_cartographer -- -j8 -l8
[1.211s] Invoking command in '/home/harshit/erc-ros-assignment/build/turtlebot3_cartographer': CMAKE_PREFIX_PATH=${CMAKE_PREFIX_PATH}:/home/harshit/erc-ros-assignment/install/turtlebot3_teleop:/home/harshit/erc-ros-assignment/install/turtlebot3_example:/home/harshit/mrt_ws/install/week1_tutorials:/home/harshit/mrt_ws/install/week0_tutorials:/home/harshit/mrt_ws/install/sauron:/home/harshit/mrt_ws/install/odom_tf_publisher:/home/harshit/mrt_ws/install/mrs_hudson:/home/harshit/mrt_ws/install/assgn:/home/harshit/mrt_ws/install/aruco_detection:/home/harshit/urdf_rviz/install/urdf_testing:/home/harshit/urdf_rviz/install/robot_car:/opt/ros/humble /usr/bin/cmake --install /home/harshit/erc-ros-assignment/build/turtlebot3_cartographer
[1.250s] -- Install configuration: ""
[1.251s] -- Execute custom install script
[1.251s] -- Up-to-date symlink: /home/harshit/erc-ros-assignment/install/turtlebot3_cartographer/share/turtlebot3_cartographer/config/turtlebot3_lds_2d.lua
[1.252s] -- Up-to-date symlink: /home/harshit/erc-ros-assignment/install/turtlebot3_cartographer/share/turtlebot3_cartographer/launch/cartographer.launch.py
[1.252s] -- Up-to-date symlink: /home/harshit/erc-ros-assignment/install/turtlebot3_cartographer/share/turtlebot3_cartographer/launch/occupancy_grid.launch.py
[1.252s] -- Up-to-date symlink: /home/harshit/erc-ros-assignment/install/turtlebot3_cartographer/share/turtlebot3_cartographer/rviz/tb3_cartographer.rviz
[1.253s] -- Up-to-date symlink: /home/harshit/erc-ros-assignment/install/turtlebot3_cartographer/share/ament_index/resource_index/package_run_dependencies/turtlebot3_cartographer
[1.257s] -- Up-to-date symlink: /home/harshit/erc-ros-assignment/install/turtlebot3_cartographer/share/ament_index/resource_index/parent_prefix_path/turtlebot3_cartographer
[1.258s] -- Up-to-date symlink: /home/harshit/erc-ros-assignment/install/turtlebot3_cartographer/share/turtlebot3_cartographer/environment/ament_prefix_path.sh
[1.259s] -- Up-to-date symlink: /home/harshit/erc-ros-assignment/install/turtlebot3_cartographer/share/turtlebot3_cartographer/environment/ament_prefix_path.dsv
[1.259s] -- Up-to-date symlink: /home/harshit/erc-ros-assignment/install/turtlebot3_cartographer/share/turtlebot3_cartographer/environment/path.sh
[1.259s] -- Up-to-date symlink: /home/harshit/erc-ros-assignment/install/turtlebot3_cartographer/share/turtlebot3_cartographer/environment/path.dsv
[1.259s] -- Up-to-date symlink: /home/harshit/erc-ros-assignment/install/turtlebot3_cartographer/share/turtlebot3_cartographer/local_setup.bash
[1.260s] -- Up-to-date symlink: /home/harshit/erc-ros-assignment/install/turtlebot3_cartographer/share/turtlebot3_cartographer/local_setup.sh
[1.261s] -- Up-to-date symlink: /home/harshit/erc-ros-assignment/install/turtlebot3_cartographer/share/turtlebot3_cartographer/local_setup.zsh
[1.261s] -- Up-to-date symlink: /home/harshit/erc-ros-assignment/install/turtlebot3_cartographer/share/turtlebot3_cartographer/local_setup.dsv
[1.262s] -- Symlinking: /home/harshit/erc-ros-assignment/install/turtlebot3_cartographer/share/turtlebot3_cartographer/package.dsv
[1.272s] -- Up-to-date symlink: /home/harshit/erc-ros-assignment/install/turtlebot3_cartographer/share/ament_index/resource_index/packages/turtlebot3_cartographer
[1.272s] -- Up-to-date symlink: /home/harshit/erc-ros-assignment/install/turtlebot3_cartographer/share/turtlebot3_cartographer/cmake/turtlebot3_cartographerConfig.cmake
[1.273s] -- Up-to-date symlink: /home/harshit/erc-ros-assignment/install/turtlebot3_cartographer/share/turtlebot3_cartographer/cmake/turtlebot3_cartographerConfig-version.cmake
[1.275s] -- Up-to-date symlink: /home/harshit/erc-ros-assignment/install/turtlebot3_cartographer/share/turtlebot3_cartographer/package.xml
[1.344s] Invoked command in '/home/harshit/erc-ros-assignment/build/turtlebot3_cartographer' returned '0': CMAKE_PREFIX_PATH=${CMAKE_PREFIX_PATH}:/home/harshit/erc-ros-assignment/install/turtlebot3_teleop:/home/harshit/erc-ros-assignment/install/turtlebot3_example:/home/harshit/mrt_ws/install/week1_tutorials:/home/harshit/mrt_ws/install/week0_tutorials:/home/harshit/mrt_ws/install/sauron:/home/harshit/mrt_ws/install/odom_tf_publisher:/home/harshit/mrt_ws/install/mrs_hudson:/home/harshit/mrt_ws/install/assgn:/home/harshit/mrt_ws/install/aruco_detection:/home/harshit/urdf_rviz/install/urdf_testing:/home/harshit/urdf_rviz/install/robot_car:/opt/ros/humble /usr/bin/cmake --install /home/harshit/erc-ros-assignment/build/turtlebot3_cartographer
