[0.103s] Invoking command in '/home/harshit/erc-ros-assignment/build/dynamixel_sdk_custom_interfaces': CMAKE_PREFIX_PATH=${CMAKE_PREFIX_PATH}:/home/harshit/erc-ros-assignment/install/turtlebot3_teleop:/home/harshit/erc-ros-assignment/install/turtlebot3_example:/home/harshit/mrt_ws/install/week1_tutorials:/home/harshit/mrt_ws/install/week0_tutorials:/home/harshit/mrt_ws/install/sauron:/home/harshit/mrt_ws/install/odom_tf_publisher:/home/harshit/mrt_ws/install/mrs_hudson:/home/harshit/mrt_ws/install/assgn:/home/harshit/mrt_ws/install/aruco_detection:/home/harshit/urdf_rviz/install/urdf_testing:/home/harshit/urdf_rviz/install/robot_car:/opt/ros/humble /usr/bin/cmake --build /home/harshit/erc-ros-assignment/build/dynamixel_sdk_custom_interfaces -- -j8 -l8
[0.207s] [  2%] Built target dynamixel_sdk_custom_interfaces__cpp
[0.225s] [  2%] Built target ament_cmake_python_symlink_dynamixel_sdk_custom_interfaces
[0.241s] [ 12%] Built target dynamixel_sdk_custom_interfaces__rosidl_generator_c
[0.311s] [ 23%] Built target dynamixel_sdk_custom_interfaces__rosidl_typesupport_cpp
[0.312s] [ 33%] Built target dynamixel_sdk_custom_interfaces__rosidl_typesupport_introspection_cpp
[0.368s] [ 43%] Built target dynamixel_sdk_custom_interfaces__rosidl_typesupport_fastrtps_cpp
[0.377s] [ 56%] Built target dynamixel_sdk_custom_interfaces__rosidl_typesupport_introspection_c
[0.377s] [ 64%] Built target dynamixel_sdk_custom_interfaces__rosidl_typesupport_c
[0.389s] [ 74%] Built target dynamixel_sdk_custom_interfaces__rosidl_typesupport_fastrtps_c
[0.445s] [ 74%] Built target dynamixel_sdk_custom_interfaces
[0.486s] [ 76%] Built target dynamixel_sdk_custom_interfaces__py
[0.544s] [ 84%] Built target dynamixel_sdk_custom_interfaces__rosidl_generator_py
[0.605s] [ 89%] Built target dynamixel_sdk_custom_interfaces__rosidl_typesupport_fastrtps_c__pyext
[0.606s] [ 94%] Built target dynamixel_sdk_custom_interfaces__rosidl_typesupport_c__pyext
[0.611s] [100%] Built target dynamixel_sdk_custom_interfaces__rosidl_typesupport_introspection_c__pyext
[1.132s] running egg_info
[1.134s] writing dynamixel_sdk_custom_interfaces.egg-info/PKG-INFO
[1.134s] writing dependency_links to dynamixel_sdk_custom_interfaces.egg-info/dependency_links.txt
[1.135s] writing top-level names to dynamixel_sdk_custom_interfaces.egg-info/top_level.txt
[1.140s] reading manifest file 'dynamixel_sdk_custom_interfaces.egg-info/SOURCES.txt'
[1.141s] writing manifest file 'dynamixel_sdk_custom_interfaces.egg-info/SOURCES.txt'
[1.194s] [100%] Built target ament_cmake_python_build_dynamixel_sdk_custom_interfaces_egg
[1.284s] Invoked command in '/home/harshit/erc-ros-assignment/build/dynamixel_sdk_custom_interfaces' returned '0': CMAKE_PREFIX_PATH=${CMAKE_PREFIX_PATH}:/home/harshit/erc-ros-assignment/install/turtlebot3_teleop:/home/harshit/erc-ros-assignment/install/turtlebot3_example:/home/harshit/mrt_ws/install/week1_tutorials:/home/harshit/mrt_ws/install/week0_tutorials:/home/harshit/mrt_ws/install/sauron:/home/harshit/mrt_ws/install/odom_tf_publisher:/home/harshit/mrt_ws/install/mrs_hudson:/home/harshit/mrt_ws/install/assgn:/home/harshit/mrt_ws/install/aruco_detection:/home/harshit/urdf_rviz/install/urdf_testing:/home/harshit/urdf_rviz/install/robot_car:/opt/ros/humble /usr/bin/cmake --build /home/harshit/erc-ros-assignment/build/dynamixel_sdk_custom_interfaces -- -j8 -l8
[1.292s] Invoking command in '/home/harshit/erc-ros-assignment/build/dynamixel_sdk_custom_interfaces': CMAKE_PREFIX_PATH=${CMAKE_PREFIX_PATH}:/home/harshit/erc-ros-assignment/install/turtlebot3_teleop:/home/harshit/erc-ros-assignment/install/turtlebot3_example:/home/harshit/mrt_ws/install/week1_tutorials:/home/harshit/mrt_ws/install/week0_tutorials:/home/harshit/mrt_ws/install/sauron:/home/harshit/mrt_ws/install/odom_tf_publisher:/home/harshit/mrt_ws/install/mrs_hudson:/home/harshit/mrt_ws/install/assgn:/home/harshit/mrt_ws/install/aruco_detection:/home/harshit/urdf_rviz/install/urdf_testing:/home/harshit/urdf_rviz/install/robot_car:/opt/ros/humble /usr/bin/cmake --install /home/harshit/erc-ros-assignment/build/dynamixel_sdk_custom_interfaces
[1.296s] -- Install configuration: ""
[1.297s] -- Execute custom install script
[1.297s] -- Up-to-date symlink: /home/harshit/erc-ros-assignment/install/dynamixel_sdk_custom_interfaces/share/ament_index/resource_index/rosidl_interfaces/dynamixel_sdk_custom_interfaces
[1.297s] -- Up-to-date symlink: /home/harshit/erc-ros-assignment/install/dynamixel_sdk_custom_interfaces/include/dynamixel_sdk_custom_interfaces/dynamixel_sdk_custom_interfaces/msg/detail/set_position__functions.h
[1.297s] -- Up-to-date symlink: /home/harshit/erc-ros-assignment/install/dynamixel_sdk_custom_interfaces/include/dynamixel_sdk_custom_interfaces/dynamixel_sdk_custom_interfaces/msg/detail/set_position__struct.h
[1.297s] -- Up-to-date symlink: /home/harshit/erc-ros-assignment/install/dynamixel_sdk_custom_interfaces/include/dynamixel_sdk_custom_interfaces/dynamixel_sdk_custom_interfaces/msg/detail/set_position__type_support.h
[1.298s] -- Up-to-date symlink: /home/harshit/erc-ros-assignment/install/dynamixel_sdk_custom_interfaces/include/dynamixel_sdk_custom_interfaces/dynamixel_sdk_custom_interfaces/msg/rosidl_generator_c__visibility_control.h
[1.298s] -- Up-to-date symlink: /home/harshit/erc-ros-assignment/install/dynamixel_sdk_custom_interfaces/include/dynamixel_sdk_custom_interfaces/dynamixel_sdk_custom_interfaces/msg/set_position.h
[1.298s] -- Up-to-date symlink: /home/harshit/erc-ros-assignment/install/dynamixel_sdk_custom_interfaces/include/dynamixel_sdk_custom_interfaces/dynamixel_sdk_custom_interfaces/srv/detail/get_position__functions.h
[1.299s] -- Up-to-date symlink: /home/harshit/erc-ros-assignment/install/dynamixel_sdk_custom_interfaces/include/dynamixel_sdk_custom_interfaces/dynamixel_sdk_custom_interfaces/srv/detail/get_position__struct.h
[1.299s] -- Up-to-date symlink: /home/harshit/erc-ros-assignment/install/dynamixel_sdk_custom_interfaces/include/dynamixel_sdk_custom_interfaces/dynamixel_sdk_custom_interfaces/srv/detail/get_position__type_support.h
[1.299s] -- Up-to-date symlink: /home/harshit/erc-ros-assignment/install/dynamixel_sdk_custom_interfaces/include/dynamixel_sdk_custom_interfaces/dynamixel_sdk_custom_interfaces/srv/get_position.h
[1.299s] -- Up-to-date symlink: /home/harshit/erc-ros-assignment/install/dynamixel_sdk_custom_interfaces/share/dynamixel_sdk_custom_interfaces/environment/library_path.sh
[1.299s] -- Up-to-date symlink: /home/harshit/erc-ros-assignment/install/dynamixel_sdk_custom_interfaces/share/dynamixel_sdk_custom_interfaces/environment/library_path.dsv
[1.299s] -- Up-to-date symlink: /home/harshit/erc-ros-assignment/install/dynamixel_sdk_custom_interfaces/include/dynamixel_sdk_custom_interfaces/dynamixel_sdk_custom_interfaces/msg/detail/set_position__rosidl_typesupport_fastrtps_c.h
[1.299s] -- Up-to-date symlink: /home/harshit/erc-ros-assignment/install/dynamixel_sdk_custom_interfaces/include/dynamixel_sdk_custom_interfaces/dynamixel_sdk_custom_interfaces/msg/rosidl_typesupport_fastrtps_c__visibility_control.h
[1.299s] -- Up-to-date symlink: /home/harshit/erc-ros-assignment/install/dynamixel_sdk_custom_interfaces/include/dynamixel_sdk_custom_interfaces/dynamixel_sdk_custom_interfaces/srv/detail/get_position__rosidl_typesupport_fastrtps_c.h
[1.300s] -- Up-to-date symlink: /home/harshit/erc-ros-assignment/install/dynamixel_sdk_custom_interfaces/include/dynamixel_sdk_custom_interfaces/dynamixel_sdk_custom_interfaces/msg/detail/set_position__builder.hpp
[1.300s] -- Up-to-date symlink: /home/harshit/erc-ros-assignment/install/dynamixel_sdk_custom_interfaces/include/dynamixel_sdk_custom_interfaces/dynamixel_sdk_custom_interfaces/msg/detail/set_position__struct.hpp
[1.300s] -- Up-to-date symlink: /home/harshit/erc-ros-assignment/install/dynamixel_sdk_custom_interfaces/include/dynamixel_sdk_custom_interfaces/dynamixel_sdk_custom_interfaces/msg/detail/set_position__traits.hpp
[1.300s] -- Up-to-date symlink: /home/harshit/erc-ros-assignment/install/dynamixel_sdk_custom_interfaces/include/dynamixel_sdk_custom_interfaces/dynamixel_sdk_custom_interfaces/msg/detail/set_position__type_support.hpp
[1.300s] -- Up-to-date symlink: /home/harshit/erc-ros-assignment/install/dynamixel_sdk_custom_interfaces/include/dynamixel_sdk_custom_interfaces/dynamixel_sdk_custom_interfaces/msg/rosidl_generator_cpp__visibility_control.hpp
[1.300s] -- Up-to-date symlink: /home/harshit/erc-ros-assignment/install/dynamixel_sdk_custom_interfaces/include/dynamixel_sdk_custom_interfaces/dynamixel_sdk_custom_interfaces/msg/set_position.hpp
[1.300s] -- Up-to-date symlink: /home/harshit/erc-ros-assignment/install/dynamixel_sdk_custom_interfaces/include/dynamixel_sdk_custom_interfaces/dynamixel_sdk_custom_interfaces/srv/detail/get_position__builder.hpp
[1.301s] -- Up-to-date symlink: /home/harshit/erc-ros-assignment/install/dynamixel_sdk_custom_interfaces/include/dynamixel_sdk_custom_interfaces/dynamixel_sdk_custom_interfaces/srv/detail/get_position__struct.hpp
[1.301s] -- Up-to-date symlink: /home/harshit/erc-ros-assignment/install/dynamixel_sdk_custom_interfaces/include/dynamixel_sdk_custom_interfaces/dynamixel_sdk_custom_interfaces/srv/detail/get_position__traits.hpp
[1.302s] -- Up-to-date symlink: /home/harshit/erc-ros-assignment/install/dynamixel_sdk_custom_interfaces/include/dynamixel_sdk_custom_interfaces/dynamixel_sdk_custom_interfaces/srv/detail/get_position__type_support.hpp
[1.302s] -- Up-to-date symlink: /home/harshit/erc-ros-assignment/install/dynamixel_sdk_custom_interfaces/include/dynamixel_sdk_custom_interfaces/dynamixel_sdk_custom_interfaces/srv/get_position.hpp
[1.302s] -- Up-to-date symlink: /home/harshit/erc-ros-assignment/install/dynamixel_sdk_custom_interfaces/include/dynamixel_sdk_custom_interfaces/dynamixel_sdk_custom_interfaces/msg/detail/set_position__rosidl_typesupport_fastrtps_cpp.hpp
[1.302s] -- Up-to-date symlink: /home/harshit/erc-ros-assignment/install/dynamixel_sdk_custom_interfaces/include/dynamixel_sdk_custom_interfaces/dynamixel_sdk_custom_interfaces/msg/rosidl_typesupport_fastrtps_cpp__visibility_control.h
[1.303s] -- Up-to-date symlink: /home/harshit/erc-ros-assignment/install/dynamixel_sdk_custom_interfaces/include/dynamixel_sdk_custom_interfaces/dynamixel_sdk_custom_interfaces/srv/detail/get_position__rosidl_typesupport_fastrtps_cpp.hpp
[1.303s] -- Up-to-date symlink: /home/harshit/erc-ros-assignment/install/dynamixel_sdk_custom_interfaces/include/dynamixel_sdk_custom_interfaces/dynamixel_sdk_custom_interfaces/msg/detail/set_position__rosidl_typesupport_introspection_c.h
[1.303s] -- Up-to-date symlink: /home/harshit/erc-ros-assignment/install/dynamixel_sdk_custom_interfaces/include/dynamixel_sdk_custom_interfaces/dynamixel_sdk_custom_interfaces/msg/rosidl_typesupport_introspection_c__visibility_control.h
[1.303s] -- Up-to-date symlink: /home/harshit/erc-ros-assignment/install/dynamixel_sdk_custom_interfaces/include/dynamixel_sdk_custom_interfaces/dynamixel_sdk_custom_interfaces/srv/detail/get_position__rosidl_typesupport_introspection_c.h
[1.304s] -- Up-to-date symlink: /home/harshit/erc-ros-assignment/install/dynamixel_sdk_custom_interfaces/include/dynamixel_sdk_custom_interfaces/dynamixel_sdk_custom_interfaces/msg/detail/set_position__rosidl_typesupport_introspection_cpp.hpp
[1.304s] -- Up-to-date symlink: /home/harshit/erc-ros-assignment/install/dynamixel_sdk_custom_interfaces/include/dynamixel_sdk_custom_interfaces/dynamixel_sdk_custom_interfaces/srv/detail/get_position__rosidl_typesupport_introspection_cpp.hpp
[1.304s] -- Up-to-date symlink: /home/harshit/erc-ros-assignment/install/dynamixel_sdk_custom_interfaces/share/dynamixel_sdk_custom_interfaces/environment/pythonpath.sh
[1.304s] -- Up-to-date symlink: /home/harshit/erc-ros-assignment/install/dynamixel_sdk_custom_interfaces/share/dynamixel_sdk_custom_interfaces/environment/pythonpath.dsv
[1.304s] -- Up-to-date symlink: /home/harshit/erc-ros-assignment/install/dynamixel_sdk_custom_interfaces/local/lib/python3.10/dist-packages/dynamixel_sdk_custom_interfaces-3.8.3-py3.10.egg-info/PKG-INFO
[1.305s] -- Up-to-date symlink: /home/harshit/erc-ros-assignment/install/dynamixel_sdk_custom_interfaces/local/lib/python3.10/dist-packages/dynamixel_sdk_custom_interfaces-3.8.3-py3.10.egg-info/SOURCES.txt
[1.305s] -- Up-to-date symlink: /home/harshit/erc-ros-assignment/install/dynamixel_sdk_custom_interfaces/local/lib/python3.10/dist-packages/dynamixel_sdk_custom_interfaces-3.8.3-py3.10.egg-info/dependency_links.txt
[1.305s] -- Up-to-date symlink: /home/harshit/erc-ros-assignment/install/dynamixel_sdk_custom_interfaces/local/lib/python3.10/dist-packages/dynamixel_sdk_custom_interfaces-3.8.3-py3.10.egg-info/top_level.txt
[1.305s] -- Up-to-date symlink: /home/harshit/erc-ros-assignment/install/dynamixel_sdk_custom_interfaces/local/lib/python3.10/dist-packages/dynamixel_sdk_custom_interfaces/__init__.py
[1.305s] -- Up-to-date symlink: /home/harshit/erc-ros-assignment/install/dynamixel_sdk_custom_interfaces/local/lib/python3.10/dist-packages/dynamixel_sdk_custom_interfaces/_dynamixel_sdk_custom_interfaces_s.ep.rosidl_typesupport_c.c
[1.306s] -- Up-to-date symlink: /home/harshit/erc-ros-assignment/install/dynamixel_sdk_custom_interfaces/local/lib/python3.10/dist-packages/dynamixel_sdk_custom_interfaces/_dynamixel_sdk_custom_interfaces_s.ep.rosidl_typesupport_fastrtps_c.c
[1.306s] -- Up-to-date symlink: /home/harshit/erc-ros-assignment/install/dynamixel_sdk_custom_interfaces/local/lib/python3.10/dist-packages/dynamixel_sdk_custom_interfaces/_dynamixel_sdk_custom_interfaces_s.ep.rosidl_typesupport_introspection_c.c
[1.307s] -- Up-to-date symlink: /home/harshit/erc-ros-assignment/install/dynamixel_sdk_custom_interfaces/local/lib/python3.10/dist-packages/dynamixel_sdk_custom_interfaces/dynamixel_sdk_custom_interfaces_s__rosidl_typesupport_c.cpython-310-x86_64-linux-gnu.so
[1.308s] -- Up-to-date symlink: /home/harshit/erc-ros-assignment/install/dynamixel_sdk_custom_interfaces/local/lib/python3.10/dist-packages/dynamixel_sdk_custom_interfaces/dynamixel_sdk_custom_interfaces_s__rosidl_typesupport_fastrtps_c.cpython-310-x86_64-linux-gnu.so
[1.309s] -- Up-to-date symlink: /home/harshit/erc-ros-assignment/install/dynamixel_sdk_custom_interfaces/local/lib/python3.10/dist-packages/dynamixel_sdk_custom_interfaces/dynamixel_sdk_custom_interfaces_s__rosidl_typesupport_introspection_c.cpython-310-x86_64-linux-gnu.so
[1.309s] -- Up-to-date symlink: /home/harshit/erc-ros-assignment/install/dynamixel_sdk_custom_interfaces/local/lib/python3.10/dist-packages/dynamixel_sdk_custom_interfaces/libdynamixel_sdk_custom_interfaces__rosidl_generator_py.so
[1.310s] -- Up-to-date symlink: /home/harshit/erc-ros-assignment/install/dynamixel_sdk_custom_interfaces/local/lib/python3.10/dist-packages/dynamixel_sdk_custom_interfaces/msg/__init__.py
[1.310s] -- Up-to-date symlink: /home/harshit/erc-ros-assignment/install/dynamixel_sdk_custom_interfaces/local/lib/python3.10/dist-packages/dynamixel_sdk_custom_interfaces/msg/_set_position.py
[1.310s] -- Up-to-date symlink: /home/harshit/erc-ros-assignment/install/dynamixel_sdk_custom_interfaces/local/lib/python3.10/dist-packages/dynamixel_sdk_custom_interfaces/msg/_set_position_s.c
[1.310s] -- Up-to-date symlink: /home/harshit/erc-ros-assignment/install/dynamixel_sdk_custom_interfaces/local/lib/python3.10/dist-packages/dynamixel_sdk_custom_interfaces/srv/__init__.py
[1.311s] -- Up-to-date symlink: /home/harshit/erc-ros-assignment/install/dynamixel_sdk_custom_interfaces/local/lib/python3.10/dist-packages/dynamixel_sdk_custom_interfaces/srv/_get_position.py
[1.311s] -- Up-to-date symlink: /home/harshit/erc-ros-assignment/install/dynamixel_sdk_custom_interfaces/local/lib/python3.10/dist-packages/dynamixel_sdk_custom_interfaces/srv/_get_position_s.c
[1.311s] -- Up-to-date symlink: /home/harshit/erc-ros-assignment/install/dynamixel_sdk_custom_interfaces/local/lib/python3.10/dist-packages/dynamixel_sdk_custom_interfaces/dynamixel_sdk_custom_interfaces_s__rosidl_typesupport_fastrtps_c.cpython-310-x86_64-linux-gnu.so
[1.311s] -- Up-to-date symlink: /home/harshit/erc-ros-assignment/install/dynamixel_sdk_custom_interfaces/local/lib/python3.10/dist-packages/dynamixel_sdk_custom_interfaces/dynamixel_sdk_custom_interfaces_s__rosidl_typesupport_introspection_c.cpython-310-x86_64-linux-gnu.so
[1.312s] -- Up-to-date symlink: /home/harshit/erc-ros-assignment/install/dynamixel_sdk_custom_interfaces/local/lib/python3.10/dist-packages/dynamixel_sdk_custom_interfaces/dynamixel_sdk_custom_interfaces_s__rosidl_typesupport_c.cpython-310-x86_64-linux-gnu.so
[1.312s] -- Up-to-date symlink: /home/harshit/erc-ros-assignment/install/dynamixel_sdk_custom_interfaces/share/dynamixel_sdk_custom_interfaces/msg/SetPosition.idl
[1.312s] -- Up-to-date symlink: /home/harshit/erc-ros-assignment/install/dynamixel_sdk_custom_interfaces/share/dynamixel_sdk_custom_interfaces/srv/GetPosition.idl
[1.313s] -- Up-to-date symlink: /home/harshit/erc-ros-assignment/install/dynamixel_sdk_custom_interfaces/share/dynamixel_sdk_custom_interfaces/msg/SetPosition.msg
[1.313s] -- Up-to-date symlink: /home/harshit/erc-ros-assignment/install/dynamixel_sdk_custom_interfaces/share/dynamixel_sdk_custom_interfaces/srv/GetPosition.srv
[1.313s] -- Up-to-date symlink: /home/harshit/erc-ros-assignment/install/dynamixel_sdk_custom_interfaces/share/dynamixel_sdk_custom_interfaces/srv/GetPosition_Request.msg
[1.313s] -- Up-to-date symlink: /home/harshit/erc-ros-assignment/install/dynamixel_sdk_custom_interfaces/share/dynamixel_sdk_custom_interfaces/srv/GetPosition_Response.msg
[1.314s] -- Up-to-date symlink: /home/harshit/erc-ros-assignment/install/dynamixel_sdk_custom_interfaces/share/ament_index/resource_index/package_run_dependencies/dynamixel_sdk_custom_interfaces
[1.314s] -- Up-to-date symlink: /home/harshit/erc-ros-assignment/install/dynamixel_sdk_custom_interfaces/share/ament_index/resource_index/parent_prefix_path/dynamixel_sdk_custom_interfaces
[1.314s] -- Up-to-date symlink: /home/harshit/erc-ros-assignment/install/dynamixel_sdk_custom_interfaces/share/dynamixel_sdk_custom_interfaces/environment/ament_prefix_path.sh
[1.315s] -- Up-to-date symlink: /home/harshit/erc-ros-assignment/install/dynamixel_sdk_custom_interfaces/share/dynamixel_sdk_custom_interfaces/environment/ament_prefix_path.dsv
[1.315s] -- Up-to-date symlink: /home/harshit/erc-ros-assignment/install/dynamixel_sdk_custom_interfaces/share/dynamixel_sdk_custom_interfaces/environment/path.sh
[1.315s] -- Up-to-date symlink: /home/harshit/erc-ros-assignment/install/dynamixel_sdk_custom_interfaces/share/dynamixel_sdk_custom_interfaces/environment/path.dsv
[1.316s] -- Up-to-date symlink: /home/harshit/erc-ros-assignment/install/dynamixel_sdk_custom_interfaces/share/dynamixel_sdk_custom_interfaces/local_setup.bash
[1.316s] -- Up-to-date symlink: /home/harshit/erc-ros-assignment/install/dynamixel_sdk_custom_interfaces/share/dynamixel_sdk_custom_interfaces/local_setup.sh
[1.316s] -- Up-to-date symlink: /home/harshit/erc-ros-assignment/install/dynamixel_sdk_custom_interfaces/share/dynamixel_sdk_custom_interfaces/local_setup.zsh
[1.317s] -- Up-to-date symlink: /home/harshit/erc-ros-assignment/install/dynamixel_sdk_custom_interfaces/share/dynamixel_sdk_custom_interfaces/local_setup.dsv
[1.317s] -- Symlinking: /home/harshit/erc-ros-assignment/install/dynamixel_sdk_custom_interfaces/share/dynamixel_sdk_custom_interfaces/package.dsv
[1.327s] -- Up-to-date symlink: /home/harshit/erc-ros-assignment/install/dynamixel_sdk_custom_interfaces/share/ament_index/resource_index/packages/dynamixel_sdk_custom_interfaces
[1.328s] -- Up-to-date symlink: /home/harshit/erc-ros-assignment/install/dynamixel_sdk_custom_interfaces/share/dynamixel_sdk_custom_interfaces/cmake/rosidl_cmake-extras.cmake
[1.330s] -- Up-to-date symlink: /home/harshit/erc-ros-assignment/install/dynamixel_sdk_custom_interfaces/share/dynamixel_sdk_custom_interfaces/cmake/ament_cmake_export_dependencies-extras.cmake
[1.330s] -- Up-to-date symlink: /home/harshit/erc-ros-assignment/install/dynamixel_sdk_custom_interfaces/share/dynamixel_sdk_custom_interfaces/cmake/ament_cmake_export_include_directories-extras.cmake
[1.330s] -- Up-to-date symlink: /home/harshit/erc-ros-assignment/install/dynamixel_sdk_custom_interfaces/share/dynamixel_sdk_custom_interfaces/cmake/ament_cmake_export_libraries-extras.cmake
[1.331s] -- Up-to-date symlink: /home/harshit/erc-ros-assignment/install/dynamixel_sdk_custom_interfaces/share/dynamixel_sdk_custom_interfaces/cmake/ament_cmake_export_targets-extras.cmake
[1.331s] -- Up-to-date symlink: /home/harshit/erc-ros-assignment/install/dynamixel_sdk_custom_interfaces/share/dynamixel_sdk_custom_interfaces/cmake/rosidl_cmake_export_typesupport_targets-extras.cmake
[1.332s] -- Up-to-date symlink: /home/harshit/erc-ros-assignment/install/dynamixel_sdk_custom_interfaces/share/dynamixel_sdk_custom_interfaces/cmake/rosidl_cmake_export_typesupport_libraries-extras.cmake
[1.332s] -- Up-to-date symlink: /home/harshit/erc-ros-assignment/install/dynamixel_sdk_custom_interfaces/share/dynamixel_sdk_custom_interfaces/cmake/dynamixel_sdk_custom_interfacesConfig.cmake
[1.332s] -- Up-to-date symlink: /home/harshit/erc-ros-assignment/install/dynamixel_sdk_custom_interfaces/share/dynamixel_sdk_custom_interfaces/cmake/dynamixel_sdk_custom_interfacesConfig-version.cmake
[1.332s] -- Up-to-date symlink: /home/harshit/erc-ros-assignment/install/dynamixel_sdk_custom_interfaces/share/dynamixel_sdk_custom_interfaces/package.xml
[1.333s] -- Up-to-date: /home/harshit/erc-ros-assignment/install/dynamixel_sdk_custom_interfaces/lib/libdynamixel_sdk_custom_interfaces__rosidl_generator_c.so
[1.334s] -- Up-to-date: /home/harshit/erc-ros-assignment/install/dynamixel_sdk_custom_interfaces/lib/libdynamixel_sdk_custom_interfaces__rosidl_typesupport_fastrtps_c.so
[1.334s] -- Up-to-date: /home/harshit/erc-ros-assignment/install/dynamixel_sdk_custom_interfaces/lib/libdynamixel_sdk_custom_interfaces__rosidl_typesupport_fastrtps_cpp.so
[1.335s] -- Up-to-date: /home/harshit/erc-ros-assignment/install/dynamixel_sdk_custom_interfaces/lib/libdynamixel_sdk_custom_interfaces__rosidl_typesupport_introspection_c.so
[1.335s] -- Up-to-date: /home/harshit/erc-ros-assignment/install/dynamixel_sdk_custom_interfaces/lib/libdynamixel_sdk_custom_interfaces__rosidl_typesupport_c.so
[1.335s] -- Up-to-date: /home/harshit/erc-ros-assignment/install/dynamixel_sdk_custom_interfaces/lib/libdynamixel_sdk_custom_interfaces__rosidl_typesupport_introspection_cpp.so
[1.336s] -- Up-to-date: /home/harshit/erc-ros-assignment/install/dynamixel_sdk_custom_interfaces/lib/libdynamixel_sdk_custom_interfaces__rosidl_typesupport_cpp.so
[1.440s] Listing '/home/harshit/erc-ros-assignment/install/dynamixel_sdk_custom_interfaces/local/lib/python3.10/dist-packages/dynamixel_sdk_custom_interfaces'...
[1.441s] Listing '/home/harshit/erc-ros-assignment/install/dynamixel_sdk_custom_interfaces/local/lib/python3.10/dist-packages/dynamixel_sdk_custom_interfaces/msg'...
[1.441s] Listing '/home/harshit/erc-ros-assignment/install/dynamixel_sdk_custom_interfaces/local/lib/python3.10/dist-packages/dynamixel_sdk_custom_interfaces/srv'...
[1.454s] -- Up-to-date: /home/harshit/erc-ros-assignment/install/dynamixel_sdk_custom_interfaces/lib/libdynamixel_sdk_custom_interfaces__rosidl_generator_py.so
[1.456s] -- Up-to-date: /home/harshit/erc-ros-assignment/install/dynamixel_sdk_custom_interfaces/share/dynamixel_sdk_custom_interfaces/cmake/export_dynamixel_sdk_custom_interfaces__rosidl_generator_cExport.cmake
[1.456s] -- Up-to-date: /home/harshit/erc-ros-assignment/install/dynamixel_sdk_custom_interfaces/share/dynamixel_sdk_custom_interfaces/cmake/export_dynamixel_sdk_custom_interfaces__rosidl_generator_cExport-noconfig.cmake
[1.458s] -- Up-to-date: /home/harshit/erc-ros-assignment/install/dynamixel_sdk_custom_interfaces/share/dynamixel_sdk_custom_interfaces/cmake/export_dynamixel_sdk_custom_interfaces__rosidl_typesupport_fastrtps_cExport.cmake
[1.458s] -- Up-to-date: /home/harshit/erc-ros-assignment/install/dynamixel_sdk_custom_interfaces/share/dynamixel_sdk_custom_interfaces/cmake/export_dynamixel_sdk_custom_interfaces__rosidl_typesupport_fastrtps_cExport-noconfig.cmake
[1.459s] -- Up-to-date: /home/harshit/erc-ros-assignment/install/dynamixel_sdk_custom_interfaces/share/dynamixel_sdk_custom_interfaces/cmake/export_dynamixel_sdk_custom_interfaces__rosidl_generator_cppExport.cmake
[1.459s] -- Up-to-date: /home/harshit/erc-ros-assignment/install/dynamixel_sdk_custom_interfaces/share/dynamixel_sdk_custom_interfaces/cmake/export_dynamixel_sdk_custom_interfaces__rosidl_typesupport_fastrtps_cppExport.cmake
[1.459s] -- Up-to-date: /home/harshit/erc-ros-assignment/install/dynamixel_sdk_custom_interfaces/share/dynamixel_sdk_custom_interfaces/cmake/export_dynamixel_sdk_custom_interfaces__rosidl_typesupport_fastrtps_cppExport-noconfig.cmake
[1.459s] -- Up-to-date: /home/harshit/erc-ros-assignment/install/dynamixel_sdk_custom_interfaces/share/dynamixel_sdk_custom_interfaces/cmake/dynamixel_sdk_custom_interfaces__rosidl_typesupport_introspection_cExport.cmake
[1.459s] -- Up-to-date: /home/harshit/erc-ros-assignment/install/dynamixel_sdk_custom_interfaces/share/dynamixel_sdk_custom_interfaces/cmake/dynamixel_sdk_custom_interfaces__rosidl_typesupport_introspection_cExport-noconfig.cmake
[1.459s] -- Up-to-date: /home/harshit/erc-ros-assignment/install/dynamixel_sdk_custom_interfaces/share/dynamixel_sdk_custom_interfaces/cmake/dynamixel_sdk_custom_interfaces__rosidl_typesupport_cExport.cmake
[1.460s] -- Up-to-date: /home/harshit/erc-ros-assignment/install/dynamixel_sdk_custom_interfaces/share/dynamixel_sdk_custom_interfaces/cmake/dynamixel_sdk_custom_interfaces__rosidl_typesupport_cExport-noconfig.cmake
[1.461s] -- Up-to-date: /home/harshit/erc-ros-assignment/install/dynamixel_sdk_custom_interfaces/share/dynamixel_sdk_custom_interfaces/cmake/dynamixel_sdk_custom_interfaces__rosidl_typesupport_introspection_cppExport.cmake
[1.467s] -- Up-to-date: /home/harshit/erc-ros-assignment/install/dynamixel_sdk_custom_interfaces/share/dynamixel_sdk_custom_interfaces/cmake/dynamixel_sdk_custom_interfaces__rosidl_typesupport_introspection_cppExport-noconfig.cmake
[1.467s] -- Up-to-date: /home/harshit/erc-ros-assignment/install/dynamixel_sdk_custom_interfaces/share/dynamixel_sdk_custom_interfaces/cmake/dynamixel_sdk_custom_interfaces__rosidl_typesupport_cppExport.cmake
[1.467s] -- Up-to-date: /home/harshit/erc-ros-assignment/install/dynamixel_sdk_custom_interfaces/share/dynamixel_sdk_custom_interfaces/cmake/dynamixel_sdk_custom_interfaces__rosidl_typesupport_cppExport-noconfig.cmake
[1.467s] -- Up-to-date: /home/harshit/erc-ros-assignment/install/dynamixel_sdk_custom_interfaces/share/dynamixel_sdk_custom_interfaces/cmake/export_dynamixel_sdk_custom_interfaces__rosidl_generator_pyExport.cmake
[1.468s] -- Up-to-date: /home/harshit/erc-ros-assignment/install/dynamixel_sdk_custom_interfaces/share/dynamixel_sdk_custom_interfaces/cmake/export_dynamixel_sdk_custom_interfaces__rosidl_generator_pyExport-noconfig.cmake
[1.521s] Invoked command in '/home/harshit/erc-ros-assignment/build/dynamixel_sdk_custom_interfaces' returned '0': CMAKE_PREFIX_PATH=${CMAKE_PREFIX_PATH}:/home/harshit/erc-ros-assignment/install/turtlebot3_teleop:/home/harshit/erc-ros-assignment/install/turtlebot3_example:/home/harshit/mrt_ws/install/week1_tutorials:/home/harshit/mrt_ws/install/week0_tutorials:/home/harshit/mrt_ws/install/sauron:/home/harshit/mrt_ws/install/odom_tf_publisher:/home/harshit/mrt_ws/install/mrs_hudson:/home/harshit/mrt_ws/install/assgn:/home/harshit/mrt_ws/install/aruco_detection:/home/harshit/urdf_rviz/install/urdf_testing:/home/harshit/urdf_rviz/install/robot_car:/opt/ros/humble /usr/bin/cmake --install /home/harshit/erc-ros-assignment/build/dynamixel_sdk_custom_interfaces
