[0.059s] Invoking command in '/home/harshit/erc-ros-assignment/build/turtlebot3_navigation2': CMAKE_PREFIX_PATH=${CMAKE_PREFIX_PATH}:/home/harshit/mrt_ws/install/week1_tutorials:/home/harshit/mrt_ws/install/week0_tutorials:/home/harshit/mrt_ws/install/sauron:/home/harshit/mrt_ws/install/odom_tf_publisher:/home/harshit/mrt_ws/install/mrs_hudson:/home/harshit/mrt_ws/install/assgn:/home/harshit/mrt_ws/install/aruco_detection:/home/harshit/urdf_rviz/install/urdf_testing:/home/harshit/urdf_rviz/install/robot_car:/opt/ros/humble /usr/bin/cmake /home/harshit/erc-ros-assignment/src/turtlebot3/turtlebot3_navigation2 -DAMENT_CMAKE_SYMLINK_INSTALL=1 -DCMAKE_INSTALL_PREFIX=/home/harshit/erc-ros-assignment/install/turtlebot3_navigation2
[0.083s] [0mCMake Deprecation Warning at CMakeLists.txt:4 (cmake_minimum_required):
[0.083s]   Compatibility with CMake < 3.10 will be removed from a future version of
[0.083s]   CMake.
[0.083s] 
[0.084s]   Update the VERSION argument <min> value.  Or, use the <min>...<max> syntax
[0.084s]   to tell CMake that the project requires at least <min> but has been updated
[0.084s]   to work with policies introduced by <max> or earlier.
[0.084s] 
[0.084s] [0m
[0.343s] -- The C compiler identification is GNU 11.4.0
[0.557s] -- The CXX compiler identification is GNU 11.4.0
[0.589s] -- Detecting C compiler ABI info
[0.753s] -- Detecting C compiler ABI info - done
[0.814s] -- Check for working C compiler: /usr/bin/cc - skipped
[0.820s] -- Detecting C compile features
[0.820s] -- Detecting C compile features - done
[0.854s] -- Detecting CXX compiler ABI info
[1.069s] -- Detecting CXX compiler ABI info - done
[1.125s] -- Check for working CXX compiler: /usr/bin/c++ - skipped
[1.126s] -- Detecting CXX compile features
[1.128s] -- Detecting CXX compile features - done
[1.183s] -- Found ament_cmake: 1.3.11 (/opt/ros/humble/share/ament_cmake/cmake)
[1.683s] -- Found Python3: /usr/bin/python3 (found version "3.10.12") found components: Interpreter
[1.862s] -- Override CMake install command with custom implementation using symlinks instead of copying resources
[2.435s] -- Configuring done (2.4s)
[2.439s] -- Generating done (0.0s)
[2.445s] -- Build files have been written to: /home/harshit/erc-ros-assignment/build/turtlebot3_navigation2
[2.466s] Invoked command in '/home/harshit/erc-ros-assignment/build/turtlebot3_navigation2' returned '0': CMAKE_PREFIX_PATH=${CMAKE_PREFIX_PATH}:/home/harshit/mrt_ws/install/week1_tutorials:/home/harshit/mrt_ws/install/week0_tutorials:/home/harshit/mrt_ws/install/sauron:/home/harshit/mrt_ws/install/odom_tf_publisher:/home/harshit/mrt_ws/install/mrs_hudson:/home/harshit/mrt_ws/install/assgn:/home/harshit/mrt_ws/install/aruco_detection:/home/harshit/urdf_rviz/install/urdf_testing:/home/harshit/urdf_rviz/install/robot_car:/opt/ros/humble /usr/bin/cmake /home/harshit/erc-ros-assignment/src/turtlebot3/turtlebot3_navigation2 -DAMENT_CMAKE_SYMLINK_INSTALL=1 -DCMAKE_INSTALL_PREFIX=/home/harshit/erc-ros-assignment/install/turtlebot3_navigation2
[2.474s] Invoking command in '/home/harshit/erc-ros-assignment/build/turtlebot3_navigation2': CMAKE_PREFIX_PATH=${CMAKE_PREFIX_PATH}:/home/harshit/mrt_ws/install/week1_tutorials:/home/harshit/mrt_ws/install/week0_tutorials:/home/harshit/mrt_ws/install/sauron:/home/harshit/mrt_ws/install/odom_tf_publisher:/home/harshit/mrt_ws/install/mrs_hudson:/home/harshit/mrt_ws/install/assgn:/home/harshit/mrt_ws/install/aruco_detection:/home/harshit/urdf_rviz/install/urdf_testing:/home/harshit/urdf_rviz/install/robot_car:/opt/ros/humble /usr/bin/cmake --build /home/harshit/erc-ros-assignment/build/turtlebot3_navigation2 -- -j8 -l8
[2.575s] Invoked command in '/home/harshit/erc-ros-assignment/build/turtlebot3_navigation2' returned '0': CMAKE_PREFIX_PATH=${CMAKE_PREFIX_PATH}:/home/harshit/mrt_ws/install/week1_tutorials:/home/harshit/mrt_ws/install/week0_tutorials:/home/harshit/mrt_ws/install/sauron:/home/harshit/mrt_ws/install/odom_tf_publisher:/home/harshit/mrt_ws/install/mrs_hudson:/home/harshit/mrt_ws/install/assgn:/home/harshit/mrt_ws/install/aruco_detection:/home/harshit/urdf_rviz/install/urdf_testing:/home/harshit/urdf_rviz/install/robot_car:/opt/ros/humble /usr/bin/cmake --build /home/harshit/erc-ros-assignment/build/turtlebot3_navigation2 -- -j8 -l8
[2.578s] Invoking command in '/home/harshit/erc-ros-assignment/build/turtlebot3_navigation2': CMAKE_PREFIX_PATH=${CMAKE_PREFIX_PATH}:/home/harshit/mrt_ws/install/week1_tutorials:/home/harshit/mrt_ws/install/week0_tutorials:/home/harshit/mrt_ws/install/sauron:/home/harshit/mrt_ws/install/odom_tf_publisher:/home/harshit/mrt_ws/install/mrs_hudson:/home/harshit/mrt_ws/install/assgn:/home/harshit/mrt_ws/install/aruco_detection:/home/harshit/urdf_rviz/install/urdf_testing:/home/harshit/urdf_rviz/install/robot_car:/opt/ros/humble /usr/bin/cmake --install /home/harshit/erc-ros-assignment/build/turtlebot3_navigation2
[2.897s] -- Install configuration: ""
[2.897s] -- Execute custom install script
[2.898s] -- Symlinking: /home/harshit/erc-ros-assignment/install/turtlebot3_navigation2/share/turtlebot3_navigation2/launch/navigation2.launch.py
[2.898s] -- Symlinking: /home/harshit/erc-ros-assignment/install/turtlebot3_navigation2/share/turtlebot3_navigation2/map/map.pgm
[2.898s] -- Symlinking: /home/harshit/erc-ros-assignment/install/turtlebot3_navigation2/share/turtlebot3_navigation2/map/map.yaml
[2.901s] -- Symlinking: /home/harshit/erc-ros-assignment/install/turtlebot3_navigation2/share/turtlebot3_navigation2/param/burger.yaml
[2.902s] -- Symlinking: /home/harshit/erc-ros-assignment/install/turtlebot3_navigation2/share/turtlebot3_navigation2/param/burger_cam.yaml
[2.902s] -- Symlinking: /home/harshit/erc-ros-assignment/install/turtlebot3_navigation2/share/turtlebot3_navigation2/param/humble/burger.yaml
[2.902s] -- Symlinking: /home/harshit/erc-ros-assignment/install/turtlebot3_navigation2/share/turtlebot3_navigation2/param/humble/burger_cam.yaml
[2.902s] -- Symlinking: /home/harshit/erc-ros-assignment/install/turtlebot3_navigation2/share/turtlebot3_navigation2/param/humble/waffle.yaml
[2.903s] -- Symlinking: /home/harshit/erc-ros-assignment/install/turtlebot3_navigation2/share/turtlebot3_navigation2/param/humble/waffle_pi.yaml
[2.903s] -- Symlinking: /home/harshit/erc-ros-assignment/install/turtlebot3_navigation2/share/turtlebot3_navigation2/param/waffle.yaml
[2.903s] -- Symlinking: /home/harshit/erc-ros-assignment/install/turtlebot3_navigation2/share/turtlebot3_navigation2/param/waffle_pi.yaml
[2.903s] -- Symlinking: /home/harshit/erc-ros-assignment/install/turtlebot3_navigation2/share/turtlebot3_navigation2/rviz/tb3_navigation2.rviz
[2.904s] -- Symlinking: /home/harshit/erc-ros-assignment/install/turtlebot3_navigation2/share/ament_index/resource_index/package_run_dependencies/turtlebot3_navigation2
[2.904s] -- Symlinking: /home/harshit/erc-ros-assignment/install/turtlebot3_navigation2/share/ament_index/resource_index/parent_prefix_path/turtlebot3_navigation2
[2.904s] -- Symlinking: /home/harshit/erc-ros-assignment/install/turtlebot3_navigation2/share/turtlebot3_navigation2/environment/ament_prefix_path.sh
[2.904s] -- Symlinking: /home/harshit/erc-ros-assignment/install/turtlebot3_navigation2/share/turtlebot3_navigation2/environment/ament_prefix_path.dsv
[2.908s] -- Symlinking: /home/harshit/erc-ros-assignment/install/turtlebot3_navigation2/share/turtlebot3_navigation2/environment/path.sh
[2.909s] -- Symlinking: /home/harshit/erc-ros-assignment/install/turtlebot3_navigation2/share/turtlebot3_navigation2/environment/path.dsv
[2.909s] -- Symlinking: /home/harshit/erc-ros-assignment/install/turtlebot3_navigation2/share/turtlebot3_navigation2/local_setup.bash
[2.910s] -- Symlinking: /home/harshit/erc-ros-assignment/install/turtlebot3_navigation2/share/turtlebot3_navigation2/local_setup.sh
[2.910s] -- Symlinking: /home/harshit/erc-ros-assignment/install/turtlebot3_navigation2/share/turtlebot3_navigation2/local_setup.zsh
[2.910s] -- Symlinking: /home/harshit/erc-ros-assignment/install/turtlebot3_navigation2/share/turtlebot3_navigation2/local_setup.dsv
[2.910s] -- Symlinking: /home/harshit/erc-ros-assignment/install/turtlebot3_navigation2/share/turtlebot3_navigation2/package.dsv
[2.911s] -- Symlinking: /home/harshit/erc-ros-assignment/install/turtlebot3_navigation2/share/ament_index/resource_index/packages/turtlebot3_navigation2
[2.912s] -- Symlinking: /home/harshit/erc-ros-assignment/install/turtlebot3_navigation2/share/turtlebot3_navigation2/cmake/turtlebot3_navigation2Config.cmake
[2.935s] -- Symlinking: /home/harshit/erc-ros-assignment/install/turtlebot3_navigation2/share/turtlebot3_navigation2/cmake/turtlebot3_navigation2Config-version.cmake
[2.951s] -- Symlinking: /home/harshit/erc-ros-assignment/install/turtlebot3_navigation2/share/turtlebot3_navigation2/package.xml
[3.072s] Invoked command in '/home/harshit/erc-ros-assignment/build/turtlebot3_navigation2' returned '0': CMAKE_PREFIX_PATH=${CMAKE_PREFIX_PATH}:/home/harshit/mrt_ws/install/week1_tutorials:/home/harshit/mrt_ws/install/week0_tutorials:/home/harshit/mrt_ws/install/sauron:/home/harshit/mrt_ws/install/odom_tf_publisher:/home/harshit/mrt_ws/install/mrs_hudson:/home/harshit/mrt_ws/install/assgn:/home/harshit/mrt_ws/install/aruco_detection:/home/harshit/urdf_rviz/install/urdf_testing:/home/harshit/urdf_rviz/install/robot_car:/opt/ros/humble /usr/bin/cmake --install /home/harshit/erc-ros-assignment/build/turtlebot3_navigation2
