[1.343s] Invoking command in '/home/harshit/erc-ros-assignment/build/turtlebot3_example': AMENT_PREFIX_PATH=/home/harshit/erc-ros-assignment/install/turtlebot3_msgs:${AMENT_PREFIX_PATH} CMAKE_PREFIX_PATH=/home/harshit/erc-ros-assignment/install/turtlebot3_msgs:${CMAKE_PREFIX_PATH} LD_LIBRARY_PATH=/home/harshit/erc-ros-assignment/install/turtlebot3_msgs/lib:${LD_LIBRARY_PATH} PYTHONPATH=/home/harshit/erc-ros-assignment/build/turtlebot3_example/prefix_override:/usr/lib/python3/dist-packages/colcon_core/task/python/colcon_distutils_commands:/home/harshit/erc-ros-assignment/install/turtlebot3_example/lib/python3.10/site-packages:/home/harshit/erc-ros-assignment/install/turtlebot3_msgs/local/lib/python3.10/dist-packages:${PYTHONPATH} /usr/bin/python3 -W ignore:setup.py install is deprecated -W ignore:easy_install command is deprecated setup.py develop --editable --build-directory /home/harshit/erc-ros-assignment/build/turtlebot3_example/build --no-deps symlink_data
[2.055s] running develop
[2.434s] running egg_info
[2.434s] creating turtlebot3_example.egg-info
[2.434s] writing turtlebot3_example.egg-info/PKG-INFO
[2.435s] writing dependency_links to turtlebot3_example.egg-info/dependency_links.txt
[2.435s] writing entry points to turtlebot3_example.egg-info/entry_points.txt
[2.436s] writing requirements to turtlebot3_example.egg-info/requires.txt
[2.436s] writing top-level names to turtlebot3_example.egg-info/top_level.txt
[2.436s] writing manifest file 'turtlebot3_example.egg-info/SOURCES.txt'
[2.442s] reading manifest file 'turtlebot3_example.egg-info/SOURCES.txt'
[2.443s] writing manifest file 'turtlebot3_example.egg-info/SOURCES.txt'
[2.447s] running build_ext
[2.447s] Creating /home/harshit/erc-ros-assignment/install/turtlebot3_example/lib/python3.10/site-packages/turtlebot3-example.egg-link (link to .)
[2.449s] Installing turtlebot3_interactive_marker script to /home/harshit/erc-ros-assignment/install/turtlebot3_example/lib/turtlebot3_example
[2.450s] Installing turtlebot3_obstacle_detection script to /home/harshit/erc-ros-assignment/install/turtlebot3_example/lib/turtlebot3_example
[2.450s] Installing turtlebot3_patrol_client script to /home/harshit/erc-ros-assignment/install/turtlebot3_example/lib/turtlebot3_example
[2.450s] Installing turtlebot3_patrol_server script to /home/harshit/erc-ros-assignment/install/turtlebot3_example/lib/turtlebot3_example
[2.450s] Installing turtlebot3_position_control_pointop_key script to /home/harshit/erc-ros-assignment/install/turtlebot3_example/lib/turtlebot3_example
[2.451s] 
[2.451s] Installed /home/harshit/erc-ros-assignment/build/turtlebot3_example
[2.451s] running symlink_data
[2.451s] creating /home/harshit/erc-ros-assignment/install/turtlebot3_example/share/ament_index
[2.452s] creating /home/harshit/erc-ros-assignment/install/turtlebot3_example/share/ament_index/resource_index
[2.452s] creating /home/harshit/erc-ros-assignment/install/turtlebot3_example/share/ament_index/resource_index/packages
[2.452s] symbolically linking /home/harshit/erc-ros-assignment/build/turtlebot3_example/resource/turtlebot3_example -> /home/harshit/erc-ros-assignment/install/turtlebot3_example/share/ament_index/resource_index/packages
[2.452s] symbolically linking /home/harshit/erc-ros-assignment/build/turtlebot3_example/package.xml -> /home/harshit/erc-ros-assignment/install/turtlebot3_example/share/turtlebot3_example
[2.509s] Invoked command in '/home/harshit/erc-ros-assignment/build/turtlebot3_example' returned '0': AMENT_PREFIX_PATH=/home/harshit/erc-ros-assignment/install/turtlebot3_msgs:${AMENT_PREFIX_PATH} CMAKE_PREFIX_PATH=/home/harshit/erc-ros-assignment/install/turtlebot3_msgs:${CMAKE_PREFIX_PATH} LD_LIBRARY_PATH=/home/harshit/erc-ros-assignment/install/turtlebot3_msgs/lib:${LD_LIBRARY_PATH} PYTHONPATH=/home/harshit/erc-ros-assignment/build/turtlebot3_example/prefix_override:/usr/lib/python3/dist-packages/colcon_core/task/python/colcon_distutils_commands:/home/harshit/erc-ros-assignment/install/turtlebot3_example/lib/python3.10/site-packages:/home/harshit/erc-ros-assignment/install/turtlebot3_msgs/local/lib/python3.10/dist-packages:${PYTHONPATH} /usr/bin/python3 -W ignore:setup.py install is deprecated -W ignore:easy_install command is deprecated setup.py develop --editable --build-directory /home/harshit/erc-ros-assignment/build/turtlebot3_example/build --no-deps symlink_data
