[0.114s] Invoking command in '/home/harshit/erc-ros-assignment/build/dynamixel_sdk': CMAKE_PREFIX_PATH=${CMAKE_PREFIX_PATH}:/home/harshit/erc-ros-assignment/install/turtlebot3_teleop:/home/harshit/erc-ros-assignment/install/turtlebot3_example:/home/harshit/mrt_ws/install/week1_tutorials:/home/harshit/mrt_ws/install/week0_tutorials:/home/harshit/mrt_ws/install/sauron:/home/harshit/mrt_ws/install/odom_tf_publisher:/home/harshit/mrt_ws/install/mrs_hudson:/home/harshit/mrt_ws/install/assgn:/home/harshit/mrt_ws/install/aruco_detection:/home/harshit/urdf_rviz/install/urdf_testing:/home/harshit/urdf_rviz/install/robot_car:/opt/ros/humble /usr/bin/cmake --build /home/harshit/erc-ros-assignment/build/dynamixel_sdk -- -j8 -l8
[0.226s] [  0%] Built target ament_cmake_python_symlink_dynamixel_sdk
[0.289s] [100%] Built target dynamixel_sdk
[1.029s] running egg_info
[1.031s] writing dynamixel_sdk.egg-info/PKG-INFO
[1.031s] writing dependency_links to dynamixel_sdk.egg-info/dependency_links.txt
[1.032s] writing top-level names to dynamixel_sdk.egg-info/top_level.txt
[1.037s] reading manifest file 'dynamixel_sdk.egg-info/SOURCES.txt'
[1.040s] writing manifest file 'dynamixel_sdk.egg-info/SOURCES.txt'
[1.097s] [100%] Built target ament_cmake_python_build_dynamixel_sdk_egg
[1.236s] Invoked command in '/home/harshit/erc-ros-assignment/build/dynamixel_sdk' returned '0': CMAKE_PREFIX_PATH=${CMAKE_PREFIX_PATH}:/home/harshit/erc-ros-assignment/install/turtlebot3_teleop:/home/harshit/erc-ros-assignment/install/turtlebot3_example:/home/harshit/mrt_ws/install/week1_tutorials:/home/harshit/mrt_ws/install/week0_tutorials:/home/harshit/mrt_ws/install/sauron:/home/harshit/mrt_ws/install/odom_tf_publisher:/home/harshit/mrt_ws/install/mrs_hudson:/home/harshit/mrt_ws/install/assgn:/home/harshit/mrt_ws/install/aruco_detection:/home/harshit/urdf_rviz/install/urdf_testing:/home/harshit/urdf_rviz/install/robot_car:/opt/ros/humble /usr/bin/cmake --build /home/harshit/erc-ros-assignment/build/dynamixel_sdk -- -j8 -l8
[1.241s] Invoking command in '/home/harshit/erc-ros-assignment/build/dynamixel_sdk': CMAKE_PREFIX_PATH=${CMAKE_PREFIX_PATH}:/home/harshit/erc-ros-assignment/install/turtlebot3_teleop:/home/harshit/erc-ros-assignment/install/turtlebot3_example:/home/harshit/mrt_ws/install/week1_tutorials:/home/harshit/mrt_ws/install/week0_tutorials:/home/harshit/mrt_ws/install/sauron:/home/harshit/mrt_ws/install/odom_tf_publisher:/home/harshit/mrt_ws/install/mrs_hudson:/home/harshit/mrt_ws/install/assgn:/home/harshit/mrt_ws/install/aruco_detection:/home/harshit/urdf_rviz/install/urdf_testing:/home/harshit/urdf_rviz/install/robot_car:/opt/ros/humble /usr/bin/cmake --install /home/harshit/erc-ros-assignment/build/dynamixel_sdk
[1.261s] -- Install configuration: ""
[1.264s] -- Execute custom install script
[1.264s] -- Up-to-date symlink: /home/harshit/erc-ros-assignment/install/dynamixel_sdk/include//dynamixel_sdk/dynamixel_sdk.h
[1.265s] -- Up-to-date symlink: /home/harshit/erc-ros-assignment/install/dynamixel_sdk/include//dynamixel_sdk/group_bulk_read.h
[1.265s] -- Up-to-date symlink: /home/harshit/erc-ros-assignment/install/dynamixel_sdk/include//dynamixel_sdk/group_bulk_write.h
[1.265s] -- Up-to-date symlink: /home/harshit/erc-ros-assignment/install/dynamixel_sdk/include//dynamixel_sdk/group_fast_bulk_read.h
[1.265s] -- Up-to-date symlink: /home/harshit/erc-ros-assignment/install/dynamixel_sdk/include//dynamixel_sdk/group_fast_sync_read.h
[1.267s] -- Up-to-date symlink: /home/harshit/erc-ros-assignment/install/dynamixel_sdk/include//dynamixel_sdk/group_handler.h
[1.267s] -- Up-to-date symlink: /home/harshit/erc-ros-assignment/install/dynamixel_sdk/include//dynamixel_sdk/group_sync_read.h
[1.268s] -- Up-to-date symlink: /home/harshit/erc-ros-assignment/install/dynamixel_sdk/include//dynamixel_sdk/group_sync_write.h
[1.268s] -- Up-to-date symlink: /home/harshit/erc-ros-assignment/install/dynamixel_sdk/include//dynamixel_sdk/packet_handler.h
[1.268s] -- Up-to-date symlink: /home/harshit/erc-ros-assignment/install/dynamixel_sdk/include//dynamixel_sdk/port_handler.h
[1.268s] -- Up-to-date symlink: /home/harshit/erc-ros-assignment/install/dynamixel_sdk/include//dynamixel_sdk/port_handler_arduino.h
[1.269s] -- Up-to-date symlink: /home/harshit/erc-ros-assignment/install/dynamixel_sdk/include//dynamixel_sdk/port_handler_linux.h
[1.269s] -- Up-to-date symlink: /home/harshit/erc-ros-assignment/install/dynamixel_sdk/include//dynamixel_sdk/port_handler_mac.h
[1.269s] -- Up-to-date symlink: /home/harshit/erc-ros-assignment/install/dynamixel_sdk/include//dynamixel_sdk/port_handler_windows.h
[1.269s] -- Up-to-date symlink: /home/harshit/erc-ros-assignment/install/dynamixel_sdk/include//dynamixel_sdk/protocol1_packet_handler.h
[1.270s] -- Up-to-date symlink: /home/harshit/erc-ros-assignment/install/dynamixel_sdk/include//dynamixel_sdk/protocol2_packet_handler.h
[1.270s] -- Up-to-date symlink: /home/harshit/erc-ros-assignment/install/dynamixel_sdk/lib/libdynamixel_sdk.so
[1.270s] -- Up-to-date symlink: /home/harshit/erc-ros-assignment/install/dynamixel_sdk/share/dynamixel_sdk/environment/pythonpath.sh
[1.270s] -- Up-to-date symlink: /home/harshit/erc-ros-assignment/install/dynamixel_sdk/share/dynamixel_sdk/environment/pythonpath.dsv
[1.273s] -- Up-to-date symlink: /home/harshit/erc-ros-assignment/install/dynamixel_sdk/local/lib/python3.10/dist-packages/dynamixel_sdk-3.8.3-py3.10.egg-info/PKG-INFO
[1.285s] -- Up-to-date symlink: /home/harshit/erc-ros-assignment/install/dynamixel_sdk/local/lib/python3.10/dist-packages/dynamixel_sdk-3.8.3-py3.10.egg-info/SOURCES.txt
[1.286s] -- Up-to-date symlink: /home/harshit/erc-ros-assignment/install/dynamixel_sdk/local/lib/python3.10/dist-packages/dynamixel_sdk-3.8.3-py3.10.egg-info/dependency_links.txt
[1.286s] -- Up-to-date symlink: /home/harshit/erc-ros-assignment/install/dynamixel_sdk/local/lib/python3.10/dist-packages/dynamixel_sdk-3.8.3-py3.10.egg-info/top_level.txt
[1.297s] -- Up-to-date symlink: /home/harshit/erc-ros-assignment/install/dynamixel_sdk/local/lib/python3.10/dist-packages/dynamixel_sdk/__init__.py
[1.298s] -- Up-to-date symlink: /home/harshit/erc-ros-assignment/install/dynamixel_sdk/local/lib/python3.10/dist-packages/dynamixel_sdk/group_bulk_read.cpp
[1.299s] -- Up-to-date symlink: /home/harshit/erc-ros-assignment/install/dynamixel_sdk/local/lib/python3.10/dist-packages/dynamixel_sdk/group_bulk_read.py
[1.299s] -- Up-to-date symlink: /home/harshit/erc-ros-assignment/install/dynamixel_sdk/local/lib/python3.10/dist-packages/dynamixel_sdk/group_bulk_write.cpp
[1.299s] -- Up-to-date symlink: /home/harshit/erc-ros-assignment/install/dynamixel_sdk/local/lib/python3.10/dist-packages/dynamixel_sdk/group_bulk_write.py
[1.299s] -- Up-to-date symlink: /home/harshit/erc-ros-assignment/install/dynamixel_sdk/local/lib/python3.10/dist-packages/dynamixel_sdk/group_fast_bulk_read.cpp
[1.300s] -- Up-to-date symlink: /home/harshit/erc-ros-assignment/install/dynamixel_sdk/local/lib/python3.10/dist-packages/dynamixel_sdk/group_fast_sync_read.cpp
[1.300s] -- Up-to-date symlink: /home/harshit/erc-ros-assignment/install/dynamixel_sdk/local/lib/python3.10/dist-packages/dynamixel_sdk/group_handler.cpp
[1.300s] -- Up-to-date symlink: /home/harshit/erc-ros-assignment/install/dynamixel_sdk/local/lib/python3.10/dist-packages/dynamixel_sdk/group_sync_read.cpp
[1.300s] -- Up-to-date symlink: /home/harshit/erc-ros-assignment/install/dynamixel_sdk/local/lib/python3.10/dist-packages/dynamixel_sdk/group_sync_read.py
[1.300s] -- Up-to-date symlink: /home/harshit/erc-ros-assignment/install/dynamixel_sdk/local/lib/python3.10/dist-packages/dynamixel_sdk/group_sync_write.cpp
[1.300s] -- Up-to-date symlink: /home/harshit/erc-ros-assignment/install/dynamixel_sdk/local/lib/python3.10/dist-packages/dynamixel_sdk/group_sync_write.py
[1.300s] -- Up-to-date symlink: /home/harshit/erc-ros-assignment/install/dynamixel_sdk/local/lib/python3.10/dist-packages/dynamixel_sdk/packet_handler.cpp
[1.302s] -- Up-to-date symlink: /home/harshit/erc-ros-assignment/install/dynamixel_sdk/local/lib/python3.10/dist-packages/dynamixel_sdk/packet_handler.py
[1.303s] -- Up-to-date symlink: /home/harshit/erc-ros-assignment/install/dynamixel_sdk/local/lib/python3.10/dist-packages/dynamixel_sdk/port_handler.cpp
[1.303s] -- Up-to-date symlink: /home/harshit/erc-ros-assignment/install/dynamixel_sdk/local/lib/python3.10/dist-packages/dynamixel_sdk/port_handler.py
[1.304s] -- Up-to-date symlink: /home/harshit/erc-ros-assignment/install/dynamixel_sdk/local/lib/python3.10/dist-packages/dynamixel_sdk/port_handler_arduino.cpp
[1.304s] -- Up-to-date symlink: /home/harshit/erc-ros-assignment/install/dynamixel_sdk/local/lib/python3.10/dist-packages/dynamixel_sdk/port_handler_linux.cpp
[1.304s] -- Up-to-date symlink: /home/harshit/erc-ros-assignment/install/dynamixel_sdk/local/lib/python3.10/dist-packages/dynamixel_sdk/port_handler_mac.cpp
[1.305s] -- Up-to-date symlink: /home/harshit/erc-ros-assignment/install/dynamixel_sdk/local/lib/python3.10/dist-packages/dynamixel_sdk/port_handler_windows.cpp
[1.305s] -- Up-to-date symlink: /home/harshit/erc-ros-assignment/install/dynamixel_sdk/local/lib/python3.10/dist-packages/dynamixel_sdk/protocol1_packet_handler.cpp
[1.306s] -- Up-to-date symlink: /home/harshit/erc-ros-assignment/install/dynamixel_sdk/local/lib/python3.10/dist-packages/dynamixel_sdk/protocol1_packet_handler.py
[1.308s] -- Up-to-date symlink: /home/harshit/erc-ros-assignment/install/dynamixel_sdk/local/lib/python3.10/dist-packages/dynamixel_sdk/protocol2_packet_handler.cpp
[1.308s] -- Up-to-date symlink: /home/harshit/erc-ros-assignment/install/dynamixel_sdk/local/lib/python3.10/dist-packages/dynamixel_sdk/protocol2_packet_handler.py
[1.312s] -- Up-to-date symlink: /home/harshit/erc-ros-assignment/install/dynamixel_sdk/local/lib/python3.10/dist-packages/dynamixel_sdk/robotis_def.py
[1.312s] -- Up-to-date symlink: /home/harshit/erc-ros-assignment/install/dynamixel_sdk/share/dynamixel_sdk/environment/library_path.sh
[1.312s] -- Up-to-date symlink: /home/harshit/erc-ros-assignment/install/dynamixel_sdk/share/dynamixel_sdk/environment/library_path.dsv
[1.312s] -- Up-to-date symlink: /home/harshit/erc-ros-assignment/install/dynamixel_sdk/share/ament_index/resource_index/package_run_dependencies/dynamixel_sdk
[1.313s] -- Up-to-date symlink: /home/harshit/erc-ros-assignment/install/dynamixel_sdk/share/ament_index/resource_index/parent_prefix_path/dynamixel_sdk
[1.313s] -- Up-to-date symlink: /home/harshit/erc-ros-assignment/install/dynamixel_sdk/share/dynamixel_sdk/environment/ament_prefix_path.sh
[1.313s] -- Up-to-date symlink: /home/harshit/erc-ros-assignment/install/dynamixel_sdk/share/dynamixel_sdk/environment/ament_prefix_path.dsv
[1.314s] -- Up-to-date symlink: /home/harshit/erc-ros-assignment/install/dynamixel_sdk/share/dynamixel_sdk/environment/path.sh
[1.314s] -- Up-to-date symlink: /home/harshit/erc-ros-assignment/install/dynamixel_sdk/share/dynamixel_sdk/environment/path.dsv
[1.315s] -- Up-to-date symlink: /home/harshit/erc-ros-assignment/install/dynamixel_sdk/share/dynamixel_sdk/local_setup.bash
[1.315s] -- Up-to-date symlink: /home/harshit/erc-ros-assignment/install/dynamixel_sdk/share/dynamixel_sdk/local_setup.sh
[1.315s] -- Up-to-date symlink: /home/harshit/erc-ros-assignment/install/dynamixel_sdk/share/dynamixel_sdk/local_setup.zsh
[1.316s] -- Up-to-date symlink: /home/harshit/erc-ros-assignment/install/dynamixel_sdk/share/dynamixel_sdk/local_setup.dsv
[1.316s] -- Symlinking: /home/harshit/erc-ros-assignment/install/dynamixel_sdk/share/dynamixel_sdk/package.dsv
[1.320s] -- Up-to-date symlink: /home/harshit/erc-ros-assignment/install/dynamixel_sdk/share/ament_index/resource_index/packages/dynamixel_sdk
[1.321s] -- Up-to-date symlink: /home/harshit/erc-ros-assignment/install/dynamixel_sdk/share/dynamixel_sdk/cmake/ament_cmake_export_include_directories-extras.cmake
[1.321s] -- Up-to-date symlink: /home/harshit/erc-ros-assignment/install/dynamixel_sdk/share/dynamixel_sdk/cmake/ament_cmake_export_libraries-extras.cmake
[1.321s] -- Up-to-date symlink: /home/harshit/erc-ros-assignment/install/dynamixel_sdk/share/dynamixel_sdk/cmake/dynamixel_sdkConfig.cmake
[1.321s] -- Up-to-date symlink: /home/harshit/erc-ros-assignment/install/dynamixel_sdk/share/dynamixel_sdk/cmake/dynamixel_sdkConfig-version.cmake
[1.321s] -- Up-to-date symlink: /home/harshit/erc-ros-assignment/install/dynamixel_sdk/share/dynamixel_sdk/package.xml
[1.397s] Listing '/home/harshit/erc-ros-assignment/install/dynamixel_sdk/local/lib/python3.10/dist-packages/dynamixel_sdk'...
[1.458s] Invoked command in '/home/harshit/erc-ros-assignment/build/dynamixel_sdk' returned '0': CMAKE_PREFIX_PATH=${CMAKE_PREFIX_PATH}:/home/harshit/erc-ros-assignment/install/turtlebot3_teleop:/home/harshit/erc-ros-assignment/install/turtlebot3_example:/home/harshit/mrt_ws/install/week1_tutorials:/home/harshit/mrt_ws/install/week0_tutorials:/home/harshit/mrt_ws/install/sauron:/home/harshit/mrt_ws/install/odom_tf_publisher:/home/harshit/mrt_ws/install/mrs_hudson:/home/harshit/mrt_ws/install/assgn:/home/harshit/mrt_ws/install/aruco_detection:/home/harshit/urdf_rviz/install/urdf_testing:/home/harshit/urdf_rviz/install/robot_car:/opt/ros/humble /usr/bin/cmake --install /home/harshit/erc-ros-assignment/build/dynamixel_sdk
