[0.093s] Invoking command in '/home/harshit/erc-ros-assignment/build/turtlebot3_gazebo': CMAKE_PREFIX_PATH=${CMAKE_PREFIX_PATH}:/home/harshit/erc-ros-assignment/install/turtlebot3_teleop:/home/harshit/erc-ros-assignment/install/turtlebot3_example:/home/harshit/mrt_ws/install/week1_tutorials:/home/harshit/mrt_ws/install/week0_tutorials:/home/harshit/mrt_ws/install/sauron:/home/harshit/mrt_ws/install/odom_tf_publisher:/home/harshit/mrt_ws/install/mrs_hudson:/home/harshit/mrt_ws/install/assgn:/home/harshit/mrt_ws/install/aruco_detection:/home/harshit/urdf_rviz/install/urdf_testing:/home/harshit/urdf_rviz/install/robot_car:/opt/ros/humble /usr/bin/cmake /home/harshit/erc-ros-assignment/src/turtlebot3_simulations/turtlebot3_gazebo -DAMENT_CMAKE_SYMLINK_INSTALL=1 -DCMAKE_INSTALL_PREFIX=/home/harshit/erc-ros-assignment/install/turtlebot3_gazebo
[0.111s] [0mCMake Deprecation Warning at CMakeLists.txt:4 (cmake_minimum_required):
[0.112s]   Compatibility with CMake < 3.10 will be removed from a future version of
[0.112s]   CMake.
[0.113s] 
[0.113s]   Update the VERSION argument <min> value.  Or, use the <min>...<max> syntax
[0.113s]   to tell CMake that the project requires at least <min> but has been updated
[0.113s]   to work with policies introduced by <max> or earlier.
[0.113s] 
[0.114s] [0m
[0.484s] -- The C compiler identification is GNU 11.4.0
[0.777s] -- The CXX compiler identification is GNU 11.4.0
[0.798s] -- Detecting C compiler ABI info
[0.936s] -- Detecting C compiler ABI info - done
[0.991s] -- Check for working C compiler: /usr/bin/cc - skipped
[0.993s] -- Detecting C compile features
[0.994s] -- Detecting C compile features - done
[1.028s] -- Detecting CXX compiler ABI info
[1.186s] -- Detecting CXX compiler ABI info - done
[1.268s] -- Check for working CXX compiler: /usr/bin/c++ - skipped
[1.268s] -- Detecting CXX compile features
[1.269s] -- Detecting CXX compile features - done
[1.286s] -- Found ament_cmake: 1.3.11 (/opt/ros/humble/share/ament_cmake/cmake)
[1.706s] -- Found Python3: /usr/bin/python3 (found version "3.10.12") found components: Interpreter
[1.911s] -- Override CMake install command with custom implementation using symlinks instead of copying resources
[2.326s] [31mCMake Error at CMakeLists.txt:23 (find_package):
[2.326s]   By not providing "Findgazebo.cmake" in CMAKE_MODULE_PATH this project has
[2.326s]   asked CMake to find a package configuration file provided by "gazebo", but
[2.326s]   CMake did not find one.
[2.326s] 
[2.327s]   Could not find a package configuration file provided by "gazebo" with any
[2.327s]   of the following names:
[2.327s] 
[2.327s]     gazeboConfig.cmake
[2.327s]     gazebo-config.cmake
[2.327s] 
[2.327s]   Add the installation prefix of "gazebo" to CMAKE_PREFIX_PATH or set
[2.327s]   "gazebo_DIR" to a directory containing one of the above files.  If "gazebo"
[2.328s]   provides a separate development package or SDK, be sure it has been
[2.328s]   installed.
[2.328s] 
[2.328s] [0m
[2.328s] -- Configuring incomplete, errors occurred!
[2.419s] Invoked command in '/home/harshit/erc-ros-assignment/build/turtlebot3_gazebo' returned '1': CMAKE_PREFIX_PATH=${CMAKE_PREFIX_PATH}:/home/harshit/erc-ros-assignment/install/turtlebot3_teleop:/home/harshit/erc-ros-assignment/install/turtlebot3_example:/home/harshit/mrt_ws/install/week1_tutorials:/home/harshit/mrt_ws/install/week0_tutorials:/home/harshit/mrt_ws/install/sauron:/home/harshit/mrt_ws/install/odom_tf_publisher:/home/harshit/mrt_ws/install/mrs_hudson:/home/harshit/mrt_ws/install/assgn:/home/harshit/mrt_ws/install/aruco_detection:/home/harshit/urdf_rviz/install/urdf_testing:/home/harshit/urdf_rviz/install/robot_car:/opt/ros/humble /usr/bin/cmake /home/harshit/erc-ros-assignment/src/turtlebot3_simulations/turtlebot3_gazebo -DAMENT_CMAKE_SYMLINK_INSTALL=1 -DCMAKE_INSTALL_PREFIX=/home/harshit/erc-ros-assignment/install/turtlebot3_gazebo
