[0.029s] Invoking command in '/home/harshit/erc-ros-assignment/build/turtlebot3_bringup': AMENT_PREFIX_PATH=/home/harshit/erc-ros-assignment/install/turtlebot3_node:/home/harshit/erc-ros-assignment/install/turtlebot3_msgs:/home/harshit/erc-ros-assignment/install/turtlebot3_description:/home/harshit/erc-ros-assignment/install/dynamixel_sdk:${AMENT_PREFIX_PATH} CMAKE_PREFIX_PATH=/home/harshit/erc-ros-assignment/install/turtlebot3_node:/home/harshit/erc-ros-assignment/install/turtlebot3_msgs:/home/harshit/erc-ros-assignment/install/turtlebot3_description:/home/harshit/erc-ros-assignment/install/dynamixel_sdk:/home/harshit/mrt_ws/install/aruco_detection_interfaces:/home/harshit/mrt_ws/install/week1_tutorials:/home/harshit/mrt_ws/install/week0_tutorials:/home/harshit/mrt_ws/install/sauron:/home/harshit/mrt_ws/install/odom_tf_publisher:/home/harshit/mrt_ws/install/mrs_hudson:/home/harshit/mrt_ws/install/assgn:/home/harshit/mrt_ws/install/aruco_detection:/home/harshit/urdf_rviz/install/urdf_testing:/home/harshit/urdf_rviz/install/robot_car:/opt/ros/humble LD_LIBRARY_PATH=/home/harshit/erc-ros-assignment/install/turtlebot3_msgs/lib:/home/harshit/erc-ros-assignment/install/dynamixel_sdk/lib:${LD_LIBRARY_PATH} PYTHONPATH=/home/harshit/erc-ros-assignment/install/turtlebot3_msgs/local/lib/python3.10/dist-packages:/home/harshit/erc-ros-assignment/install/dynamixel_sdk/local/lib/python3.10/dist-packages:${PYTHONPATH} /usr/bin/cmake /home/harshit/erc-ros-assignment/src/turtlebot3/turtlebot3_bringup -DAMENT_CMAKE_SYMLINK_INSTALL=1 -DCMAKE_INSTALL_PREFIX=/home/harshit/erc-ros-assignment/install/turtlebot3_bringup
[0.036s] [0mCMake Deprecation Warning at CMakeLists.txt:4 (cmake_minimum_required):
[0.037s]   Compatibility with CMake < 3.10 will be removed from a future version of
[0.037s]   CMake.
[0.037s] 
[0.037s]   Update the VERSION argument <min> value.  Or, use the <min>...<max> syntax
[0.037s]   to tell CMake that the project requires at least <min> but has been updated
[0.037s]   to work with policies introduced by <max> or earlier.
[0.038s] 
[0.038s] [0m
[0.143s] -- The C compiler identification is GNU 11.4.0
[0.346s] -- The CXX compiler identification is GNU 11.4.0
[0.381s] -- Detecting C compiler ABI info
[0.548s] -- Detecting C compiler ABI info - done
[0.602s] -- Check for working C compiler: /usr/bin/cc - skipped
[0.603s] -- Detecting C compile features
[0.605s] -- Detecting C compile features - done
[0.644s] -- Detecting CXX compiler ABI info
[0.861s] -- Detecting CXX compiler ABI info - done
[0.914s] -- Check for working CXX compiler: /usr/bin/c++ - skipped
[0.915s] -- Detecting CXX compile features
[0.917s] -- Detecting CXX compile features - done
[0.947s] -- Found ament_cmake: 1.3.11 (/opt/ros/humble/share/ament_cmake/cmake)
[1.343s] -- Found Python3: /usr/bin/python3 (found version "3.10.12") found components: Interpreter
[1.496s] -- Override CMake install command with custom implementation using symlinks instead of copying resources
[1.831s] -- Configuring done (1.8s)
[1.837s] -- Generating done (0.0s)
[1.840s] -- Build files have been written to: /home/harshit/erc-ros-assignment/build/turtlebot3_bringup
[1.847s] Invoked command in '/home/harshit/erc-ros-assignment/build/turtlebot3_bringup' returned '0': AMENT_PREFIX_PATH=/home/harshit/erc-ros-assignment/install/turtlebot3_node:/home/harshit/erc-ros-assignment/install/turtlebot3_msgs:/home/harshit/erc-ros-assignment/install/turtlebot3_description:/home/harshit/erc-ros-assignment/install/dynamixel_sdk:${AMENT_PREFIX_PATH} CMAKE_PREFIX_PATH=/home/harshit/erc-ros-assignment/install/turtlebot3_node:/home/harshit/erc-ros-assignment/install/turtlebot3_msgs:/home/harshit/erc-ros-assignment/install/turtlebot3_description:/home/harshit/erc-ros-assignment/install/dynamixel_sdk:/home/harshit/mrt_ws/install/aruco_detection_interfaces:/home/harshit/mrt_ws/install/week1_tutorials:/home/harshit/mrt_ws/install/week0_tutorials:/home/harshit/mrt_ws/install/sauron:/home/harshit/mrt_ws/install/odom_tf_publisher:/home/harshit/mrt_ws/install/mrs_hudson:/home/harshit/mrt_ws/install/assgn:/home/harshit/mrt_ws/install/aruco_detection:/home/harshit/urdf_rviz/install/urdf_testing:/home/harshit/urdf_rviz/install/robot_car:/opt/ros/humble LD_LIBRARY_PATH=/home/harshit/erc-ros-assignment/install/turtlebot3_msgs/lib:/home/harshit/erc-ros-assignment/install/dynamixel_sdk/lib:${LD_LIBRARY_PATH} PYTHONPATH=/home/harshit/erc-ros-assignment/install/turtlebot3_msgs/local/lib/python3.10/dist-packages:/home/harshit/erc-ros-assignment/install/dynamixel_sdk/local/lib/python3.10/dist-packages:${PYTHONPATH} /usr/bin/cmake /home/harshit/erc-ros-assignment/src/turtlebot3/turtlebot3_bringup -DAMENT_CMAKE_SYMLINK_INSTALL=1 -DCMAKE_INSTALL_PREFIX=/home/harshit/erc-ros-assignment/install/turtlebot3_bringup
[1.850s] Invoking command in '/home/harshit/erc-ros-assignment/build/turtlebot3_bringup': AMENT_PREFIX_PATH=/home/harshit/erc-ros-assignment/install/turtlebot3_node:/home/harshit/erc-ros-assignment/install/turtlebot3_msgs:/home/harshit/erc-ros-assignment/install/turtlebot3_description:/home/harshit/erc-ros-assignment/install/dynamixel_sdk:${AMENT_PREFIX_PATH} CMAKE_PREFIX_PATH=/home/harshit/erc-ros-assignment/install/turtlebot3_node:/home/harshit/erc-ros-assignment/install/turtlebot3_msgs:/home/harshit/erc-ros-assignment/install/turtlebot3_description:/home/harshit/erc-ros-assignment/install/dynamixel_sdk:/home/harshit/mrt_ws/install/aruco_detection_interfaces:/home/harshit/mrt_ws/install/week1_tutorials:/home/harshit/mrt_ws/install/week0_tutorials:/home/harshit/mrt_ws/install/sauron:/home/harshit/mrt_ws/install/odom_tf_publisher:/home/harshit/mrt_ws/install/mrs_hudson:/home/harshit/mrt_ws/install/assgn:/home/harshit/mrt_ws/install/aruco_detection:/home/harshit/urdf_rviz/install/urdf_testing:/home/harshit/urdf_rviz/install/robot_car:/opt/ros/humble LD_LIBRARY_PATH=/home/harshit/erc-ros-assignment/install/turtlebot3_msgs/lib:/home/harshit/erc-ros-assignment/install/dynamixel_sdk/lib:${LD_LIBRARY_PATH} PYTHONPATH=/home/harshit/erc-ros-assignment/install/turtlebot3_msgs/local/lib/python3.10/dist-packages:/home/harshit/erc-ros-assignment/install/dynamixel_sdk/local/lib/python3.10/dist-packages:${PYTHONPATH} /usr/bin/cmake --build /home/harshit/erc-ros-assignment/build/turtlebot3_bringup -- -j8 -l8
[1.888s] Invoked command in '/home/harshit/erc-ros-assignment/build/turtlebot3_bringup' returned '0': AMENT_PREFIX_PATH=/home/harshit/erc-ros-assignment/install/turtlebot3_node:/home/harshit/erc-ros-assignment/install/turtlebot3_msgs:/home/harshit/erc-ros-assignment/install/turtlebot3_description:/home/harshit/erc-ros-assignment/install/dynamixel_sdk:${AMENT_PREFIX_PATH} CMAKE_PREFIX_PATH=/home/harshit/erc-ros-assignment/install/turtlebot3_node:/home/harshit/erc-ros-assignment/install/turtlebot3_msgs:/home/harshit/erc-ros-assignment/install/turtlebot3_description:/home/harshit/erc-ros-assignment/install/dynamixel_sdk:/home/harshit/mrt_ws/install/aruco_detection_interfaces:/home/harshit/mrt_ws/install/week1_tutorials:/home/harshit/mrt_ws/install/week0_tutorials:/home/harshit/mrt_ws/install/sauron:/home/harshit/mrt_ws/install/odom_tf_publisher:/home/harshit/mrt_ws/install/mrs_hudson:/home/harshit/mrt_ws/install/assgn:/home/harshit/mrt_ws/install/aruco_detection:/home/harshit/urdf_rviz/install/urdf_testing:/home/harshit/urdf_rviz/install/robot_car:/opt/ros/humble LD_LIBRARY_PATH=/home/harshit/erc-ros-assignment/install/turtlebot3_msgs/lib:/home/harshit/erc-ros-assignment/install/dynamixel_sdk/lib:${LD_LIBRARY_PATH} PYTHONPATH=/home/harshit/erc-ros-assignment/install/turtlebot3_msgs/local/lib/python3.10/dist-packages:/home/harshit/erc-ros-assignment/install/dynamixel_sdk/local/lib/python3.10/dist-packages:${PYTHONPATH} /usr/bin/cmake --build /home/harshit/erc-ros-assignment/build/turtlebot3_bringup -- -j8 -l8
[1.891s] Invoking command in '/home/harshit/erc-ros-assignment/build/turtlebot3_bringup': AMENT_PREFIX_PATH=/home/harshit/erc-ros-assignment/install/turtlebot3_node:/home/harshit/erc-ros-assignment/install/turtlebot3_msgs:/home/harshit/erc-ros-assignment/install/turtlebot3_description:/home/harshit/erc-ros-assignment/install/dynamixel_sdk:${AMENT_PREFIX_PATH} CMAKE_PREFIX_PATH=/home/harshit/erc-ros-assignment/install/turtlebot3_node:/home/harshit/erc-ros-assignment/install/turtlebot3_msgs:/home/harshit/erc-ros-assignment/install/turtlebot3_description:/home/harshit/erc-ros-assignment/install/dynamixel_sdk:/home/harshit/mrt_ws/install/aruco_detection_interfaces:/home/harshit/mrt_ws/install/week1_tutorials:/home/harshit/mrt_ws/install/week0_tutorials:/home/harshit/mrt_ws/install/sauron:/home/harshit/mrt_ws/install/odom_tf_publisher:/home/harshit/mrt_ws/install/mrs_hudson:/home/harshit/mrt_ws/install/assgn:/home/harshit/mrt_ws/install/aruco_detection:/home/harshit/urdf_rviz/install/urdf_testing:/home/harshit/urdf_rviz/install/robot_car:/opt/ros/humble LD_LIBRARY_PATH=/home/harshit/erc-ros-assignment/install/turtlebot3_msgs/lib:/home/harshit/erc-ros-assignment/install/dynamixel_sdk/lib:${LD_LIBRARY_PATH} PYTHONPATH=/home/harshit/erc-ros-assignment/install/turtlebot3_msgs/local/lib/python3.10/dist-packages:/home/harshit/erc-ros-assignment/install/dynamixel_sdk/local/lib/python3.10/dist-packages:${PYTHONPATH} /usr/bin/cmake --install /home/harshit/erc-ros-assignment/build/turtlebot3_bringup
[1.898s] -- Install configuration: ""
[1.899s] -- Execute custom install script
[1.900s] -- Symlinking: /home/harshit/erc-ros-assignment/install/turtlebot3_bringup/share/turtlebot3_bringup/launch/robot.launch.py
[1.908s] -- Symlinking: /home/harshit/erc-ros-assignment/install/turtlebot3_bringup/share/turtlebot3_bringup/launch/rviz2.launch.py
[1.916s] -- Symlinking: /home/harshit/erc-ros-assignment/install/turtlebot3_bringup/share/turtlebot3_bringup/launch/turtlebot3_state_publisher.launch.py
[1.924s] -- Symlinking: /home/harshit/erc-ros-assignment/install/turtlebot3_bringup/share/turtlebot3_bringup/param/burger.yaml
[1.931s] -- Symlinking: /home/harshit/erc-ros-assignment/install/turtlebot3_bringup/share/turtlebot3_bringup/param/humble/burger.yaml
[1.938s] -- Symlinking: /home/harshit/erc-ros-assignment/install/turtlebot3_bringup/share/turtlebot3_bringup/param/humble/waffle.yaml
[1.946s] -- Symlinking: /home/harshit/erc-ros-assignment/install/turtlebot3_bringup/share/turtlebot3_bringup/param/humble/waffle_pi.yaml
[1.953s] -- Symlinking: /home/harshit/erc-ros-assignment/install/turtlebot3_bringup/share/turtlebot3_bringup/param/waffle.yaml
[1.961s] -- Symlinking: /home/harshit/erc-ros-assignment/install/turtlebot3_bringup/share/turtlebot3_bringup/param/waffle_pi.yaml
[1.968s] -- Symlinking: /home/harshit/erc-ros-assignment/install/turtlebot3_bringup/share/turtlebot3_bringup/script/99-turtlebot3-cdc.rules
[1.977s] -- Symlinking: /home/harshit/erc-ros-assignment/install/turtlebot3_bringup/share/turtlebot3_bringup/script/create_udev_rules
[1.984s] -- Symlinking: /home/harshit/erc-ros-assignment/install/turtlebot3_bringup/share/ament_index/resource_index/package_run_dependencies/turtlebot3_bringup
[1.992s] -- Symlinking: /home/harshit/erc-ros-assignment/install/turtlebot3_bringup/share/ament_index/resource_index/parent_prefix_path/turtlebot3_bringup
[2.000s] -- Symlinking: /home/harshit/erc-ros-assignment/install/turtlebot3_bringup/share/turtlebot3_bringup/environment/ament_prefix_path.sh
[2.008s] -- Symlinking: /home/harshit/erc-ros-assignment/install/turtlebot3_bringup/share/turtlebot3_bringup/environment/ament_prefix_path.dsv
[2.016s] -- Symlinking: /home/harshit/erc-ros-assignment/install/turtlebot3_bringup/share/turtlebot3_bringup/environment/path.sh
[2.024s] -- Symlinking: /home/harshit/erc-ros-assignment/install/turtlebot3_bringup/share/turtlebot3_bringup/environment/path.dsv
[2.033s] -- Symlinking: /home/harshit/erc-ros-assignment/install/turtlebot3_bringup/share/turtlebot3_bringup/local_setup.bash
[2.040s] -- Symlinking: /home/harshit/erc-ros-assignment/install/turtlebot3_bringup/share/turtlebot3_bringup/local_setup.sh
[2.049s] -- Symlinking: /home/harshit/erc-ros-assignment/install/turtlebot3_bringup/share/turtlebot3_bringup/local_setup.zsh
[2.056s] -- Symlinking: /home/harshit/erc-ros-assignment/install/turtlebot3_bringup/share/turtlebot3_bringup/local_setup.dsv
[2.065s] -- Symlinking: /home/harshit/erc-ros-assignment/install/turtlebot3_bringup/share/turtlebot3_bringup/package.dsv
[2.073s] -- Symlinking: /home/harshit/erc-ros-assignment/install/turtlebot3_bringup/share/ament_index/resource_index/packages/turtlebot3_bringup
[2.080s] -- Symlinking: /home/harshit/erc-ros-assignment/install/turtlebot3_bringup/share/turtlebot3_bringup/cmake/turtlebot3_bringupConfig.cmake
[2.088s] -- Symlinking: /home/harshit/erc-ros-assignment/install/turtlebot3_bringup/share/turtlebot3_bringup/cmake/turtlebot3_bringupConfig-version.cmake
[2.095s] -- Symlinking: /home/harshit/erc-ros-assignment/install/turtlebot3_bringup/share/turtlebot3_bringup/package.xml
[2.107s] Invoked command in '/home/harshit/erc-ros-assignment/build/turtlebot3_bringup' returned '0': AMENT_PREFIX_PATH=/home/harshit/erc-ros-assignment/install/turtlebot3_node:/home/harshit/erc-ros-assignment/install/turtlebot3_msgs:/home/harshit/erc-ros-assignment/install/turtlebot3_description:/home/harshit/erc-ros-assignment/install/dynamixel_sdk:${AMENT_PREFIX_PATH} CMAKE_PREFIX_PATH=/home/harshit/erc-ros-assignment/install/turtlebot3_node:/home/harshit/erc-ros-assignment/install/turtlebot3_msgs:/home/harshit/erc-ros-assignment/install/turtlebot3_description:/home/harshit/erc-ros-assignment/install/dynamixel_sdk:/home/harshit/mrt_ws/install/aruco_detection_interfaces:/home/harshit/mrt_ws/install/week1_tutorials:/home/harshit/mrt_ws/install/week0_tutorials:/home/harshit/mrt_ws/install/sauron:/home/harshit/mrt_ws/install/odom_tf_publisher:/home/harshit/mrt_ws/install/mrs_hudson:/home/harshit/mrt_ws/install/assgn:/home/harshit/mrt_ws/install/aruco_detection:/home/harshit/urdf_rviz/install/urdf_testing:/home/harshit/urdf_rviz/install/robot_car:/opt/ros/humble LD_LIBRARY_PATH=/home/harshit/erc-ros-assignment/install/turtlebot3_msgs/lib:/home/harshit/erc-ros-assignment/install/dynamixel_sdk/lib:${LD_LIBRARY_PATH} PYTHONPATH=/home/harshit/erc-ros-assignment/install/turtlebot3_msgs/local/lib/python3.10/dist-packages:/home/harshit/erc-ros-assignment/install/dynamixel_sdk/local/lib/python3.10/dist-packages:${PYTHONPATH} /usr/bin/cmake --install /home/harshit/erc-ros-assignment/build/turtlebot3_bringup
