[0.077s] Invoking command in '/home/harshit/erc-ros-assignment/build/turtlebot3_msgs': CMAKE_PREFIX_PATH=${CMAKE_PREFIX_PATH}:/home/harshit/mrt_ws/install/week1_tutorials:/home/harshit/mrt_ws/install/week0_tutorials:/home/harshit/mrt_ws/install/sauron:/home/harshit/mrt_ws/install/odom_tf_publisher:/home/harshit/mrt_ws/install/mrs_hudson:/home/harshit/mrt_ws/install/assgn:/home/harshit/mrt_ws/install/aruco_detection:/home/harshit/urdf_rviz/install/urdf_testing:/home/harshit/urdf_rviz/install/robot_car:/opt/ros/humble /usr/bin/cmake /home/harshit/erc-ros-assignment/src/turtlebot3_msgs -DAMENT_CMAKE_SYMLINK_INSTALL=1 -DCMAKE_INSTALL_PREFIX=/home/harshit/erc-ros-assignment/install/turtlebot3_msgs
[0.106s] [0mCMake Deprecation Warning at CMakeLists.txt:4 (cmake_minimum_required):
[0.106s]   Compatibility with CMake < 3.10 will be removed from a future version of
[0.106s]   CMake.
[0.106s] 
[0.106s]   Update the VERSION argument <min> value.  Or, use the <min>...<max> syntax
[0.107s]   to tell CMake that the project requires at least <min> but has been updated
[0.107s]   to work with policies introduced by <max> or earlier.
[0.107s] 
[0.107s] [0m
[0.360s] -- The C compiler identification is GNU 11.4.0
[0.597s] -- The CXX compiler identification is GNU 11.4.0
[0.629s] -- Detecting C compiler ABI info
[0.819s] -- Detecting C compiler ABI info - done
[0.876s] -- Check for working C compiler: /usr/bin/cc - skipped
[0.877s] -- Detecting C compile features
[0.878s] -- Detecting C compile features - done
[0.912s] -- Detecting CXX compiler ABI info
[1.110s] -- Detecting CXX compiler ABI info - done
[1.172s] -- Check for working CXX compiler: /usr/bin/c++ - skipped
[1.173s] -- Detecting CXX compile features
[1.175s] -- Detecting CXX compile features - done
[1.212s] -- Found action_msgs: 1.2.1 (/opt/ros/humble/share/action_msgs/cmake)
[1.666s] -- Found Python3: /usr/bin/python3 (found version "3.10.12") found components: Interpreter
[1.917s] -- Override CMake install command with custom implementation using symlinks instead of copying resources
[2.512s] -- Found rosidl_generator_c: 3.1.6 (/opt/ros/humble/share/rosidl_generator_c/cmake)
[2.575s] -- Found rosidl_adapter: 3.1.6 (/opt/ros/humble/share/rosidl_adapter/cmake)
[2.636s] -- Found rosidl_generator_cpp: 3.1.6 (/opt/ros/humble/share/rosidl_generator_cpp/cmake)
[2.726s] -- Using all available rosidl_typesupport_c: rosidl_typesupport_fastrtps_c;rosidl_typesupport_introspection_c
[2.849s] -- Using all available rosidl_typesupport_cpp: rosidl_typesupport_fastrtps_cpp;rosidl_typesupport_introspection_cpp
[3.267s] -- Found rosidl_default_generators: 1.2.0 (/opt/ros/humble/share/rosidl_default_generators/cmake)
[3.362s] -- Found std_msgs: 4.8.0 (/opt/ros/humble/share/std_msgs/cmake)
[3.558s] -- Found geometry_msgs: 4.8.0 (/opt/ros/humble/share/geometry_msgs/cmake)
[5.980s] -- Found ament_cmake_cppcheck: 0.12.12 (/opt/ros/humble/share/ament_cmake_cppcheck/cmake)
[5.995s] -- Found ament_cmake_cpplint: 0.12.12 (/opt/ros/humble/share/ament_cmake_cpplint/cmake)
[6.010s] -- Found ament_cmake_uncrustify: 0.12.12 (/opt/ros/humble/share/ament_cmake_uncrustify/cmake)
[6.027s] -- Found ament_cmake_ros: 0.10.0 (/opt/ros/humble/share/ament_cmake_ros/cmake)
[7.965s] -- Using all available rosidl_typesupport_c: rosidl_typesupport_fastrtps_c;rosidl_typesupport_introspection_c
[8.719s] -- Using all available rosidl_typesupport_cpp: rosidl_typesupport_fastrtps_cpp;rosidl_typesupport_introspection_cpp
[8.726s] [33mCMake Warning (dev) at /opt/ros/humble/share/rosidl_generator_py/cmake/rosidl_generator_py_generate_interfaces.cmake:20 (find_package):
[8.727s]   Policy CMP0148 is not set: The FindPythonInterp and FindPythonLibs modules
[8.727s]   are removed.  Run "cmake --help-policy CMP0148" for policy details.  Use
[8.727s]   the cmake_policy command to set the policy and suppress this warning.
[8.727s] 
[8.727s] Call Stack (most recent call first):
[8.728s]   /opt/ros/humble/share/ament_cmake_core/cmake/core/ament_execute_extensions.cmake:48 (include)
[8.728s]   /opt/ros/humble/share/rosidl_cmake/cmake/rosidl_generate_interfaces.cmake:286 (ament_execute_extensions)
[8.728s]   CMakeLists.txt:46 (rosidl_generate_interfaces)
[8.728s] This warning is for project developers.  Use -Wno-dev to suppress it.
[8.728s] [0m
[8.776s] -- Found PythonInterp: /usr/bin/python3 (found suitable version "3.10.12", minimum required is "3.6")
[8.788s] -- Found python_cmake_module: 0.10.0 (/opt/ros/humble/share/python_cmake_module/cmake)
[8.789s] [33mCMake Warning (dev) at /opt/ros/humble/share/python_cmake_module/cmake/Modules/FindPythonExtra.cmake:52 (find_package):
[8.789s]   Policy CMP0148 is not set: The FindPythonInterp and FindPythonLibs modules
[8.790s]   are removed.  Run "cmake --help-policy CMP0148" for policy details.  Use
[8.790s]   the cmake_policy command to set the policy and suppress this warning.
[8.790s] 
[8.790s] Call Stack (most recent call first):
[8.790s]   /opt/ros/humble/share/rosidl_generator_py/cmake/rosidl_generator_py_generate_interfaces.cmake:23 (find_package)
[8.791s]   /opt/ros/humble/share/ament_cmake_core/cmake/core/ament_execute_extensions.cmake:48 (include)
[8.791s]   /opt/ros/humble/share/rosidl_cmake/cmake/rosidl_generate_interfaces.cmake:286 (ament_execute_extensions)
[8.791s]   CMakeLists.txt:46 (rosidl_generate_interfaces)
[8.791s] This warning is for project developers.  Use -Wno-dev to suppress it.
[8.791s] [0m
[8.836s] [33mCMake Warning (dev) at /opt/ros/humble/share/python_cmake_module/cmake/Modules/FindPythonExtra.cmake:140 (find_package):
[8.836s]   Policy CMP0148 is not set: The FindPythonInterp and FindPythonLibs modules
[8.836s]   are removed.  Run "cmake --help-policy CMP0148" for policy details.  Use
[8.836s]   the cmake_policy command to set the policy and suppress this warning.
[8.836s] 
[8.836s] Call Stack (most recent call first):
[8.837s]   /opt/ros/humble/share/rosidl_generator_py/cmake/rosidl_generator_py_generate_interfaces.cmake:23 (find_package)
[8.837s]   /opt/ros/humble/share/ament_cmake_core/cmake/core/ament_execute_extensions.cmake:48 (include)
[8.837s]   /opt/ros/humble/share/rosidl_cmake/cmake/rosidl_generate_interfaces.cmake:286 (ament_execute_extensions)
[8.837s]   CMakeLists.txt:46 (rosidl_generate_interfaces)
[8.837s] This warning is for project developers.  Use -Wno-dev to suppress it.
[8.837s] [0m
[8.856s] -- Found PythonLibs: /usr/lib/x86_64-linux-gnu/libpython3.10.so (found suitable version "3.10.12", minimum required is "3.5")
[8.856s] -- Using PYTHON_EXECUTABLE: /usr/bin/python3
[8.856s] -- Using PYTHON_INCLUDE_DIRS: /usr/include/python3.10
[8.856s] -- Using PYTHON_LIBRARIES: /usr/lib/x86_64-linux-gnu/libpython3.10.so
[8.904s] -- Found PythonExtra: .so
[9.090s] -- Found ament_cmake_flake8: 0.12.12 (/opt/ros/humble/share/ament_cmake_flake8/cmake)
[9.109s] -- Found ament_cmake_pep257: 0.12.12 (/opt/ros/humble/share/ament_cmake_pep257/cmake)
[9.142s] -- Configuring done (9.0s)
[9.301s] -- Generating done (0.2s)
[9.324s] -- Build files have been written to: /home/harshit/erc-ros-assignment/build/turtlebot3_msgs
[9.346s] Invoked command in '/home/harshit/erc-ros-assignment/build/turtlebot3_msgs' returned '0': CMAKE_PREFIX_PATH=${CMAKE_PREFIX_PATH}:/home/harshit/mrt_ws/install/week1_tutorials:/home/harshit/mrt_ws/install/week0_tutorials:/home/harshit/mrt_ws/install/sauron:/home/harshit/mrt_ws/install/odom_tf_publisher:/home/harshit/mrt_ws/install/mrs_hudson:/home/harshit/mrt_ws/install/assgn:/home/harshit/mrt_ws/install/aruco_detection:/home/harshit/urdf_rviz/install/urdf_testing:/home/harshit/urdf_rviz/install/robot_car:/opt/ros/humble /usr/bin/cmake /home/harshit/erc-ros-assignment/src/turtlebot3_msgs -DAMENT_CMAKE_SYMLINK_INSTALL=1 -DCMAKE_INSTALL_PREFIX=/home/harshit/erc-ros-assignment/install/turtlebot3_msgs
[9.350s] Invoking command in '/home/harshit/erc-ros-assignment/build/turtlebot3_msgs': CMAKE_PREFIX_PATH=${CMAKE_PREFIX_PATH}:/home/harshit/mrt_ws/install/week1_tutorials:/home/harshit/mrt_ws/install/week0_tutorials:/home/harshit/mrt_ws/install/sauron:/home/harshit/mrt_ws/install/odom_tf_publisher:/home/harshit/mrt_ws/install/mrs_hudson:/home/harshit/mrt_ws/install/assgn:/home/harshit/mrt_ws/install/aruco_detection:/home/harshit/urdf_rviz/install/urdf_testing:/home/harshit/urdf_rviz/install/robot_car:/opt/ros/humble /usr/bin/cmake --build /home/harshit/erc-ros-assignment/build/turtlebot3_msgs -- -j8 -l8
[9.402s] [  1%] [34m[1mGenerating C code for ROS interfaces[0m
[9.419s] [  2%] [34m[1mGenerating C++ code for ROS interfaces[0m
[9.427s] [  2%] Built target ament_cmake_python_symlink_turtlebot3_msgs
[10.440s] running egg_info
[10.443s] creating turtlebot3_msgs.egg-info
[10.445s] writing turtlebot3_msgs.egg-info/PKG-INFO
[10.447s] writing dependency_links to turtlebot3_msgs.egg-info/dependency_links.txt
[10.451s] writing top-level names to turtlebot3_msgs.egg-info/top_level.txt
[10.452s] writing manifest file 'turtlebot3_msgs.egg-info/SOURCES.txt'
[10.452s] reading manifest file 'turtlebot3_msgs.egg-info/SOURCES.txt'
[10.452s] writing manifest file 'turtlebot3_msgs.egg-info/SOURCES.txt'
[10.538s] [  2%] Built target ament_cmake_python_build_turtlebot3_msgs_egg
[12.924s] [  4%] [32mBuilding C object CMakeFiles/turtlebot3_msgs__rosidl_generator_c.dir/rosidl_generator_c/turtlebot3_msgs/msg/detail/sensor_state__functions.c.o[0m
[12.924s] [  7%] [32mBuilding C object CMakeFiles/turtlebot3_msgs__rosidl_generator_c.dir/rosidl_generator_c/turtlebot3_msgs/msg/detail/sound__functions.c.o[0m
[12.924s] [  7%] [32mBuilding C object CMakeFiles/turtlebot3_msgs__rosidl_generator_c.dir/rosidl_generator_c/turtlebot3_msgs/msg/detail/version_info__functions.c.o[0m
[12.924s] [  9%] [32mBuilding C object CMakeFiles/turtlebot3_msgs__rosidl_generator_c.dir/rosidl_generator_c/turtlebot3_msgs/srv/detail/sound__functions.c.o[0m
[12.925s] [  9%] [32mBuilding C object CMakeFiles/turtlebot3_msgs__rosidl_generator_c.dir/rosidl_generator_c/turtlebot3_msgs/srv/detail/dqn__functions.c.o[0m
[12.925s] [ 11%] [32mBuilding C object CMakeFiles/turtlebot3_msgs__rosidl_generator_c.dir/rosidl_generator_c/turtlebot3_msgs/action/detail/patrol__functions.c.o[0m
[13.079s] [ 11%] Built target turtlebot3_msgs__cpp
[13.095s] [ 12%] [34m[1mGenerating C++ type support dispatch for ROS interfaces[0m
[13.102s] [ 14%] [34m[1mGenerating C++ introspection for ROS interfaces[0m
[13.104s] [ 15%] [34m[1mGenerating C++ type support for eProsima Fast-RTPS[0m
[13.284s] [ 16%] [32m[1mLinking C shared library libturtlebot3_msgs__rosidl_generator_c.so[0m
[13.345s] [ 16%] Built target turtlebot3_msgs__rosidl_generator_c
[13.363s] [ 19%] [34m[1mGenerating C type support for eProsima Fast-RTPS[0m
[13.363s] [ 19%] [34m[1mGenerating C type support dispatch for ROS interfaces[0m
[13.363s] [ 21%] [34m[1mGenerating C introspection for ROS interfaces[0m
[15.619s] [ 22%] [32mBuilding CXX object CMakeFiles/turtlebot3_msgs__rosidl_typesupport_cpp.dir/rosidl_typesupport_cpp/turtlebot3_msgs/msg/sound__type_support.cpp.o[0m
[15.622s] [ 23%] [32mBuilding CXX object CMakeFiles/turtlebot3_msgs__rosidl_typesupport_cpp.dir/rosidl_typesupport_cpp/turtlebot3_msgs/msg/sensor_state__type_support.cpp.o[0m
[15.626s] [ 25%] [32mBuilding CXX object CMakeFiles/turtlebot3_msgs__rosidl_typesupport_cpp.dir/rosidl_typesupport_cpp/turtlebot3_msgs/msg/version_info__type_support.cpp.o[0m
[15.893s] [ 26%] [32mBuilding CXX object CMakeFiles/turtlebot3_msgs__rosidl_typesupport_c.dir/rosidl_typesupport_c/turtlebot3_msgs/msg/sensor_state__type_support.cpp.o[0m
[16.006s] [ 28%] [32mBuilding CXX object CMakeFiles/turtlebot3_msgs__rosidl_typesupport_c.dir/rosidl_typesupport_c/turtlebot3_msgs/msg/sound__type_support.cpp.o[0m
[16.174s] [ 29%] [32mBuilding CXX object CMakeFiles/turtlebot3_msgs__rosidl_typesupport_c.dir/rosidl_typesupport_c/turtlebot3_msgs/msg/version_info__type_support.cpp.o[0m
[16.301s] [ 30%] [32mBuilding CXX object CMakeFiles/turtlebot3_msgs__rosidl_typesupport_c.dir/rosidl_typesupport_c/turtlebot3_msgs/srv/sound__type_support.cpp.o[0m
[16.325s] [ 32%] [32mBuilding CXX object CMakeFiles/turtlebot3_msgs__rosidl_typesupport_introspection_cpp.dir/rosidl_typesupport_introspection_cpp/turtlebot3_msgs/msg/detail/sensor_state__type_support.cpp.o[0m
[16.468s] [ 33%] [32mBuilding CXX object CMakeFiles/turtlebot3_msgs__rosidl_typesupport_c.dir/rosidl_typesupport_c/turtlebot3_msgs/srv/dqn__type_support.cpp.o[0m
[16.572s] [ 35%] [32mBuilding CXX object CMakeFiles/turtlebot3_msgs__rosidl_typesupport_introspection_cpp.dir/rosidl_typesupport_introspection_cpp/turtlebot3_msgs/msg/detail/sound__type_support.cpp.o[0m
[16.628s] [ 36%] [32mBuilding CXX object CMakeFiles/turtlebot3_msgs__rosidl_typesupport_c.dir/rosidl_typesupport_c/turtlebot3_msgs/action/patrol__type_support.cpp.o[0m
[16.680s] [ 38%] [32mBuilding CXX object CMakeFiles/turtlebot3_msgs__rosidl_typesupport_introspection_cpp.dir/rosidl_typesupport_introspection_cpp/turtlebot3_msgs/msg/detail/version_info__type_support.cpp.o[0m
[16.714s] [ 39%] [32mBuilding CXX object CMakeFiles/turtlebot3_msgs__rosidl_typesupport_cpp.dir/rosidl_typesupport_cpp/turtlebot3_msgs/srv/sound__type_support.cpp.o[0m
[16.738s] [ 40%] [32mBuilding C object CMakeFiles/turtlebot3_msgs__rosidl_typesupport_introspection_c.dir/rosidl_typesupport_introspection_c/turtlebot3_msgs/msg/detail/sensor_state__type_support.c.o[0m
[16.826s] [ 42%] [32m[1mLinking CXX shared library libturtlebot3_msgs__rosidl_typesupport_c.so[0m
[16.846s] [ 43%] [32mBuilding C object CMakeFiles/turtlebot3_msgs__rosidl_typesupport_introspection_c.dir/rosidl_typesupport_introspection_c/turtlebot3_msgs/msg/detail/sound__type_support.c.o[0m
[16.933s] [ 45%] [32mBuilding C object CMakeFiles/turtlebot3_msgs__rosidl_typesupport_introspection_c.dir/rosidl_typesupport_introspection_c/turtlebot3_msgs/msg/detail/version_info__type_support.c.o[0m
[16.934s] [ 46%] [32mBuilding CXX object CMakeFiles/turtlebot3_msgs__rosidl_typesupport_fastrtps_cpp.dir/rosidl_typesupport_fastrtps_cpp/turtlebot3_msgs/msg/detail/dds_fastrtps/sensor_state__type_support.cpp.o[0m
[17.019s] [ 47%] [32mBuilding C object CMakeFiles/turtlebot3_msgs__rosidl_typesupport_introspection_c.dir/rosidl_typesupport_introspection_c/turtlebot3_msgs/srv/detail/sound__type_support.c.o[0m
[17.036s] [ 47%] Built target turtlebot3_msgs__rosidl_typesupport_c
[17.053s] [ 49%] [32mBuilding CXX object CMakeFiles/turtlebot3_msgs__rosidl_typesupport_introspection_cpp.dir/rosidl_typesupport_introspection_cpp/turtlebot3_msgs/srv/detail/sound__type_support.cpp.o[0m
[17.123s] [ 50%] [32mBuilding C object CMakeFiles/turtlebot3_msgs__rosidl_typesupport_introspection_c.dir/rosidl_typesupport_introspection_c/turtlebot3_msgs/srv/detail/dqn__type_support.c.o[0m
[17.251s] [ 52%] [32mBuilding C object CMakeFiles/turtlebot3_msgs__rosidl_typesupport_introspection_c.dir/rosidl_typesupport_introspection_c/turtlebot3_msgs/action/detail/patrol__type_support.c.o[0m
[17.299s] [ 53%] [32mBuilding CXX object CMakeFiles/turtlebot3_msgs__rosidl_typesupport_fastrtps_c.dir/rosidl_typesupport_fastrtps_c/turtlebot3_msgs/msg/detail/sensor_state__type_support_c.cpp.o[0m
[17.470s] [ 54%] [32m[1mLinking C shared library libturtlebot3_msgs__rosidl_typesupport_introspection_c.so[0m
[17.580s] [ 54%] Built target turtlebot3_msgs__rosidl_typesupport_introspection_c
[17.599s] [ 56%] [32mBuilding CXX object CMakeFiles/turtlebot3_msgs__rosidl_typesupport_cpp.dir/rosidl_typesupport_cpp/turtlebot3_msgs/srv/dqn__type_support.cpp.o[0m
[17.699s] [ 57%] [32mBuilding CXX object CMakeFiles/turtlebot3_msgs__rosidl_typesupport_fastrtps_cpp.dir/rosidl_typesupport_fastrtps_cpp/turtlebot3_msgs/msg/detail/dds_fastrtps/sound__type_support.cpp.o[0m
[17.741s] [ 59%] [32mBuilding CXX object CMakeFiles/turtlebot3_msgs__rosidl_typesupport_fastrtps_cpp.dir/rosidl_typesupport_fastrtps_cpp/turtlebot3_msgs/msg/detail/dds_fastrtps/version_info__type_support.cpp.o[0m
[17.886s] [ 60%] [32mBuilding CXX object CMakeFiles/turtlebot3_msgs__rosidl_typesupport_fastrtps_c.dir/rosidl_typesupport_fastrtps_c/turtlebot3_msgs/msg/detail/sound__type_support_c.cpp.o[0m
[18.003s] [ 61%] [32mBuilding CXX object CMakeFiles/turtlebot3_msgs__rosidl_typesupport_fastrtps_c.dir/rosidl_typesupport_fastrtps_c/turtlebot3_msgs/msg/detail/version_info__type_support_c.cpp.o[0m
[18.354s] [ 63%] [32mBuilding CXX object CMakeFiles/turtlebot3_msgs__rosidl_typesupport_introspection_cpp.dir/rosidl_typesupport_introspection_cpp/turtlebot3_msgs/srv/detail/dqn__type_support.cpp.o[0m
[18.391s] [ 64%] [32mBuilding CXX object CMakeFiles/turtlebot3_msgs__rosidl_typesupport_introspection_cpp.dir/rosidl_typesupport_introspection_cpp/turtlebot3_msgs/action/detail/patrol__type_support.cpp.o[0m
[18.601s] [ 66%] [32mBuilding CXX object CMakeFiles/turtlebot3_msgs__rosidl_typesupport_cpp.dir/rosidl_typesupport_cpp/turtlebot3_msgs/action/patrol__type_support.cpp.o[0m
[18.662s] [ 67%] [32mBuilding CXX object CMakeFiles/turtlebot3_msgs__rosidl_typesupport_fastrtps_c.dir/rosidl_typesupport_fastrtps_c/turtlebot3_msgs/srv/detail/sound__type_support_c.cpp.o[0m
[19.129s] [ 69%] [32mBuilding CXX object CMakeFiles/turtlebot3_msgs__rosidl_typesupport_fastrtps_cpp.dir/rosidl_typesupport_fastrtps_cpp/turtlebot3_msgs/srv/detail/dds_fastrtps/sound__type_support.cpp.o[0m
[19.136s] [ 70%] [32mBuilding CXX object CMakeFiles/turtlebot3_msgs__rosidl_typesupport_fastrtps_c.dir/rosidl_typesupport_fastrtps_c/turtlebot3_msgs/srv/detail/dqn__type_support_c.cpp.o[0m
[19.214s] [ 71%] [32mBuilding CXX object CMakeFiles/turtlebot3_msgs__rosidl_typesupport_fastrtps_c.dir/rosidl_typesupport_fastrtps_c/turtlebot3_msgs/action/detail/patrol__type_support_c.cpp.o[0m
[19.255s] [ 73%] [32mBuilding CXX object CMakeFiles/turtlebot3_msgs__rosidl_typesupport_fastrtps_cpp.dir/rosidl_typesupport_fastrtps_cpp/turtlebot3_msgs/srv/detail/dds_fastrtps/dqn__type_support.cpp.o[0m
[20.120s] [ 74%] [32mBuilding CXX object CMakeFiles/turtlebot3_msgs__rosidl_typesupport_fastrtps_cpp.dir/rosidl_typesupport_fastrtps_cpp/turtlebot3_msgs/action/detail/dds_fastrtps/patrol__type_support.cpp.o[0m
[20.277s] [ 76%] [32m[1mLinking CXX shared library libturtlebot3_msgs__rosidl_typesupport_cpp.so[0m
[20.391s] [ 76%] Built target turtlebot3_msgs__rosidl_typesupport_cpp
[20.574s] [ 77%] [32m[1mLinking CXX shared library libturtlebot3_msgs__rosidl_typesupport_fastrtps_c.so[0m
[20.658s] [ 78%] [32m[1mLinking CXX shared library libturtlebot3_msgs__rosidl_typesupport_introspection_cpp.so[0m
[20.727s] [ 78%] Built target turtlebot3_msgs__rosidl_typesupport_fastrtps_c
[20.818s] [ 78%] Built target turtlebot3_msgs__rosidl_typesupport_introspection_cpp
[21.448s] [ 80%] [32m[1mLinking CXX shared library libturtlebot3_msgs__rosidl_typesupport_fastrtps_cpp.so[0m
[21.585s] [ 80%] Built target turtlebot3_msgs__rosidl_typesupport_fastrtps_cpp
[21.607s] [ 80%] Built target turtlebot3_msgs
[21.630s] [ 81%] [34m[1mGenerating Python code for ROS interfaces[0m
[25.467s] [ 81%] Built target turtlebot3_msgs__py
[25.494s] [ 83%] [32mBuilding C object CMakeFiles/turtlebot3_msgs__rosidl_generator_py.dir/rosidl_generator_py/turtlebot3_msgs/msg/_sensor_state_s.c.o[0m
[25.494s] [ 84%] [32mBuilding C object CMakeFiles/turtlebot3_msgs__rosidl_generator_py.dir/rosidl_generator_py/turtlebot3_msgs/srv/_sound_s.c.o[0m
[25.494s] [ 87%] [32mBuilding C object CMakeFiles/turtlebot3_msgs__rosidl_generator_py.dir/rosidl_generator_py/turtlebot3_msgs/msg/_version_info_s.c.o[0m
[25.495s] [ 85%] [32mBuilding C object CMakeFiles/turtlebot3_msgs__rosidl_generator_py.dir/rosidl_generator_py/turtlebot3_msgs/msg/_sound_s.c.o[0m
[25.495s] [ 90%] [32mBuilding C object CMakeFiles/turtlebot3_msgs__rosidl_generator_py.dir/rosidl_generator_py/turtlebot3_msgs/action/_patrol_s.c.o[0m
[25.495s] [ 90%] [32mBuilding C object CMakeFiles/turtlebot3_msgs__rosidl_generator_py.dir/rosidl_generator_py/turtlebot3_msgs/srv/_dqn_s.c.o[0m
[25.969s] [ 91%] [32m[1mLinking C shared library rosidl_generator_py/turtlebot3_msgs/libturtlebot3_msgs__rosidl_generator_py.so[0m
[26.042s] [ 91%] Built target turtlebot3_msgs__rosidl_generator_py
[26.067s] [ 92%] [32mBuilding C object CMakeFiles/turtlebot3_msgs__rosidl_typesupport_fastrtps_c__pyext.dir/rosidl_generator_py/turtlebot3_msgs/_turtlebot3_msgs_s.ep.rosidl_typesupport_fastrtps_c.c.o[0m
[26.067s] [ 94%] [32mBuilding C object CMakeFiles/turtlebot3_msgs__rosidl_typesupport_introspection_c__pyext.dir/rosidl_generator_py/turtlebot3_msgs/_turtlebot3_msgs_s.ep.rosidl_typesupport_introspection_c.c.o[0m
[26.068s] [ 95%] [32mBuilding C object CMakeFiles/turtlebot3_msgs__rosidl_typesupport_c__pyext.dir/rosidl_generator_py/turtlebot3_msgs/_turtlebot3_msgs_s.ep.rosidl_typesupport_c.c.o[0m
[26.366s] [ 97%] [32m[1mLinking C shared library rosidl_generator_py/turtlebot3_msgs/turtlebot3_msgs_s__rosidl_typesupport_introspection_c.cpython-310-x86_64-linux-gnu.so[0m
[26.368s] [ 98%] [32m[1mLinking C shared library rosidl_generator_py/turtlebot3_msgs/turtlebot3_msgs_s__rosidl_typesupport_c.cpython-310-x86_64-linux-gnu.so[0m
[26.373s] [100%] [32m[1mLinking C shared library rosidl_generator_py/turtlebot3_msgs/turtlebot3_msgs_s__rosidl_typesupport_fastrtps_c.cpython-310-x86_64-linux-gnu.so[0m
[26.437s] [100%] Built target turtlebot3_msgs__rosidl_typesupport_c__pyext
[26.438s] [100%] Built target turtlebot3_msgs__rosidl_typesupport_introspection_c__pyext
[26.444s] [100%] Built target turtlebot3_msgs__rosidl_typesupport_fastrtps_c__pyext
[26.457s] Invoked command in '/home/harshit/erc-ros-assignment/build/turtlebot3_msgs' returned '0': CMAKE_PREFIX_PATH=${CMAKE_PREFIX_PATH}:/home/harshit/mrt_ws/install/week1_tutorials:/home/harshit/mrt_ws/install/week0_tutorials:/home/harshit/mrt_ws/install/sauron:/home/harshit/mrt_ws/install/odom_tf_publisher:/home/harshit/mrt_ws/install/mrs_hudson:/home/harshit/mrt_ws/install/assgn:/home/harshit/mrt_ws/install/aruco_detection:/home/harshit/urdf_rviz/install/urdf_testing:/home/harshit/urdf_rviz/install/robot_car:/opt/ros/humble /usr/bin/cmake --build /home/harshit/erc-ros-assignment/build/turtlebot3_msgs -- -j8 -l8
[26.460s] Invoking command in '/home/harshit/erc-ros-assignment/build/turtlebot3_msgs': CMAKE_PREFIX_PATH=${CMAKE_PREFIX_PATH}:/home/harshit/mrt_ws/install/week1_tutorials:/home/harshit/mrt_ws/install/week0_tutorials:/home/harshit/mrt_ws/install/sauron:/home/harshit/mrt_ws/install/odom_tf_publisher:/home/harshit/mrt_ws/install/mrs_hudson:/home/harshit/mrt_ws/install/assgn:/home/harshit/mrt_ws/install/aruco_detection:/home/harshit/urdf_rviz/install/urdf_testing:/home/harshit/urdf_rviz/install/robot_car:/opt/ros/humble /usr/bin/cmake --install /home/harshit/erc-ros-assignment/build/turtlebot3_msgs
[26.466s] -- Install configuration: ""
[26.468s] -- Execute custom install script
[26.469s] -- Symlinking: /home/harshit/erc-ros-assignment/install/turtlebot3_msgs/share/ament_index/resource_index/rosidl_interfaces/turtlebot3_msgs
[26.478s] -- Symlinking: /home/harshit/erc-ros-assignment/install/turtlebot3_msgs/include/turtlebot3_msgs/turtlebot3_msgs/action/detail/patrol__functions.h
[26.485s] -- Symlinking: /home/harshit/erc-ros-assignment/install/turtlebot3_msgs/include/turtlebot3_msgs/turtlebot3_msgs/action/detail/patrol__struct.h
[26.496s] -- Symlinking: /home/harshit/erc-ros-assignment/install/turtlebot3_msgs/include/turtlebot3_msgs/turtlebot3_msgs/action/detail/patrol__type_support.h
[26.505s] -- Symlinking: /home/harshit/erc-ros-assignment/install/turtlebot3_msgs/include/turtlebot3_msgs/turtlebot3_msgs/action/patrol.h
[26.513s] -- Symlinking: /home/harshit/erc-ros-assignment/install/turtlebot3_msgs/include/turtlebot3_msgs/turtlebot3_msgs/msg/detail/sensor_state__functions.h
[26.521s] -- Symlinking: /home/harshit/erc-ros-assignment/install/turtlebot3_msgs/include/turtlebot3_msgs/turtlebot3_msgs/msg/detail/sensor_state__struct.h
[26.528s] -- Symlinking: /home/harshit/erc-ros-assignment/install/turtlebot3_msgs/include/turtlebot3_msgs/turtlebot3_msgs/msg/detail/sensor_state__type_support.h
[26.536s] -- Symlinking: /home/harshit/erc-ros-assignment/install/turtlebot3_msgs/include/turtlebot3_msgs/turtlebot3_msgs/msg/detail/sound__functions.h
[26.543s] -- Symlinking: /home/harshit/erc-ros-assignment/install/turtlebot3_msgs/include/turtlebot3_msgs/turtlebot3_msgs/msg/detail/sound__struct.h
[26.551s] -- Symlinking: /home/harshit/erc-ros-assignment/install/turtlebot3_msgs/include/turtlebot3_msgs/turtlebot3_msgs/msg/detail/sound__type_support.h
[26.558s] -- Symlinking: /home/harshit/erc-ros-assignment/install/turtlebot3_msgs/include/turtlebot3_msgs/turtlebot3_msgs/msg/detail/version_info__functions.h
[26.565s] -- Symlinking: /home/harshit/erc-ros-assignment/install/turtlebot3_msgs/include/turtlebot3_msgs/turtlebot3_msgs/msg/detail/version_info__struct.h
[26.573s] -- Symlinking: /home/harshit/erc-ros-assignment/install/turtlebot3_msgs/include/turtlebot3_msgs/turtlebot3_msgs/msg/detail/version_info__type_support.h
[26.580s] -- Symlinking: /home/harshit/erc-ros-assignment/install/turtlebot3_msgs/include/turtlebot3_msgs/turtlebot3_msgs/msg/rosidl_generator_c__visibility_control.h
[26.587s] -- Symlinking: /home/harshit/erc-ros-assignment/install/turtlebot3_msgs/include/turtlebot3_msgs/turtlebot3_msgs/msg/sensor_state.h
[26.595s] -- Symlinking: /home/harshit/erc-ros-assignment/install/turtlebot3_msgs/include/turtlebot3_msgs/turtlebot3_msgs/msg/sound.h
[26.602s] -- Symlinking: /home/harshit/erc-ros-assignment/install/turtlebot3_msgs/include/turtlebot3_msgs/turtlebot3_msgs/msg/version_info.h
[26.610s] -- Symlinking: /home/harshit/erc-ros-assignment/install/turtlebot3_msgs/include/turtlebot3_msgs/turtlebot3_msgs/srv/detail/dqn__functions.h
[26.617s] -- Symlinking: /home/harshit/erc-ros-assignment/install/turtlebot3_msgs/include/turtlebot3_msgs/turtlebot3_msgs/srv/detail/dqn__struct.h
[26.624s] -- Symlinking: /home/harshit/erc-ros-assignment/install/turtlebot3_msgs/include/turtlebot3_msgs/turtlebot3_msgs/srv/detail/dqn__type_support.h
[26.631s] -- Symlinking: /home/harshit/erc-ros-assignment/install/turtlebot3_msgs/include/turtlebot3_msgs/turtlebot3_msgs/srv/detail/sound__functions.h
[26.638s] -- Symlinking: /home/harshit/erc-ros-assignment/install/turtlebot3_msgs/include/turtlebot3_msgs/turtlebot3_msgs/srv/detail/sound__struct.h
[26.645s] -- Symlinking: /home/harshit/erc-ros-assignment/install/turtlebot3_msgs/include/turtlebot3_msgs/turtlebot3_msgs/srv/detail/sound__type_support.h
[26.652s] -- Symlinking: /home/harshit/erc-ros-assignment/install/turtlebot3_msgs/include/turtlebot3_msgs/turtlebot3_msgs/srv/dqn.h
[26.659s] -- Symlinking: /home/harshit/erc-ros-assignment/install/turtlebot3_msgs/include/turtlebot3_msgs/turtlebot3_msgs/srv/sound.h
[26.666s] -- Symlinking: /home/harshit/erc-ros-assignment/install/turtlebot3_msgs/share/turtlebot3_msgs/environment/library_path.sh
[26.673s] -- Symlinking: /home/harshit/erc-ros-assignment/install/turtlebot3_msgs/share/turtlebot3_msgs/environment/library_path.dsv
[26.681s] -- Symlinking: /home/harshit/erc-ros-assignment/install/turtlebot3_msgs/include/turtlebot3_msgs/turtlebot3_msgs/action/detail/patrol__rosidl_typesupport_fastrtps_c.h
[26.689s] -- Symlinking: /home/harshit/erc-ros-assignment/install/turtlebot3_msgs/include/turtlebot3_msgs/turtlebot3_msgs/msg/detail/sensor_state__rosidl_typesupport_fastrtps_c.h
[26.696s] -- Symlinking: /home/harshit/erc-ros-assignment/install/turtlebot3_msgs/include/turtlebot3_msgs/turtlebot3_msgs/msg/detail/sound__rosidl_typesupport_fastrtps_c.h
[26.704s] -- Symlinking: /home/harshit/erc-ros-assignment/install/turtlebot3_msgs/include/turtlebot3_msgs/turtlebot3_msgs/msg/detail/version_info__rosidl_typesupport_fastrtps_c.h
[26.712s] -- Symlinking: /home/harshit/erc-ros-assignment/install/turtlebot3_msgs/include/turtlebot3_msgs/turtlebot3_msgs/msg/rosidl_typesupport_fastrtps_c__visibility_control.h
[26.719s] -- Symlinking: /home/harshit/erc-ros-assignment/install/turtlebot3_msgs/include/turtlebot3_msgs/turtlebot3_msgs/srv/detail/dqn__rosidl_typesupport_fastrtps_c.h
[26.726s] -- Symlinking: /home/harshit/erc-ros-assignment/install/turtlebot3_msgs/include/turtlebot3_msgs/turtlebot3_msgs/srv/detail/sound__rosidl_typesupport_fastrtps_c.h
[26.734s] -- Symlinking: /home/harshit/erc-ros-assignment/install/turtlebot3_msgs/include/turtlebot3_msgs/turtlebot3_msgs/action/detail/patrol__builder.hpp
[26.741s] -- Symlinking: /home/harshit/erc-ros-assignment/install/turtlebot3_msgs/include/turtlebot3_msgs/turtlebot3_msgs/action/detail/patrol__struct.hpp
[26.749s] -- Symlinking: /home/harshit/erc-ros-assignment/install/turtlebot3_msgs/include/turtlebot3_msgs/turtlebot3_msgs/action/detail/patrol__traits.hpp
[26.759s] -- Symlinking: /home/harshit/erc-ros-assignment/install/turtlebot3_msgs/include/turtlebot3_msgs/turtlebot3_msgs/action/detail/patrol__type_support.hpp
[26.768s] -- Symlinking: /home/harshit/erc-ros-assignment/install/turtlebot3_msgs/include/turtlebot3_msgs/turtlebot3_msgs/action/patrol.hpp
[26.776s] -- Symlinking: /home/harshit/erc-ros-assignment/install/turtlebot3_msgs/include/turtlebot3_msgs/turtlebot3_msgs/msg/detail/sensor_state__builder.hpp
[26.783s] -- Symlinking: /home/harshit/erc-ros-assignment/install/turtlebot3_msgs/include/turtlebot3_msgs/turtlebot3_msgs/msg/detail/sensor_state__struct.hpp
[26.791s] -- Symlinking: /home/harshit/erc-ros-assignment/install/turtlebot3_msgs/include/turtlebot3_msgs/turtlebot3_msgs/msg/detail/sensor_state__traits.hpp
[26.799s] -- Symlinking: /home/harshit/erc-ros-assignment/install/turtlebot3_msgs/include/turtlebot3_msgs/turtlebot3_msgs/msg/detail/sensor_state__type_support.hpp
[26.807s] -- Symlinking: /home/harshit/erc-ros-assignment/install/turtlebot3_msgs/include/turtlebot3_msgs/turtlebot3_msgs/msg/detail/sound__builder.hpp
[26.814s] -- Symlinking: /home/harshit/erc-ros-assignment/install/turtlebot3_msgs/include/turtlebot3_msgs/turtlebot3_msgs/msg/detail/sound__struct.hpp
[26.822s] -- Symlinking: /home/harshit/erc-ros-assignment/install/turtlebot3_msgs/include/turtlebot3_msgs/turtlebot3_msgs/msg/detail/sound__traits.hpp
[26.829s] -- Symlinking: /home/harshit/erc-ros-assignment/install/turtlebot3_msgs/include/turtlebot3_msgs/turtlebot3_msgs/msg/detail/sound__type_support.hpp
[26.837s] -- Symlinking: /home/harshit/erc-ros-assignment/install/turtlebot3_msgs/include/turtlebot3_msgs/turtlebot3_msgs/msg/detail/version_info__builder.hpp
[26.844s] -- Symlinking: /home/harshit/erc-ros-assignment/install/turtlebot3_msgs/include/turtlebot3_msgs/turtlebot3_msgs/msg/detail/version_info__struct.hpp
[26.851s] -- Symlinking: /home/harshit/erc-ros-assignment/install/turtlebot3_msgs/include/turtlebot3_msgs/turtlebot3_msgs/msg/detail/version_info__traits.hpp
[26.858s] -- Symlinking: /home/harshit/erc-ros-assignment/install/turtlebot3_msgs/include/turtlebot3_msgs/turtlebot3_msgs/msg/detail/version_info__type_support.hpp
[26.865s] -- Symlinking: /home/harshit/erc-ros-assignment/install/turtlebot3_msgs/include/turtlebot3_msgs/turtlebot3_msgs/msg/rosidl_generator_cpp__visibility_control.hpp
[26.872s] -- Symlinking: /home/harshit/erc-ros-assignment/install/turtlebot3_msgs/include/turtlebot3_msgs/turtlebot3_msgs/msg/sensor_state.hpp
[26.880s] -- Symlinking: /home/harshit/erc-ros-assignment/install/turtlebot3_msgs/include/turtlebot3_msgs/turtlebot3_msgs/msg/sound.hpp
[26.887s] -- Symlinking: /home/harshit/erc-ros-assignment/install/turtlebot3_msgs/include/turtlebot3_msgs/turtlebot3_msgs/msg/version_info.hpp
[26.896s] -- Symlinking: /home/harshit/erc-ros-assignment/install/turtlebot3_msgs/include/turtlebot3_msgs/turtlebot3_msgs/srv/detail/dqn__builder.hpp
[26.903s] -- Symlinking: /home/harshit/erc-ros-assignment/install/turtlebot3_msgs/include/turtlebot3_msgs/turtlebot3_msgs/srv/detail/dqn__struct.hpp
[26.911s] -- Symlinking: /home/harshit/erc-ros-assignment/install/turtlebot3_msgs/include/turtlebot3_msgs/turtlebot3_msgs/srv/detail/dqn__traits.hpp
[26.919s] -- Symlinking: /home/harshit/erc-ros-assignment/install/turtlebot3_msgs/include/turtlebot3_msgs/turtlebot3_msgs/srv/detail/dqn__type_support.hpp
[26.928s] -- Symlinking: /home/harshit/erc-ros-assignment/install/turtlebot3_msgs/include/turtlebot3_msgs/turtlebot3_msgs/srv/detail/sound__builder.hpp
[26.936s] -- Symlinking: /home/harshit/erc-ros-assignment/install/turtlebot3_msgs/include/turtlebot3_msgs/turtlebot3_msgs/srv/detail/sound__struct.hpp
[26.944s] -- Symlinking: /home/harshit/erc-ros-assignment/install/turtlebot3_msgs/include/turtlebot3_msgs/turtlebot3_msgs/srv/detail/sound__traits.hpp
[26.953s] -- Symlinking: /home/harshit/erc-ros-assignment/install/turtlebot3_msgs/include/turtlebot3_msgs/turtlebot3_msgs/srv/detail/sound__type_support.hpp
[26.961s] -- Symlinking: /home/harshit/erc-ros-assignment/install/turtlebot3_msgs/include/turtlebot3_msgs/turtlebot3_msgs/srv/dqn.hpp
[26.970s] -- Symlinking: /home/harshit/erc-ros-assignment/install/turtlebot3_msgs/include/turtlebot3_msgs/turtlebot3_msgs/srv/sound.hpp
[26.980s] -- Symlinking: /home/harshit/erc-ros-assignment/install/turtlebot3_msgs/include/turtlebot3_msgs/turtlebot3_msgs/action/detail/patrol__rosidl_typesupport_fastrtps_cpp.hpp
[26.988s] -- Symlinking: /home/harshit/erc-ros-assignment/install/turtlebot3_msgs/include/turtlebot3_msgs/turtlebot3_msgs/msg/detail/sensor_state__rosidl_typesupport_fastrtps_cpp.hpp
[26.997s] -- Symlinking: /home/harshit/erc-ros-assignment/install/turtlebot3_msgs/include/turtlebot3_msgs/turtlebot3_msgs/msg/detail/sound__rosidl_typesupport_fastrtps_cpp.hpp
[27.006s] -- Symlinking: /home/harshit/erc-ros-assignment/install/turtlebot3_msgs/include/turtlebot3_msgs/turtlebot3_msgs/msg/detail/version_info__rosidl_typesupport_fastrtps_cpp.hpp
[27.017s] -- Symlinking: /home/harshit/erc-ros-assignment/install/turtlebot3_msgs/include/turtlebot3_msgs/turtlebot3_msgs/msg/rosidl_typesupport_fastrtps_cpp__visibility_control.h
[27.025s] -- Symlinking: /home/harshit/erc-ros-assignment/install/turtlebot3_msgs/include/turtlebot3_msgs/turtlebot3_msgs/srv/detail/dqn__rosidl_typesupport_fastrtps_cpp.hpp
[27.034s] -- Symlinking: /home/harshit/erc-ros-assignment/install/turtlebot3_msgs/include/turtlebot3_msgs/turtlebot3_msgs/srv/detail/sound__rosidl_typesupport_fastrtps_cpp.hpp
[27.042s] -- Symlinking: /home/harshit/erc-ros-assignment/install/turtlebot3_msgs/include/turtlebot3_msgs/turtlebot3_msgs/action/detail/patrol__rosidl_typesupport_introspection_c.h
[27.051s] -- Symlinking: /home/harshit/erc-ros-assignment/install/turtlebot3_msgs/include/turtlebot3_msgs/turtlebot3_msgs/msg/detail/sensor_state__rosidl_typesupport_introspection_c.h
[27.059s] -- Symlinking: /home/harshit/erc-ros-assignment/install/turtlebot3_msgs/include/turtlebot3_msgs/turtlebot3_msgs/msg/detail/sound__rosidl_typesupport_introspection_c.h
[27.066s] -- Symlinking: /home/harshit/erc-ros-assignment/install/turtlebot3_msgs/include/turtlebot3_msgs/turtlebot3_msgs/msg/detail/version_info__rosidl_typesupport_introspection_c.h
[27.074s] -- Symlinking: /home/harshit/erc-ros-assignment/install/turtlebot3_msgs/include/turtlebot3_msgs/turtlebot3_msgs/msg/rosidl_typesupport_introspection_c__visibility_control.h
[27.082s] -- Symlinking: /home/harshit/erc-ros-assignment/install/turtlebot3_msgs/include/turtlebot3_msgs/turtlebot3_msgs/srv/detail/dqn__rosidl_typesupport_introspection_c.h
[27.089s] -- Symlinking: /home/harshit/erc-ros-assignment/install/turtlebot3_msgs/include/turtlebot3_msgs/turtlebot3_msgs/srv/detail/sound__rosidl_typesupport_introspection_c.h
[27.099s] -- Symlinking: /home/harshit/erc-ros-assignment/install/turtlebot3_msgs/include/turtlebot3_msgs/turtlebot3_msgs/action/detail/patrol__rosidl_typesupport_introspection_cpp.hpp
[27.106s] -- Symlinking: /home/harshit/erc-ros-assignment/install/turtlebot3_msgs/include/turtlebot3_msgs/turtlebot3_msgs/msg/detail/sensor_state__rosidl_typesupport_introspection_cpp.hpp
[27.114s] -- Symlinking: /home/harshit/erc-ros-assignment/install/turtlebot3_msgs/include/turtlebot3_msgs/turtlebot3_msgs/msg/detail/sound__rosidl_typesupport_introspection_cpp.hpp
[27.121s] -- Symlinking: /home/harshit/erc-ros-assignment/install/turtlebot3_msgs/include/turtlebot3_msgs/turtlebot3_msgs/msg/detail/version_info__rosidl_typesupport_introspection_cpp.hpp
[27.128s] -- Symlinking: /home/harshit/erc-ros-assignment/install/turtlebot3_msgs/include/turtlebot3_msgs/turtlebot3_msgs/srv/detail/dqn__rosidl_typesupport_introspection_cpp.hpp
[27.136s] -- Symlinking: /home/harshit/erc-ros-assignment/install/turtlebot3_msgs/include/turtlebot3_msgs/turtlebot3_msgs/srv/detail/sound__rosidl_typesupport_introspection_cpp.hpp
[27.144s] -- Symlinking: /home/harshit/erc-ros-assignment/install/turtlebot3_msgs/share/turtlebot3_msgs/environment/pythonpath.sh
[27.152s] -- Symlinking: /home/harshit/erc-ros-assignment/install/turtlebot3_msgs/share/turtlebot3_msgs/environment/pythonpath.dsv
[27.160s] -- Symlinking: /home/harshit/erc-ros-assignment/install/turtlebot3_msgs/local/lib/python3.10/dist-packages/turtlebot3_msgs-2.3.0-py3.10.egg-info/PKG-INFO
[27.168s] -- Symlinking: /home/harshit/erc-ros-assignment/install/turtlebot3_msgs/local/lib/python3.10/dist-packages/turtlebot3_msgs-2.3.0-py3.10.egg-info/SOURCES.txt
[27.175s] -- Symlinking: /home/harshit/erc-ros-assignment/install/turtlebot3_msgs/local/lib/python3.10/dist-packages/turtlebot3_msgs-2.3.0-py3.10.egg-info/dependency_links.txt
[27.182s] -- Symlinking: /home/harshit/erc-ros-assignment/install/turtlebot3_msgs/local/lib/python3.10/dist-packages/turtlebot3_msgs-2.3.0-py3.10.egg-info/top_level.txt
[27.192s] -- Symlinking: /home/harshit/erc-ros-assignment/install/turtlebot3_msgs/local/lib/python3.10/dist-packages/turtlebot3_msgs/__init__.py
[27.200s] -- Symlinking: /home/harshit/erc-ros-assignment/install/turtlebot3_msgs/local/lib/python3.10/dist-packages/turtlebot3_msgs/_turtlebot3_msgs_s.ep.rosidl_typesupport_c.c
[27.208s] -- Symlinking: /home/harshit/erc-ros-assignment/install/turtlebot3_msgs/local/lib/python3.10/dist-packages/turtlebot3_msgs/_turtlebot3_msgs_s.ep.rosidl_typesupport_fastrtps_c.c
[27.215s] -- Symlinking: /home/harshit/erc-ros-assignment/install/turtlebot3_msgs/local/lib/python3.10/dist-packages/turtlebot3_msgs/_turtlebot3_msgs_s.ep.rosidl_typesupport_introspection_c.c
[27.223s] -- Symlinking: /home/harshit/erc-ros-assignment/install/turtlebot3_msgs/local/lib/python3.10/dist-packages/turtlebot3_msgs/action/__init__.py
[27.231s] -- Symlinking: /home/harshit/erc-ros-assignment/install/turtlebot3_msgs/local/lib/python3.10/dist-packages/turtlebot3_msgs/action/_patrol.py
[27.238s] -- Symlinking: /home/harshit/erc-ros-assignment/install/turtlebot3_msgs/local/lib/python3.10/dist-packages/turtlebot3_msgs/action/_patrol_s.c
[27.246s] -- Symlinking: /home/harshit/erc-ros-assignment/install/turtlebot3_msgs/local/lib/python3.10/dist-packages/turtlebot3_msgs/libturtlebot3_msgs__rosidl_generator_py.so
[27.253s] -- Symlinking: /home/harshit/erc-ros-assignment/install/turtlebot3_msgs/local/lib/python3.10/dist-packages/turtlebot3_msgs/msg/__init__.py
[27.260s] -- Symlinking: /home/harshit/erc-ros-assignment/install/turtlebot3_msgs/local/lib/python3.10/dist-packages/turtlebot3_msgs/msg/_sensor_state.py
[27.267s] -- Symlinking: /home/harshit/erc-ros-assignment/install/turtlebot3_msgs/local/lib/python3.10/dist-packages/turtlebot3_msgs/msg/_sensor_state_s.c
[27.275s] -- Symlinking: /home/harshit/erc-ros-assignment/install/turtlebot3_msgs/local/lib/python3.10/dist-packages/turtlebot3_msgs/msg/_sound.py
[27.282s] -- Symlinking: /home/harshit/erc-ros-assignment/install/turtlebot3_msgs/local/lib/python3.10/dist-packages/turtlebot3_msgs/msg/_sound_s.c
[27.289s] -- Symlinking: /home/harshit/erc-ros-assignment/install/turtlebot3_msgs/local/lib/python3.10/dist-packages/turtlebot3_msgs/msg/_version_info.py
[27.297s] -- Symlinking: /home/harshit/erc-ros-assignment/install/turtlebot3_msgs/local/lib/python3.10/dist-packages/turtlebot3_msgs/msg/_version_info_s.c
[27.305s] -- Symlinking: /home/harshit/erc-ros-assignment/install/turtlebot3_msgs/local/lib/python3.10/dist-packages/turtlebot3_msgs/srv/__init__.py
[27.312s] -- Symlinking: /home/harshit/erc-ros-assignment/install/turtlebot3_msgs/local/lib/python3.10/dist-packages/turtlebot3_msgs/srv/_dqn.py
[27.319s] -- Symlinking: /home/harshit/erc-ros-assignment/install/turtlebot3_msgs/local/lib/python3.10/dist-packages/turtlebot3_msgs/srv/_dqn_s.c
[27.327s] -- Symlinking: /home/harshit/erc-ros-assignment/install/turtlebot3_msgs/local/lib/python3.10/dist-packages/turtlebot3_msgs/srv/_sound.py
[27.335s] -- Symlinking: /home/harshit/erc-ros-assignment/install/turtlebot3_msgs/local/lib/python3.10/dist-packages/turtlebot3_msgs/srv/_sound_s.c
[27.341s] -- Symlinking: /home/harshit/erc-ros-assignment/install/turtlebot3_msgs/local/lib/python3.10/dist-packages/turtlebot3_msgs/turtlebot3_msgs_s__rosidl_typesupport_c.cpython-310-x86_64-linux-gnu.so
[27.348s] -- Symlinking: /home/harshit/erc-ros-assignment/install/turtlebot3_msgs/local/lib/python3.10/dist-packages/turtlebot3_msgs/turtlebot3_msgs_s__rosidl_typesupport_fastrtps_c.cpython-310-x86_64-linux-gnu.so
[27.356s] -- Symlinking: /home/harshit/erc-ros-assignment/install/turtlebot3_msgs/local/lib/python3.10/dist-packages/turtlebot3_msgs/turtlebot3_msgs_s__rosidl_typesupport_introspection_c.cpython-310-x86_64-linux-gnu.so
[27.364s] -- Up-to-date symlink: /home/harshit/erc-ros-assignment/install/turtlebot3_msgs/local/lib/python3.10/dist-packages/turtlebot3_msgs/turtlebot3_msgs_s__rosidl_typesupport_fastrtps_c.cpython-310-x86_64-linux-gnu.so
[27.364s] -- Up-to-date symlink: /home/harshit/erc-ros-assignment/install/turtlebot3_msgs/local/lib/python3.10/dist-packages/turtlebot3_msgs/turtlebot3_msgs_s__rosidl_typesupport_introspection_c.cpython-310-x86_64-linux-gnu.so
[27.364s] -- Up-to-date symlink: /home/harshit/erc-ros-assignment/install/turtlebot3_msgs/local/lib/python3.10/dist-packages/turtlebot3_msgs/turtlebot3_msgs_s__rosidl_typesupport_c.cpython-310-x86_64-linux-gnu.so
[27.365s] -- Symlinking: /home/harshit/erc-ros-assignment/install/turtlebot3_msgs/share/turtlebot3_msgs/msg/SensorState.idl
[27.372s] -- Symlinking: /home/harshit/erc-ros-assignment/install/turtlebot3_msgs/share/turtlebot3_msgs/msg/Sound.idl
[27.379s] -- Symlinking: /home/harshit/erc-ros-assignment/install/turtlebot3_msgs/share/turtlebot3_msgs/msg/VersionInfo.idl
[27.386s] -- Symlinking: /home/harshit/erc-ros-assignment/install/turtlebot3_msgs/share/turtlebot3_msgs/srv/Sound.idl
[27.395s] -- Symlinking: /home/harshit/erc-ros-assignment/install/turtlebot3_msgs/share/turtlebot3_msgs/srv/Dqn.idl
[27.402s] -- Symlinking: /home/harshit/erc-ros-assignment/install/turtlebot3_msgs/share/turtlebot3_msgs/action/Patrol.idl
[27.410s] -- Symlinking: /home/harshit/erc-ros-assignment/install/turtlebot3_msgs/share/turtlebot3_msgs/msg/SensorState.msg
[27.418s] -- Symlinking: /home/harshit/erc-ros-assignment/install/turtlebot3_msgs/share/turtlebot3_msgs/msg/Sound.msg
[27.425s] -- Symlinking: /home/harshit/erc-ros-assignment/install/turtlebot3_msgs/share/turtlebot3_msgs/msg/VersionInfo.msg
[27.432s] -- Symlinking: /home/harshit/erc-ros-assignment/install/turtlebot3_msgs/share/turtlebot3_msgs/srv/Sound.srv
[27.440s] -- Symlinking: /home/harshit/erc-ros-assignment/install/turtlebot3_msgs/share/turtlebot3_msgs/srv/Sound_Request.msg
[27.448s] -- Symlinking: /home/harshit/erc-ros-assignment/install/turtlebot3_msgs/share/turtlebot3_msgs/srv/Sound_Response.msg
[27.455s] -- Symlinking: /home/harshit/erc-ros-assignment/install/turtlebot3_msgs/share/turtlebot3_msgs/srv/Dqn.srv
[27.462s] -- Symlinking: /home/harshit/erc-ros-assignment/install/turtlebot3_msgs/share/turtlebot3_msgs/srv/Dqn_Request.msg
[27.470s] -- Symlinking: /home/harshit/erc-ros-assignment/install/turtlebot3_msgs/share/turtlebot3_msgs/srv/Dqn_Response.msg
[27.477s] -- Symlinking: /home/harshit/erc-ros-assignment/install/turtlebot3_msgs/share/turtlebot3_msgs/action/Patrol.action
[27.484s] -- Symlinking: /home/harshit/erc-ros-assignment/install/turtlebot3_msgs/share/ament_index/resource_index/package_run_dependencies/turtlebot3_msgs
[27.492s] -- Symlinking: /home/harshit/erc-ros-assignment/install/turtlebot3_msgs/share/ament_index/resource_index/parent_prefix_path/turtlebot3_msgs
[27.500s] -- Symlinking: /home/harshit/erc-ros-assignment/install/turtlebot3_msgs/share/turtlebot3_msgs/environment/ament_prefix_path.sh
[27.507s] -- Symlinking: /home/harshit/erc-ros-assignment/install/turtlebot3_msgs/share/turtlebot3_msgs/environment/ament_prefix_path.dsv
[27.516s] -- Symlinking: /home/harshit/erc-ros-assignment/install/turtlebot3_msgs/share/turtlebot3_msgs/environment/path.sh
[27.524s] -- Symlinking: /home/harshit/erc-ros-assignment/install/turtlebot3_msgs/share/turtlebot3_msgs/environment/path.dsv
[27.532s] -- Symlinking: /home/harshit/erc-ros-assignment/install/turtlebot3_msgs/share/turtlebot3_msgs/local_setup.bash
[27.540s] -- Symlinking: /home/harshit/erc-ros-assignment/install/turtlebot3_msgs/share/turtlebot3_msgs/local_setup.sh
[27.548s] -- Symlinking: /home/harshit/erc-ros-assignment/install/turtlebot3_msgs/share/turtlebot3_msgs/local_setup.zsh
[27.556s] -- Symlinking: /home/harshit/erc-ros-assignment/install/turtlebot3_msgs/share/turtlebot3_msgs/local_setup.dsv
[27.563s] -- Symlinking: /home/harshit/erc-ros-assignment/install/turtlebot3_msgs/share/turtlebot3_msgs/package.dsv
[27.571s] -- Symlinking: /home/harshit/erc-ros-assignment/install/turtlebot3_msgs/share/ament_index/resource_index/packages/turtlebot3_msgs
[27.578s] -- Symlinking: /home/harshit/erc-ros-assignment/install/turtlebot3_msgs/share/turtlebot3_msgs/cmake/rosidl_cmake-extras.cmake
[27.586s] -- Symlinking: /home/harshit/erc-ros-assignment/install/turtlebot3_msgs/share/turtlebot3_msgs/cmake/ament_cmake_export_dependencies-extras.cmake
[27.593s] -- Symlinking: /home/harshit/erc-ros-assignment/install/turtlebot3_msgs/share/turtlebot3_msgs/cmake/ament_cmake_export_include_directories-extras.cmake
[27.601s] -- Symlinking: /home/harshit/erc-ros-assignment/install/turtlebot3_msgs/share/turtlebot3_msgs/cmake/ament_cmake_export_libraries-extras.cmake
[27.608s] -- Symlinking: /home/harshit/erc-ros-assignment/install/turtlebot3_msgs/share/turtlebot3_msgs/cmake/ament_cmake_export_targets-extras.cmake
[27.616s] -- Symlinking: /home/harshit/erc-ros-assignment/install/turtlebot3_msgs/share/turtlebot3_msgs/cmake/rosidl_cmake_export_typesupport_targets-extras.cmake
[27.623s] -- Symlinking: /home/harshit/erc-ros-assignment/install/turtlebot3_msgs/share/turtlebot3_msgs/cmake/rosidl_cmake_export_typesupport_libraries-extras.cmake
[27.630s] -- Symlinking: /home/harshit/erc-ros-assignment/install/turtlebot3_msgs/share/turtlebot3_msgs/cmake/turtlebot3_msgsConfig.cmake
[27.638s] -- Symlinking: /home/harshit/erc-ros-assignment/install/turtlebot3_msgs/share/turtlebot3_msgs/cmake/turtlebot3_msgsConfig-version.cmake
[27.645s] -- Symlinking: /home/harshit/erc-ros-assignment/install/turtlebot3_msgs/share/turtlebot3_msgs/package.xml
[27.652s] -- Installing: /home/harshit/erc-ros-assignment/install/turtlebot3_msgs/lib/libturtlebot3_msgs__rosidl_generator_c.so
[27.653s] -- Set non-toolchain portion of runtime path of "/home/harshit/erc-ros-assignment/install/turtlebot3_msgs/lib/libturtlebot3_msgs__rosidl_generator_c.so" to ""
[27.653s] -- Installing: /home/harshit/erc-ros-assignment/install/turtlebot3_msgs/lib/libturtlebot3_msgs__rosidl_typesupport_fastrtps_c.so
[27.654s] -- Set non-toolchain portion of runtime path of "/home/harshit/erc-ros-assignment/install/turtlebot3_msgs/lib/libturtlebot3_msgs__rosidl_typesupport_fastrtps_c.so" to ""
[27.654s] -- Installing: /home/harshit/erc-ros-assignment/install/turtlebot3_msgs/lib/libturtlebot3_msgs__rosidl_typesupport_fastrtps_cpp.so
[27.655s] -- Set non-toolchain portion of runtime path of "/home/harshit/erc-ros-assignment/install/turtlebot3_msgs/lib/libturtlebot3_msgs__rosidl_typesupport_fastrtps_cpp.so" to ""
[27.655s] -- Installing: /home/harshit/erc-ros-assignment/install/turtlebot3_msgs/lib/libturtlebot3_msgs__rosidl_typesupport_introspection_c.so
[27.656s] -- Set non-toolchain portion of runtime path of "/home/harshit/erc-ros-assignment/install/turtlebot3_msgs/lib/libturtlebot3_msgs__rosidl_typesupport_introspection_c.so" to ""
[27.656s] -- Installing: /home/harshit/erc-ros-assignment/install/turtlebot3_msgs/lib/libturtlebot3_msgs__rosidl_typesupport_c.so
[27.656s] -- Set non-toolchain portion of runtime path of "/home/harshit/erc-ros-assignment/install/turtlebot3_msgs/lib/libturtlebot3_msgs__rosidl_typesupport_c.so" to ""
[27.656s] -- Installing: /home/harshit/erc-ros-assignment/install/turtlebot3_msgs/lib/libturtlebot3_msgs__rosidl_typesupport_introspection_cpp.so
[27.657s] -- Set non-toolchain portion of runtime path of "/home/harshit/erc-ros-assignment/install/turtlebot3_msgs/lib/libturtlebot3_msgs__rosidl_typesupport_introspection_cpp.so" to ""
[27.657s] -- Installing: /home/harshit/erc-ros-assignment/install/turtlebot3_msgs/lib/libturtlebot3_msgs__rosidl_typesupport_cpp.so
[27.658s] -- Set non-toolchain portion of runtime path of "/home/harshit/erc-ros-assignment/install/turtlebot3_msgs/lib/libturtlebot3_msgs__rosidl_typesupport_cpp.so" to ""
[27.769s] Listing '/home/harshit/erc-ros-assignment/install/turtlebot3_msgs/local/lib/python3.10/dist-packages/turtlebot3_msgs'...
[27.769s] Compiling '/home/harshit/erc-ros-assignment/install/turtlebot3_msgs/local/lib/python3.10/dist-packages/turtlebot3_msgs/__init__.py'...
[27.770s] Listing '/home/harshit/erc-ros-assignment/install/turtlebot3_msgs/local/lib/python3.10/dist-packages/turtlebot3_msgs/action'...
[27.770s] Compiling '/home/harshit/erc-ros-assignment/install/turtlebot3_msgs/local/lib/python3.10/dist-packages/turtlebot3_msgs/action/__init__.py'...
[27.770s] Compiling '/home/harshit/erc-ros-assignment/install/turtlebot3_msgs/local/lib/python3.10/dist-packages/turtlebot3_msgs/action/_patrol.py'...
[27.770s] Listing '/home/harshit/erc-ros-assignment/install/turtlebot3_msgs/local/lib/python3.10/dist-packages/turtlebot3_msgs/msg'...
[27.770s] Compiling '/home/harshit/erc-ros-assignment/install/turtlebot3_msgs/local/lib/python3.10/dist-packages/turtlebot3_msgs/msg/__init__.py'...
[27.770s] Compiling '/home/harshit/erc-ros-assignment/install/turtlebot3_msgs/local/lib/python3.10/dist-packages/turtlebot3_msgs/msg/_sensor_state.py'...
[27.770s] Compiling '/home/harshit/erc-ros-assignment/install/turtlebot3_msgs/local/lib/python3.10/dist-packages/turtlebot3_msgs/msg/_sound.py'...
[27.771s] Compiling '/home/harshit/erc-ros-assignment/install/turtlebot3_msgs/local/lib/python3.10/dist-packages/turtlebot3_msgs/msg/_version_info.py'...
[27.771s] Listing '/home/harshit/erc-ros-assignment/install/turtlebot3_msgs/local/lib/python3.10/dist-packages/turtlebot3_msgs/srv'...
[27.771s] Compiling '/home/harshit/erc-ros-assignment/install/turtlebot3_msgs/local/lib/python3.10/dist-packages/turtlebot3_msgs/srv/__init__.py'...
[27.771s] Compiling '/home/harshit/erc-ros-assignment/install/turtlebot3_msgs/local/lib/python3.10/dist-packages/turtlebot3_msgs/srv/_dqn.py'...
[27.771s] Compiling '/home/harshit/erc-ros-assignment/install/turtlebot3_msgs/local/lib/python3.10/dist-packages/turtlebot3_msgs/srv/_sound.py'...
[27.779s] -- Installing: /home/harshit/erc-ros-assignment/install/turtlebot3_msgs/lib/libturtlebot3_msgs__rosidl_generator_py.so
[27.780s] -- Set non-toolchain portion of runtime path of "/home/harshit/erc-ros-assignment/install/turtlebot3_msgs/lib/libturtlebot3_msgs__rosidl_generator_py.so" to ""
[27.780s] -- Installing: /home/harshit/erc-ros-assignment/install/turtlebot3_msgs/share/turtlebot3_msgs/cmake/export_turtlebot3_msgs__rosidl_generator_cExport.cmake
[27.780s] -- Installing: /home/harshit/erc-ros-assignment/install/turtlebot3_msgs/share/turtlebot3_msgs/cmake/export_turtlebot3_msgs__rosidl_generator_cExport-noconfig.cmake
[27.780s] -- Installing: /home/harshit/erc-ros-assignment/install/turtlebot3_msgs/share/turtlebot3_msgs/cmake/export_turtlebot3_msgs__rosidl_typesupport_fastrtps_cExport.cmake
[27.781s] -- Installing: /home/harshit/erc-ros-assignment/install/turtlebot3_msgs/share/turtlebot3_msgs/cmake/export_turtlebot3_msgs__rosidl_typesupport_fastrtps_cExport-noconfig.cmake
[27.781s] -- Installing: /home/harshit/erc-ros-assignment/install/turtlebot3_msgs/share/turtlebot3_msgs/cmake/export_turtlebot3_msgs__rosidl_generator_cppExport.cmake
[27.781s] -- Installing: /home/harshit/erc-ros-assignment/install/turtlebot3_msgs/share/turtlebot3_msgs/cmake/export_turtlebot3_msgs__rosidl_typesupport_fastrtps_cppExport.cmake
[27.781s] -- Installing: /home/harshit/erc-ros-assignment/install/turtlebot3_msgs/share/turtlebot3_msgs/cmake/export_turtlebot3_msgs__rosidl_typesupport_fastrtps_cppExport-noconfig.cmake
[27.782s] -- Installing: /home/harshit/erc-ros-assignment/install/turtlebot3_msgs/share/turtlebot3_msgs/cmake/turtlebot3_msgs__rosidl_typesupport_introspection_cExport.cmake
[27.782s] -- Installing: /home/harshit/erc-ros-assignment/install/turtlebot3_msgs/share/turtlebot3_msgs/cmake/turtlebot3_msgs__rosidl_typesupport_introspection_cExport-noconfig.cmake
[27.782s] -- Installing: /home/harshit/erc-ros-assignment/install/turtlebot3_msgs/share/turtlebot3_msgs/cmake/turtlebot3_msgs__rosidl_typesupport_cExport.cmake
[27.782s] -- Installing: /home/harshit/erc-ros-assignment/install/turtlebot3_msgs/share/turtlebot3_msgs/cmake/turtlebot3_msgs__rosidl_typesupport_cExport-noconfig.cmake
[27.782s] -- Installing: /home/harshit/erc-ros-assignment/install/turtlebot3_msgs/share/turtlebot3_msgs/cmake/turtlebot3_msgs__rosidl_typesupport_introspection_cppExport.cmake
[27.783s] -- Installing: /home/harshit/erc-ros-assignment/install/turtlebot3_msgs/share/turtlebot3_msgs/cmake/turtlebot3_msgs__rosidl_typesupport_introspection_cppExport-noconfig.cmake
[27.784s] -- Installing: /home/harshit/erc-ros-assignment/install/turtlebot3_msgs/share/turtlebot3_msgs/cmake/turtlebot3_msgs__rosidl_typesupport_cppExport.cmake
[27.784s] -- Installing: /home/harshit/erc-ros-assignment/install/turtlebot3_msgs/share/turtlebot3_msgs/cmake/turtlebot3_msgs__rosidl_typesupport_cppExport-noconfig.cmake
[27.784s] -- Installing: /home/harshit/erc-ros-assignment/install/turtlebot3_msgs/share/turtlebot3_msgs/cmake/export_turtlebot3_msgs__rosidl_generator_pyExport.cmake
[27.784s] -- Installing: /home/harshit/erc-ros-assignment/install/turtlebot3_msgs/share/turtlebot3_msgs/cmake/export_turtlebot3_msgs__rosidl_generator_pyExport-noconfig.cmake
[27.788s] Invoked command in '/home/harshit/erc-ros-assignment/build/turtlebot3_msgs' returned '0': CMAKE_PREFIX_PATH=${CMAKE_PREFIX_PATH}:/home/harshit/mrt_ws/install/week1_tutorials:/home/harshit/mrt_ws/install/week0_tutorials:/home/harshit/mrt_ws/install/sauron:/home/harshit/mrt_ws/install/odom_tf_publisher:/home/harshit/mrt_ws/install/mrs_hudson:/home/harshit/mrt_ws/install/assgn:/home/harshit/mrt_ws/install/aruco_detection:/home/harshit/urdf_rviz/install/urdf_testing:/home/harshit/urdf_rviz/install/robot_car:/opt/ros/humble /usr/bin/cmake --install /home/harshit/erc-ros-assignment/build/turtlebot3_msgs
