[2.112s] Invoking command in '/home/harshit/erc-ros-assignment/build/turtlebot3_teleop': PYTHONPATH=/home/harshit/erc-ros-assignment/build/turtlebot3_teleop/prefix_override:/usr/lib/python3/dist-packages/colcon_core/task/python/colcon_distutils_commands:/home/harshit/erc-ros-assignment/install/turtlebot3_teleop/lib/python3.10/site-packages:${PYTHONPATH} /usr/bin/python3 -W ignore:setup.py install is deprecated -W ignore:easy_install command is deprecated setup.py develop --editable --build-directory /home/harshit/erc-ros-assignment/build/turtlebot3_teleop/build --no-deps symlink_data
[3.224s] running develop
[4.391s] running egg_info
[4.395s] creating turtlebot3_teleop.egg-info
[4.398s] writing turtlebot3_teleop.egg-info/PKG-INFO
[4.404s] writing dependency_links to turtlebot3_teleop.egg-info/dependency_links.txt
[4.408s] writing entry points to turtlebot3_teleop.egg-info/entry_points.txt
[4.413s] writing requirements to turtlebot3_teleop.egg-info/requires.txt
[4.413s] writing top-level names to turtlebot3_teleop.egg-info/top_level.txt
[4.424s] writing manifest file 'turtlebot3_teleop.egg-info/SOURCES.txt'
[4.430s] reading manifest file 'turtlebot3_teleop.egg-info/SOURCES.txt'
[4.435s] writing manifest file 'turtlebot3_teleop.egg-info/SOURCES.txt'
[4.446s] running build_ext
[4.450s] Creating /home/harshit/erc-ros-assignment/install/turtlebot3_teleop/lib/python3.10/site-packages/turtlebot3-teleop.egg-link (link to .)
[4.454s] Installing teleop_keyboard script to /home/harshit/erc-ros-assignment/install/turtlebot3_teleop/lib/turtlebot3_teleop
[4.462s] 
[4.465s] Installed /home/harshit/erc-ros-assignment/build/turtlebot3_teleop
[4.468s] running symlink_data
[4.470s] creating /home/harshit/erc-ros-assignment/install/turtlebot3_teleop/share/ament_index
[4.471s] creating /home/harshit/erc-ros-assignment/install/turtlebot3_teleop/share/ament_index/resource_index
[4.477s] creating /home/harshit/erc-ros-assignment/install/turtlebot3_teleop/share/ament_index/resource_index/packages
[4.479s] symbolically linking /home/harshit/erc-ros-assignment/build/turtlebot3_teleop/resource/turtlebot3_teleop -> /home/harshit/erc-ros-assignment/install/turtlebot3_teleop/share/ament_index/resource_index/packages
[4.481s] symbolically linking /home/harshit/erc-ros-assignment/build/turtlebot3_teleop/package.xml -> /home/harshit/erc-ros-assignment/install/turtlebot3_teleop/share/turtlebot3_teleop
[4.586s] Invoked command in '/home/harshit/erc-ros-assignment/build/turtlebot3_teleop' returned '0': PYTHONPATH=/home/harshit/erc-ros-assignment/build/turtlebot3_teleop/prefix_override:/usr/lib/python3/dist-packages/colcon_core/task/python/colcon_distutils_commands:/home/harshit/erc-ros-assignment/install/turtlebot3_teleop/lib/python3.10/site-packages:${PYTHONPATH} /usr/bin/python3 -W ignore:setup.py install is deprecated -W ignore:easy_install command is deprecated setup.py develop --editable --build-directory /home/harshit/erc-ros-assignment/build/turtlebot3_teleop/build --no-deps symlink_data
