[0.028s] Invoking command in '/home/harshit/erc-ros-assignment/build/turtlebot3_node': AMENT_PREFIX_PATH=/home/harshit/erc-ros-assignment/install/turtlebot3_msgs:/home/harshit/erc-ros-assignment/install/dynamixel_sdk:${AMENT_PREFIX_PATH} CMAKE_PREFIX_PATH=/home/harshit/erc-ros-assignment/install/turtlebot3_msgs:/home/harshit/erc-ros-assignment/install/dynamixel_sdk:/home/harshit/mrt_ws/install/aruco_detection_interfaces:/home/harshit/mrt_ws/install/week1_tutorials:/home/harshit/mrt_ws/install/week0_tutorials:/home/harshit/mrt_ws/install/sauron:/home/harshit/mrt_ws/install/odom_tf_publisher:/home/harshit/mrt_ws/install/mrs_hudson:/home/harshit/mrt_ws/install/assgn:/home/harshit/mrt_ws/install/aruco_detection:/home/harshit/urdf_rviz/install/urdf_testing:/home/harshit/urdf_rviz/install/robot_car:/opt/ros/humble LD_LIBRARY_PATH=/home/harshit/erc-ros-assignment/install/turtlebot3_msgs/lib:/home/harshit/erc-ros-assignment/install/dynamixel_sdk/lib:${LD_LIBRARY_PATH} PYTHONPATH=/home/harshit/erc-ros-assignment/install/turtlebot3_msgs/local/lib/python3.10/dist-packages:/home/harshit/erc-ros-assignment/install/dynamixel_sdk/local/lib/python3.10/dist-packages:${PYTHONPATH} /usr/bin/cmake /home/harshit/erc-ros-assignment/src/turtlebot3/turtlebot3_node -DAMENT_CMAKE_SYMLINK_INSTALL=1 -DCMAKE_INSTALL_PREFIX=/home/harshit/erc-ros-assignment/install/turtlebot3_node
[0.035s] [0mCMake Deprecation Warning at CMakeLists.txt:4 (cmake_minimum_required):
[0.036s]   Compatibility with CMake < 3.10 will be removed from a future version of
[0.036s]   CMake.
[0.036s] 
[0.036s]   Update the VERSION argument <min> value.  Or, use the <min>...<max> syntax
[0.036s]   to tell CMake that the project requires at least <min> but has been updated
[0.037s]   to work with policies introduced by <max> or earlier.
[0.037s] 
[0.037s] [0m
[0.126s] -- The C compiler identification is GNU 11.4.0
[0.260s] -- The CXX compiler identification is GNU 11.4.0
[0.277s] -- Detecting C compiler ABI info
[0.394s] -- Detecting C compiler ABI info - done
[0.426s] -- Check for working C compiler: /usr/bin/cc - skipped
[0.427s] -- Detecting C compile features
[0.428s] -- Detecting C compile features - done
[0.452s] -- Detecting CXX compiler ABI info
[0.594s] -- Detecting CXX compiler ABI info - done
[0.632s] -- Check for working CXX compiler: /usr/bin/c++ - skipped
[0.633s] -- Detecting CXX compile features
[0.634s] -- Detecting CXX compile features - done
[0.658s] -- Found ament_cmake: 1.3.11 (/opt/ros/humble/share/ament_cmake/cmake)
[0.996s] -- Found Python3: /usr/bin/python3 (found version "3.10.12") found components: Interpreter
[1.146s] -- Override CMake install command with custom implementation using symlinks instead of copying resources
[1.320s] -- Found dynamixel_sdk: 3.8.3 (/home/harshit/erc-ros-assignment/install/dynamixel_sdk/share/dynamixel_sdk/cmake)
[1.335s] -- Found geometry_msgs: 4.8.0 (/opt/ros/humble/share/geometry_msgs/cmake)
[1.522s] -- Found rosidl_generator_c: 3.1.6 (/opt/ros/humble/share/rosidl_generator_c/cmake)
[1.555s] -- Found rosidl_adapter: 3.1.6 (/opt/ros/humble/share/rosidl_adapter/cmake)
[1.608s] -- Found rosidl_generator_cpp: 3.1.6 (/opt/ros/humble/share/rosidl_generator_cpp/cmake)
[1.675s] -- Using all available rosidl_typesupport_c: rosidl_typesupport_fastrtps_c;rosidl_typesupport_introspection_c
[1.758s] -- Using all available rosidl_typesupport_cpp: rosidl_typesupport_fastrtps_cpp;rosidl_typesupport_introspection_cpp
[1.926s] -- Found message_filters: 4.3.6 (/opt/ros/humble/share/message_filters/cmake)
[2.140s] -- Found rmw_implementation_cmake: 6.1.2 (/opt/ros/humble/share/rmw_implementation_cmake/cmake)
[2.156s] -- Found rmw_fastrtps_cpp: 6.2.7 (/opt/ros/humble/share/rmw_fastrtps_cpp/cmake)
[2.475s] -- Found OpenSSL: /usr/lib/x86_64-linux-gnu/libcrypto.so (found version "3.0.2")
[2.637s] -- Found FastRTPS: /opt/ros/humble/include
[2.908s] -- Using RMW implementation 'rmw_fastrtps_cpp' as default
[2.957s] -- Performing Test CMAKE_HAVE_LIBC_PTHREAD
[3.094s] -- Performing Test CMAKE_HAVE_LIBC_PTHREAD - Success
[3.097s] -- Found Threads: TRUE
[3.267s] -- Found nav_msgs: 4.8.0 (/opt/ros/humble/share/nav_msgs/cmake)
[3.345s] -- Found sensor_msgs: 4.8.0 (/opt/ros/humble/share/sensor_msgs/cmake)
[3.419s] -- Found std_srvs: 4.8.0 (/opt/ros/humble/share/std_srvs/cmake)
[3.463s] -- Found tf2: 0.25.12 (/opt/ros/humble/share/tf2/cmake)
[3.549s] -- Found tf2_ros: 0.25.12 (/opt/ros/humble/share/tf2_ros/cmake)
[3.873s] -- Found turtlebot3_msgs: 2.3.0 (/home/harshit/erc-ros-assignment/install/turtlebot3_msgs/share/turtlebot3_msgs/cmake)
[4.110s] -- Configuring done (4.1s)
[4.163s] -- Generating done (0.1s)
[4.170s] -- Build files have been written to: /home/harshit/erc-ros-assignment/build/turtlebot3_node
[4.193s] Invoked command in '/home/harshit/erc-ros-assignment/build/turtlebot3_node' returned '0': AMENT_PREFIX_PATH=/home/harshit/erc-ros-assignment/install/turtlebot3_msgs:/home/harshit/erc-ros-assignment/install/dynamixel_sdk:${AMENT_PREFIX_PATH} CMAKE_PREFIX_PATH=/home/harshit/erc-ros-assignment/install/turtlebot3_msgs:/home/harshit/erc-ros-assignment/install/dynamixel_sdk:/home/harshit/mrt_ws/install/aruco_detection_interfaces:/home/harshit/mrt_ws/install/week1_tutorials:/home/harshit/mrt_ws/install/week0_tutorials:/home/harshit/mrt_ws/install/sauron:/home/harshit/mrt_ws/install/odom_tf_publisher:/home/harshit/mrt_ws/install/mrs_hudson:/home/harshit/mrt_ws/install/assgn:/home/harshit/mrt_ws/install/aruco_detection:/home/harshit/urdf_rviz/install/urdf_testing:/home/harshit/urdf_rviz/install/robot_car:/opt/ros/humble LD_LIBRARY_PATH=/home/harshit/erc-ros-assignment/install/turtlebot3_msgs/lib:/home/harshit/erc-ros-assignment/install/dynamixel_sdk/lib:${LD_LIBRARY_PATH} PYTHONPATH=/home/harshit/erc-ros-assignment/install/turtlebot3_msgs/local/lib/python3.10/dist-packages:/home/harshit/erc-ros-assignment/install/dynamixel_sdk/local/lib/python3.10/dist-packages:${PYTHONPATH} /usr/bin/cmake /home/harshit/erc-ros-assignment/src/turtlebot3/turtlebot3_node -DAMENT_CMAKE_SYMLINK_INSTALL=1 -DCMAKE_INSTALL_PREFIX=/home/harshit/erc-ros-assignment/install/turtlebot3_node
[4.197s] Invoking command in '/home/harshit/erc-ros-assignment/build/turtlebot3_node': AMENT_PREFIX_PATH=/home/harshit/erc-ros-assignment/install/turtlebot3_msgs:/home/harshit/erc-ros-assignment/install/dynamixel_sdk:${AMENT_PREFIX_PATH} CMAKE_PREFIX_PATH=/home/harshit/erc-ros-assignment/install/turtlebot3_msgs:/home/harshit/erc-ros-assignment/install/dynamixel_sdk:/home/harshit/mrt_ws/install/aruco_detection_interfaces:/home/harshit/mrt_ws/install/week1_tutorials:/home/harshit/mrt_ws/install/week0_tutorials:/home/harshit/mrt_ws/install/sauron:/home/harshit/mrt_ws/install/odom_tf_publisher:/home/harshit/mrt_ws/install/mrs_hudson:/home/harshit/mrt_ws/install/assgn:/home/harshit/mrt_ws/install/aruco_detection:/home/harshit/urdf_rviz/install/urdf_testing:/home/harshit/urdf_rviz/install/robot_car:/opt/ros/humble LD_LIBRARY_PATH=/home/harshit/erc-ros-assignment/install/turtlebot3_msgs/lib:/home/harshit/erc-ros-assignment/install/dynamixel_sdk/lib:${LD_LIBRARY_PATH} PYTHONPATH=/home/harshit/erc-ros-assignment/install/turtlebot3_msgs/local/lib/python3.10/dist-packages:/home/harshit/erc-ros-assignment/install/dynamixel_sdk/local/lib/python3.10/dist-packages:${PYTHONPATH} /usr/bin/cmake --build /home/harshit/erc-ros-assignment/build/turtlebot3_node -- -j8 -l8
[4.258s] [ 21%] [32mBuilding CXX object CMakeFiles/turtlebot3_node_lib.dir/src/diff_drive_controller.cpp.o[0m
[4.258s] [ 21%] [32mBuilding CXX object CMakeFiles/turtlebot3_node_lib.dir/src/devices/reset.cpp.o[0m
[4.258s] [ 28%] [32mBuilding CXX object CMakeFiles/turtlebot3_node_lib.dir/src/odometry.cpp.o[0m
[4.260s] [ 35%] [32mBuilding CXX object CMakeFiles/turtlebot3_node_lib.dir/src/devices/motor_power.cpp.o[0m
[4.260s] [ 35%] [32mBuilding CXX object CMakeFiles/turtlebot3_node_lib.dir/src/devices/sound.cpp.o[0m
[4.266s] [ 42%] [32mBuilding CXX object CMakeFiles/turtlebot3_node_lib.dir/src/dynamixel_sdk_wrapper.cpp.o[0m
[4.267s] [ 50%] [32mBuilding CXX object CMakeFiles/turtlebot3_node_lib.dir/src/turtlebot3.cpp.o[0m
[4.267s] [ 57%] [32mBuilding CXX object CMakeFiles/turtlebot3_node_lib.dir/src/sensors/battery_state.cpp.o[0m
[7.168s] [ 64%] [32mBuilding CXX object CMakeFiles/turtlebot3_node_lib.dir/src/sensors/imu.cpp.o[0m
[18.079s] [ 71%] [32mBuilding CXX object CMakeFiles/turtlebot3_node_lib.dir/src/sensors/joint_state.cpp.o[0m
[20.665s] [ 78%] [32mBuilding CXX object CMakeFiles/turtlebot3_node_lib.dir/src/sensors/sensor_state.cpp.o[0m
[47.440s] [ 85%] [32m[1mLinking CXX static library libturtlebot3_node_lib.a[0m
[48.675s] [ 85%] Built target turtlebot3_node_lib
[48.702s] [ 92%] [32mBuilding CXX object CMakeFiles/turtlebot3_ros.dir/src/node_main.cpp.o[0m
[56.736s] [100%] [32m[1mLinking CXX executable turtlebot3_ros[0m
[61.015s] [100%] Built target turtlebot3_ros
[61.030s] Invoked command in '/home/harshit/erc-ros-assignment/build/turtlebot3_node' returned '0': AMENT_PREFIX_PATH=/home/harshit/erc-ros-assignment/install/turtlebot3_msgs:/home/harshit/erc-ros-assignment/install/dynamixel_sdk:${AMENT_PREFIX_PATH} CMAKE_PREFIX_PATH=/home/harshit/erc-ros-assignment/install/turtlebot3_msgs:/home/harshit/erc-ros-assignment/install/dynamixel_sdk:/home/harshit/mrt_ws/install/aruco_detection_interfaces:/home/harshit/mrt_ws/install/week1_tutorials:/home/harshit/mrt_ws/install/week0_tutorials:/home/harshit/mrt_ws/install/sauron:/home/harshit/mrt_ws/install/odom_tf_publisher:/home/harshit/mrt_ws/install/mrs_hudson:/home/harshit/mrt_ws/install/assgn:/home/harshit/mrt_ws/install/aruco_detection:/home/harshit/urdf_rviz/install/urdf_testing:/home/harshit/urdf_rviz/install/robot_car:/opt/ros/humble LD_LIBRARY_PATH=/home/harshit/erc-ros-assignment/install/turtlebot3_msgs/lib:/home/harshit/erc-ros-assignment/install/dynamixel_sdk/lib:${LD_LIBRARY_PATH} PYTHONPATH=/home/harshit/erc-ros-assignment/install/turtlebot3_msgs/local/lib/python3.10/dist-packages:/home/harshit/erc-ros-assignment/install/dynamixel_sdk/local/lib/python3.10/dist-packages:${PYTHONPATH} /usr/bin/cmake --build /home/harshit/erc-ros-assignment/build/turtlebot3_node -- -j8 -l8
[61.034s] Invoking command in '/home/harshit/erc-ros-assignment/build/turtlebot3_node': AMENT_PREFIX_PATH=/home/harshit/erc-ros-assignment/install/turtlebot3_msgs:/home/harshit/erc-ros-assignment/install/dynamixel_sdk:${AMENT_PREFIX_PATH} CMAKE_PREFIX_PATH=/home/harshit/erc-ros-assignment/install/turtlebot3_msgs:/home/harshit/erc-ros-assignment/install/dynamixel_sdk:/home/harshit/mrt_ws/install/aruco_detection_interfaces:/home/harshit/mrt_ws/install/week1_tutorials:/home/harshit/mrt_ws/install/week0_tutorials:/home/harshit/mrt_ws/install/sauron:/home/harshit/mrt_ws/install/odom_tf_publisher:/home/harshit/mrt_ws/install/mrs_hudson:/home/harshit/mrt_ws/install/assgn:/home/harshit/mrt_ws/install/aruco_detection:/home/harshit/urdf_rviz/install/urdf_testing:/home/harshit/urdf_rviz/install/robot_car:/opt/ros/humble LD_LIBRARY_PATH=/home/harshit/erc-ros-assignment/install/turtlebot3_msgs/lib:/home/harshit/erc-ros-assignment/install/dynamixel_sdk/lib:${LD_LIBRARY_PATH} PYTHONPATH=/home/harshit/erc-ros-assignment/install/turtlebot3_msgs/local/lib/python3.10/dist-packages:/home/harshit/erc-ros-assignment/install/dynamixel_sdk/local/lib/python3.10/dist-packages:${PYTHONPATH} /usr/bin/cmake --install /home/harshit/erc-ros-assignment/build/turtlebot3_node
[61.043s] -- Install configuration: ""
[61.044s] -- Execute custom install script
[61.046s] -- Symlinking: /home/harshit/erc-ros-assignment/install/turtlebot3_node/share/turtlebot3_node/param/burger.yaml
[61.054s] -- Symlinking: /home/harshit/erc-ros-assignment/install/turtlebot3_node/share/turtlebot3_node/param/waffle.yaml
[61.062s] -- Symlinking: /home/harshit/erc-ros-assignment/install/turtlebot3_node/share/turtlebot3_node/param/waffle_pi.yaml
[61.071s] -- Symlinking: /home/harshit/erc-ros-assignment/install/turtlebot3_node/lib/turtlebot3_node/turtlebot3_ros
[61.082s] -- Symlinking: /home/harshit/erc-ros-assignment/install/turtlebot3_node/share/ament_index/resource_index/package_run_dependencies/turtlebot3_node
[61.093s] -- Symlinking: /home/harshit/erc-ros-assignment/install/turtlebot3_node/share/ament_index/resource_index/parent_prefix_path/turtlebot3_node
[61.103s] -- Symlinking: /home/harshit/erc-ros-assignment/install/turtlebot3_node/share/turtlebot3_node/environment/ament_prefix_path.sh
[61.113s] -- Symlinking: /home/harshit/erc-ros-assignment/install/turtlebot3_node/share/turtlebot3_node/environment/ament_prefix_path.dsv
[61.120s] -- Symlinking: /home/harshit/erc-ros-assignment/install/turtlebot3_node/share/turtlebot3_node/environment/path.sh
[61.128s] -- Symlinking: /home/harshit/erc-ros-assignment/install/turtlebot3_node/share/turtlebot3_node/environment/path.dsv
[61.139s] -- Symlinking: /home/harshit/erc-ros-assignment/install/turtlebot3_node/share/turtlebot3_node/local_setup.bash
[61.147s] -- Symlinking: /home/harshit/erc-ros-assignment/install/turtlebot3_node/share/turtlebot3_node/local_setup.sh
[61.156s] -- Symlinking: /home/harshit/erc-ros-assignment/install/turtlebot3_node/share/turtlebot3_node/local_setup.zsh
[61.164s] -- Symlinking: /home/harshit/erc-ros-assignment/install/turtlebot3_node/share/turtlebot3_node/local_setup.dsv
[61.171s] -- Symlinking: /home/harshit/erc-ros-assignment/install/turtlebot3_node/share/turtlebot3_node/package.dsv
[61.180s] -- Symlinking: /home/harshit/erc-ros-assignment/install/turtlebot3_node/share/ament_index/resource_index/packages/turtlebot3_node
[61.187s] -- Symlinking: /home/harshit/erc-ros-assignment/install/turtlebot3_node/share/turtlebot3_node/cmake/ament_cmake_export_include_directories-extras.cmake
[61.196s] -- Symlinking: /home/harshit/erc-ros-assignment/install/turtlebot3_node/share/turtlebot3_node/cmake/turtlebot3_nodeConfig.cmake
[61.205s] -- Symlinking: /home/harshit/erc-ros-assignment/install/turtlebot3_node/share/turtlebot3_node/cmake/turtlebot3_nodeConfig-version.cmake
[61.216s] -- Symlinking: /home/harshit/erc-ros-assignment/install/turtlebot3_node/share/turtlebot3_node/package.xml
[61.227s] Invoked command in '/home/harshit/erc-ros-assignment/build/turtlebot3_node' returned '0': AMENT_PREFIX_PATH=/home/harshit/erc-ros-assignment/install/turtlebot3_msgs:/home/harshit/erc-ros-assignment/install/dynamixel_sdk:${AMENT_PREFIX_PATH} CMAKE_PREFIX_PATH=/home/harshit/erc-ros-assignment/install/turtlebot3_msgs:/home/harshit/erc-ros-assignment/install/dynamixel_sdk:/home/harshit/mrt_ws/install/aruco_detection_interfaces:/home/harshit/mrt_ws/install/week1_tutorials:/home/harshit/mrt_ws/install/week0_tutorials:/home/harshit/mrt_ws/install/sauron:/home/harshit/mrt_ws/install/odom_tf_publisher:/home/harshit/mrt_ws/install/mrs_hudson:/home/harshit/mrt_ws/install/assgn:/home/harshit/mrt_ws/install/aruco_detection:/home/harshit/urdf_rviz/install/urdf_testing:/home/harshit/urdf_rviz/install/robot_car:/opt/ros/humble LD_LIBRARY_PATH=/home/harshit/erc-ros-assignment/install/turtlebot3_msgs/lib:/home/harshit/erc-ros-assignment/install/dynamixel_sdk/lib:${LD_LIBRARY_PATH} PYTHONPATH=/home/harshit/erc-ros-assignment/install/turtlebot3_msgs/local/lib/python3.10/dist-packages:/home/harshit/erc-ros-assignment/install/dynamixel_sdk/local/lib/python3.10/dist-packages:${PYTHONPATH} /usr/bin/cmake --install /home/harshit/erc-ros-assignment/build/turtlebot3_node
